Start testing: May 26 17:27 EEST
----------------------------------------------------------
1/43 Testing: LexerTest.TestNextToken
1/43 Test: LexerTest.TestNextToken
Command: "/home/eemil/dev/c++/lups/build/lups_test" "--gtest_filter=LexerTest.TestNextToken" "--gtest_also_run_disabled_tests"
Directory: /home/eemil/dev/c++/lups/build
"LexerTest.TestNextToken" start time: May 26 17:27 EEST
Output:
----------------------------------------------------------
Running main() from /home/eemil/dev/c++/lups/build/_deps/googletest-src/googletest/src/gtest_main.cc
Note: Google Test filter = LexerTest.TestNextToken
[==========] Running 1 test from 1 test suite.
[----------] Global test environment set-up.
[----------] 1 test from LexerTest
[ RUN      ] LexerTest.TestNextToken
[       OK ] LexerTest.TestNextToken (0 ms)
[----------] 1 test from LexerTest (0 ms total)

[----------] Global test environment tear-down
[==========] 1 test from 1 test suite ran. (0 ms total)
[  PASSED  ] 1 test.
<end of output>
Test time =   0.00 sec
----------------------------------------------------------
Test Passed.
"LexerTest.TestNextToken" end time: May 26 17:27 EEST
"LexerTest.TestNextToken" time elapsed: 00:00:00
----------------------------------------------------------

2/43 Testing: LexerTest.IfStatements
2/43 Test: LexerTest.IfStatements
Command: "/home/eemil/dev/c++/lups/build/lups_test" "--gtest_filter=LexerTest.IfStatements" "--gtest_also_run_disabled_tests"
Directory: /home/eemil/dev/c++/lups/build
"LexerTest.IfStatements" start time: May 26 17:27 EEST
Output:
----------------------------------------------------------
Running main() from /home/eemil/dev/c++/lups/build/_deps/googletest-src/googletest/src/gtest_main.cc
Note: Google Test filter = LexerTest.IfStatements
[==========] Running 1 test from 1 test suite.
[----------] Global test environment set-up.
[----------] 1 test from LexerTest
[ RUN      ] LexerTest.IfStatements
[       OK ] LexerTest.IfStatements (0 ms)
[----------] 1 test from LexerTest (0 ms total)

[----------] Global test environment tear-down
[==========] 1 test from 1 test suite ran. (0 ms total)
[  PASSED  ] 1 test.
<end of output>
Test time =   0.00 sec
----------------------------------------------------------
Test Passed.
"LexerTest.IfStatements" end time: May 26 17:27 EEST
"LexerTest.IfStatements" time elapsed: 00:00:00
----------------------------------------------------------

3/43 Testing: LexerTest.Variables
3/43 Test: LexerTest.Variables
Command: "/home/eemil/dev/c++/lups/build/lups_test" "--gtest_filter=LexerTest.Variables" "--gtest_also_run_disabled_tests"
Directory: /home/eemil/dev/c++/lups/build
"LexerTest.Variables" start time: May 26 17:27 EEST
Output:
----------------------------------------------------------
Running main() from /home/eemil/dev/c++/lups/build/_deps/googletest-src/googletest/src/gtest_main.cc
Note: Google Test filter = LexerTest.Variables
[==========] Running 1 test from 1 test suite.
[----------] Global test environment set-up.
[----------] 1 test from LexerTest
[ RUN      ] LexerTest.Variables
[       OK ] LexerTest.Variables (0 ms)
[----------] 1 test from LexerTest (0 ms total)

[----------] Global test environment tear-down
[==========] 1 test from 1 test suite ran. (0 ms total)
[  PASSED  ] 1 test.
<end of output>
Test time =   0.00 sec
----------------------------------------------------------
Test Passed.
"LexerTest.Variables" end time: May 26 17:27 EEST
"LexerTest.Variables" time elapsed: 00:00:00
----------------------------------------------------------

4/43 Testing: LexerTest.Strings
4/43 Test: LexerTest.Strings
Command: "/home/eemil/dev/c++/lups/build/lups_test" "--gtest_filter=LexerTest.Strings" "--gtest_also_run_disabled_tests"
Directory: /home/eemil/dev/c++/lups/build
"LexerTest.Strings" start time: May 26 17:27 EEST
Output:
----------------------------------------------------------
Running main() from /home/eemil/dev/c++/lups/build/_deps/googletest-src/googletest/src/gtest_main.cc
Note: Google Test filter = LexerTest.Strings
[==========] Running 1 test from 1 test suite.
[----------] Global test environment set-up.
[----------] 1 test from LexerTest
[ RUN      ] LexerTest.Strings
[       OK ] LexerTest.Strings (0 ms)
[----------] 1 test from LexerTest (0 ms total)

[----------] Global test environment tear-down
[==========] 1 test from 1 test suite ran. (0 ms total)
[  PASSED  ] 1 test.
<end of output>
Test time =   0.00 sec
----------------------------------------------------------
Test Passed.
"LexerTest.Strings" end time: May 26 17:27 EEST
"LexerTest.Strings" time elapsed: 00:00:00
----------------------------------------------------------

5/43 Testing: LexerTest.FunctionDeclaration
5/43 Test: LexerTest.FunctionDeclaration
Command: "/home/eemil/dev/c++/lups/build/lups_test" "--gtest_filter=LexerTest.FunctionDeclaration" "--gtest_also_run_disabled_tests"
Directory: /home/eemil/dev/c++/lups/build
"LexerTest.FunctionDeclaration" start time: May 26 17:27 EEST
Output:
----------------------------------------------------------
Running main() from /home/eemil/dev/c++/lups/build/_deps/googletest-src/googletest/src/gtest_main.cc
Note: Google Test filter = LexerTest.FunctionDeclaration
[==========] Running 1 test from 1 test suite.
[----------] Global test environment set-up.
[----------] 1 test from LexerTest
[ RUN      ] LexerTest.FunctionDeclaration
[       OK ] LexerTest.FunctionDeclaration (0 ms)
[----------] 1 test from LexerTest (0 ms total)

[----------] Global test environment tear-down
[==========] 1 test from 1 test suite ran. (0 ms total)
[  PASSED  ] 1 test.
<end of output>
Test time =   0.00 sec
----------------------------------------------------------
Test Passed.
"LexerTest.FunctionDeclaration" end time: May 26 17:27 EEST
"LexerTest.FunctionDeclaration" time elapsed: 00:00:00
----------------------------------------------------------

6/43 Testing: LexerTest.EqualNonEqual
6/43 Test: LexerTest.EqualNonEqual
Command: "/home/eemil/dev/c++/lups/build/lups_test" "--gtest_filter=LexerTest.EqualNonEqual" "--gtest_also_run_disabled_tests"
Directory: /home/eemil/dev/c++/lups/build
"LexerTest.EqualNonEqual" start time: May 26 17:27 EEST
Output:
----------------------------------------------------------
Running main() from /home/eemil/dev/c++/lups/build/_deps/googletest-src/googletest/src/gtest_main.cc
Note: Google Test filter = LexerTest.EqualNonEqual
[==========] Running 1 test from 1 test suite.
[----------] Global test environment set-up.
[----------] 1 test from LexerTest
[ RUN      ] LexerTest.EqualNonEqual
[       OK ] LexerTest.EqualNonEqual (0 ms)
[----------] 1 test from LexerTest (0 ms total)

[----------] Global test environment tear-down
[==========] 1 test from 1 test suite ran. (0 ms total)
[  PASSED  ] 1 test.
<end of output>
Test time =   0.00 sec
----------------------------------------------------------
Test Passed.
"LexerTest.EqualNonEqual" end time: May 26 17:27 EEST
"LexerTest.EqualNonEqual" time elapsed: 00:00:00
----------------------------------------------------------

7/43 Testing: LexerTest.ArrayTest
7/43 Test: LexerTest.ArrayTest
Command: "/home/eemil/dev/c++/lups/build/lups_test" "--gtest_filter=LexerTest.ArrayTest" "--gtest_also_run_disabled_tests"
Directory: /home/eemil/dev/c++/lups/build
"LexerTest.ArrayTest" start time: May 26 17:27 EEST
Output:
----------------------------------------------------------
Running main() from /home/eemil/dev/c++/lups/build/_deps/googletest-src/googletest/src/gtest_main.cc
Note: Google Test filter = LexerTest.ArrayTest
[==========] Running 1 test from 1 test suite.
[----------] Global test environment set-up.
[----------] 1 test from LexerTest
[ RUN      ] LexerTest.ArrayTest
[       OK ] LexerTest.ArrayTest (0 ms)
[----------] 1 test from LexerTest (0 ms total)

[----------] Global test environment tear-down
[==========] 1 test from 1 test suite ran. (0 ms total)
[  PASSED  ] 1 test.
<end of output>
Test time =   0.00 sec
----------------------------------------------------------
Test Passed.
"LexerTest.ArrayTest" end time: May 26 17:27 EEST
"LexerTest.ArrayTest" time elapsed: 00:00:00
----------------------------------------------------------

8/43 Testing: LexerTest.HashTest
8/43 Test: LexerTest.HashTest
Command: "/home/eemil/dev/c++/lups/build/lups_test" "--gtest_filter=LexerTest.HashTest" "--gtest_also_run_disabled_tests"
Directory: /home/eemil/dev/c++/lups/build
"LexerTest.HashTest" start time: May 26 17:27 EEST
Output:
----------------------------------------------------------
Running main() from /home/eemil/dev/c++/lups/build/_deps/googletest-src/googletest/src/gtest_main.cc
Note: Google Test filter = LexerTest.HashTest
[==========] Running 1 test from 1 test suite.
[----------] Global test environment set-up.
[----------] 1 test from LexerTest
[ RUN      ] LexerTest.HashTest
[       OK ] LexerTest.HashTest (0 ms)
[----------] 1 test from LexerTest (0 ms total)

[----------] Global test environment tear-down
[==========] 1 test from 1 test suite ran. (0 ms total)
[  PASSED  ] 1 test.
<end of output>
Test time =   0.00 sec
----------------------------------------------------------
Test Passed.
"LexerTest.HashTest" end time: May 26 17:27 EEST
"LexerTest.HashTest" time elapsed: 00:00:00
----------------------------------------------------------

9/43 Testing: ParserTest.LetStatements
9/43 Test: ParserTest.LetStatements
Command: "/home/eemil/dev/c++/lups/build/lups_test" "--gtest_filter=ParserTest.LetStatements" "--gtest_also_run_disabled_tests"
Directory: /home/eemil/dev/c++/lups/build
"ParserTest.LetStatements" start time: May 26 17:27 EEST
Output:
----------------------------------------------------------
Running main() from /home/eemil/dev/c++/lups/build/_deps/googletest-src/googletest/src/gtest_main.cc
Note: Google Test filter = ParserTest.LetStatements
[==========] Running 1 test from 1 test suite.
[----------] Global test environment set-up.
[----------] 1 test from ParserTest
[ RUN      ] ParserTest.LetStatements
[       OK ] ParserTest.LetStatements (0 ms)
[----------] 1 test from ParserTest (0 ms total)

[----------] Global test environment tear-down
[==========] 1 test from 1 test suite ran. (0 ms total)
[  PASSED  ] 1 test.
<end of output>
Test time =   0.00 sec
----------------------------------------------------------
Test Passed.
"ParserTest.LetStatements" end time: May 26 17:27 EEST
"ParserTest.LetStatements" time elapsed: 00:00:00
----------------------------------------------------------

10/43 Testing: ParserTest.ReturnStatements
10/43 Test: ParserTest.ReturnStatements
Command: "/home/eemil/dev/c++/lups/build/lups_test" "--gtest_filter=ParserTest.ReturnStatements" "--gtest_also_run_disabled_tests"
Directory: /home/eemil/dev/c++/lups/build
"ParserTest.ReturnStatements" start time: May 26 17:27 EEST
Output:
----------------------------------------------------------
Running main() from /home/eemil/dev/c++/lups/build/_deps/googletest-src/googletest/src/gtest_main.cc
Note: Google Test filter = ParserTest.ReturnStatements
[==========] Running 1 test from 1 test suite.
[----------] Global test environment set-up.
[----------] 1 test from ParserTest
[ RUN      ] ParserTest.ReturnStatements
[       OK ] ParserTest.ReturnStatements (0 ms)
[----------] 1 test from ParserTest (0 ms total)

[----------] Global test environment tear-down
[==========] 1 test from 1 test suite ran. (0 ms total)
[  PASSED  ] 1 test.
<end of output>
Test time =   0.00 sec
----------------------------------------------------------
Test Passed.
"ParserTest.ReturnStatements" end time: May 26 17:27 EEST
"ParserTest.ReturnStatements" time elapsed: 00:00:00
----------------------------------------------------------

11/43 Testing: ParserTest.IdentifierExpression
11/43 Test: ParserTest.IdentifierExpression
Command: "/home/eemil/dev/c++/lups/build/lups_test" "--gtest_filter=ParserTest.IdentifierExpression" "--gtest_also_run_disabled_tests"
Directory: /home/eemil/dev/c++/lups/build
"ParserTest.IdentifierExpression" start time: May 26 17:27 EEST
Output:
----------------------------------------------------------
Running main() from /home/eemil/dev/c++/lups/build/_deps/googletest-src/googletest/src/gtest_main.cc
Note: Google Test filter = ParserTest.IdentifierExpression
[==========] Running 1 test from 1 test suite.
[----------] Global test environment set-up.
[----------] 1 test from ParserTest
[ RUN      ] ParserTest.IdentifierExpression
[       OK ] ParserTest.IdentifierExpression (0 ms)
[----------] 1 test from ParserTest (0 ms total)

[----------] Global test environment tear-down
[==========] 1 test from 1 test suite ran. (0 ms total)
[  PASSED  ] 1 test.
<end of output>
Test time =   0.00 sec
----------------------------------------------------------
Test Passed.
"ParserTest.IdentifierExpression" end time: May 26 17:27 EEST
"ParserTest.IdentifierExpression" time elapsed: 00:00:00
----------------------------------------------------------

12/43 Testing: ParserTest.IntegerLiteralExpression
12/43 Test: ParserTest.IntegerLiteralExpression
Command: "/home/eemil/dev/c++/lups/build/lups_test" "--gtest_filter=ParserTest.IntegerLiteralExpression" "--gtest_also_run_disabled_tests"
Directory: /home/eemil/dev/c++/lups/build
"ParserTest.IntegerLiteralExpression" start time: May 26 17:27 EEST
Output:
----------------------------------------------------------
Running main() from /home/eemil/dev/c++/lups/build/_deps/googletest-src/googletest/src/gtest_main.cc
Note: Google Test filter = ParserTest.IntegerLiteralExpression
[==========] Running 1 test from 1 test suite.
[----------] Global test environment set-up.
[----------] 1 test from ParserTest
[ RUN      ] ParserTest.IntegerLiteralExpression
[       OK ] ParserTest.IntegerLiteralExpression (0 ms)
[----------] 1 test from ParserTest (0 ms total)

[----------] Global test environment tear-down
[==========] 1 test from 1 test suite ran. (0 ms total)
[  PASSED  ] 1 test.
<end of output>
Test time =   0.00 sec
----------------------------------------------------------
Test Passed.
"ParserTest.IntegerLiteralExpression" end time: May 26 17:27 EEST
"ParserTest.IntegerLiteralExpression" time elapsed: 00:00:00
----------------------------------------------------------

13/43 Testing: ParserTest.PrefixExpressionTest
13/43 Test: ParserTest.PrefixExpressionTest
Command: "/home/eemil/dev/c++/lups/build/lups_test" "--gtest_filter=ParserTest.PrefixExpressionTest" "--gtest_also_run_disabled_tests"
Directory: /home/eemil/dev/c++/lups/build
"ParserTest.PrefixExpressionTest" start time: May 26 17:27 EEST
Output:
----------------------------------------------------------
Running main() from /home/eemil/dev/c++/lups/build/_deps/googletest-src/googletest/src/gtest_main.cc
Note: Google Test filter = ParserTest.PrefixExpressionTest
[==========] Running 1 test from 1 test suite.
[----------] Global test environment set-up.
[----------] 1 test from ParserTest
[ RUN      ] ParserTest.PrefixExpressionTest
[       OK ] ParserTest.PrefixExpressionTest (0 ms)
[----------] 1 test from ParserTest (0 ms total)

[----------] Global test environment tear-down
[==========] 1 test from 1 test suite ran. (0 ms total)
[  PASSED  ] 1 test.
<end of output>
Test time =   0.00 sec
----------------------------------------------------------
Test Passed.
"ParserTest.PrefixExpressionTest" end time: May 26 17:27 EEST
"ParserTest.PrefixExpressionTest" time elapsed: 00:00:00
----------------------------------------------------------

14/43 Testing: ParserTest.HashLiteralStrings
14/43 Test: ParserTest.HashLiteralStrings
Command: "/home/eemil/dev/c++/lups/build/lups_test" "--gtest_filter=ParserTest.HashLiteralStrings" "--gtest_also_run_disabled_tests"
Directory: /home/eemil/dev/c++/lups/build
"ParserTest.HashLiteralStrings" start time: May 26 17:27 EEST
Output:
----------------------------------------------------------
Running main() from /home/eemil/dev/c++/lups/build/_deps/googletest-src/googletest/src/gtest_main.cc
Note: Google Test filter = ParserTest.HashLiteralStrings
[==========] Running 1 test from 1 test suite.
[----------] Global test environment set-up.
[----------] 1 test from ParserTest
[ RUN      ] ParserTest.HashLiteralStrings
[       OK ] ParserTest.HashLiteralStrings (1 ms)
[----------] 1 test from ParserTest (1 ms total)

[----------] Global test environment tear-down
[==========] 1 test from 1 test suite ran. (1 ms total)
[  PASSED  ] 1 test.
<end of output>
Test time =   0.00 sec
----------------------------------------------------------
Test Passed.
"ParserTest.HashLiteralStrings" end time: May 26 17:27 EEST
"ParserTest.HashLiteralStrings" time elapsed: 00:00:00
----------------------------------------------------------

15/43 Testing: ParserTest.EmptyHashLiteral
15/43 Test: ParserTest.EmptyHashLiteral
Command: "/home/eemil/dev/c++/lups/build/lups_test" "--gtest_filter=ParserTest.EmptyHashLiteral" "--gtest_also_run_disabled_tests"
Directory: /home/eemil/dev/c++/lups/build
"ParserTest.EmptyHashLiteral" start time: May 26 17:27 EEST
Output:
----------------------------------------------------------
Running main() from /home/eemil/dev/c++/lups/build/_deps/googletest-src/googletest/src/gtest_main.cc
Note: Google Test filter = ParserTest.EmptyHashLiteral
[==========] Running 1 test from 1 test suite.
[----------] Global test environment set-up.
[----------] 1 test from ParserTest
[ RUN      ] ParserTest.EmptyHashLiteral
[       OK ] ParserTest.EmptyHashLiteral (0 ms)
[----------] 1 test from ParserTest (0 ms total)

[----------] Global test environment tear-down
[==========] 1 test from 1 test suite ran. (0 ms total)
[  PASSED  ] 1 test.
<end of output>
Test time =   0.00 sec
----------------------------------------------------------
Test Passed.
"ParserTest.EmptyHashLiteral" end time: May 26 17:27 EEST
"ParserTest.EmptyHashLiteral" time elapsed: 00:00:00
----------------------------------------------------------

16/43 Testing: ParserTest.HashLiteralWithExpressions
16/43 Test: ParserTest.HashLiteralWithExpressions
Command: "/home/eemil/dev/c++/lups/build/lups_test" "--gtest_filter=ParserTest.HashLiteralWithExpressions" "--gtest_also_run_disabled_tests"
Directory: /home/eemil/dev/c++/lups/build
"ParserTest.HashLiteralWithExpressions" start time: May 26 17:27 EEST
Output:
----------------------------------------------------------
Running main() from /home/eemil/dev/c++/lups/build/_deps/googletest-src/googletest/src/gtest_main.cc
Note: Google Test filter = ParserTest.HashLiteralWithExpressions
[==========] Running 1 test from 1 test suite.
[----------] Global test environment set-up.
[----------] 1 test from ParserTest
[ RUN      ] ParserTest.HashLiteralWithExpressions
[       OK ] ParserTest.HashLiteralWithExpressions (0 ms)
[----------] 1 test from ParserTest (0 ms total)

[----------] Global test environment tear-down
[==========] 1 test from 1 test suite ran. (0 ms total)
[  PASSED  ] 1 test.
<end of output>
Test time =   0.00 sec
----------------------------------------------------------
Test Passed.
"ParserTest.HashLiteralWithExpressions" end time: May 26 17:27 EEST
"ParserTest.HashLiteralWithExpressions" time elapsed: 00:00:00
----------------------------------------------------------

17/43 Testing: ParserTest.InfixExpressionTest
17/43 Test: ParserTest.InfixExpressionTest
Command: "/home/eemil/dev/c++/lups/build/lups_test" "--gtest_filter=ParserTest.InfixExpressionTest" "--gtest_also_run_disabled_tests"
Directory: /home/eemil/dev/c++/lups/build
"ParserTest.InfixExpressionTest" start time: May 26 17:27 EEST
Output:
----------------------------------------------------------
Running main() from /home/eemil/dev/c++/lups/build/_deps/googletest-src/googletest/src/gtest_main.cc
Note: Google Test filter = ParserTest.InfixExpressionTest
[==========] Running 1 test from 1 test suite.
[----------] Global test environment set-up.
[----------] 1 test from ParserTest
[ RUN      ] ParserTest.InfixExpressionTest
[       OK ] ParserTest.InfixExpressionTest (0 ms)
[----------] 1 test from ParserTest (0 ms total)

[----------] Global test environment tear-down
[==========] 1 test from 1 test suite ran. (0 ms total)
[  PASSED  ] 1 test.
<end of output>
Test time =   0.00 sec
----------------------------------------------------------
Test Passed.
"ParserTest.InfixExpressionTest" end time: May 26 17:27 EEST
"ParserTest.InfixExpressionTest" time elapsed: 00:00:00
----------------------------------------------------------

18/43 Testing: ParserTest.BooleanInfixExpression
18/43 Test: ParserTest.BooleanInfixExpression
Command: "/home/eemil/dev/c++/lups/build/lups_test" "--gtest_filter=ParserTest.BooleanInfixExpression" "--gtest_also_run_disabled_tests"
Directory: /home/eemil/dev/c++/lups/build
"ParserTest.BooleanInfixExpression" start time: May 26 17:27 EEST
Output:
----------------------------------------------------------
Running main() from /home/eemil/dev/c++/lups/build/_deps/googletest-src/googletest/src/gtest_main.cc
Note: Google Test filter = ParserTest.BooleanInfixExpression
[==========] Running 1 test from 1 test suite.
[----------] Global test environment set-up.
[----------] 1 test from ParserTest
[ RUN      ] ParserTest.BooleanInfixExpression
[       OK ] ParserTest.BooleanInfixExpression (0 ms)
[----------] 1 test from ParserTest (0 ms total)

[----------] Global test environment tear-down
[==========] 1 test from 1 test suite ran. (0 ms total)
[  PASSED  ] 1 test.
<end of output>
Test time =   0.00 sec
----------------------------------------------------------
Test Passed.
"ParserTest.BooleanInfixExpression" end time: May 26 17:27 EEST
"ParserTest.BooleanInfixExpression" time elapsed: 00:00:00
----------------------------------------------------------

19/43 Testing: ParserTest.OperatorPrecedenceParsing
19/43 Test: ParserTest.OperatorPrecedenceParsing
Command: "/home/eemil/dev/c++/lups/build/lups_test" "--gtest_filter=ParserTest.OperatorPrecedenceParsing" "--gtest_also_run_disabled_tests"
Directory: /home/eemil/dev/c++/lups/build
"ParserTest.OperatorPrecedenceParsing" start time: May 26 17:27 EEST
Output:
----------------------------------------------------------
Running main() from /home/eemil/dev/c++/lups/build/_deps/googletest-src/googletest/src/gtest_main.cc
Note: Google Test filter = ParserTest.OperatorPrecedenceParsing
[==========] Running 1 test from 1 test suite.
[----------] Global test environment set-up.
[----------] 1 test from ParserTest
[ RUN      ] ParserTest.OperatorPrecedenceParsing
[       OK ] ParserTest.OperatorPrecedenceParsing (1 ms)
[----------] 1 test from ParserTest (1 ms total)

[----------] Global test environment tear-down
[==========] 1 test from 1 test suite ran. (1 ms total)
[  PASSED  ] 1 test.
<end of output>
Test time =   0.00 sec
----------------------------------------------------------
Test Passed.
"ParserTest.OperatorPrecedenceParsing" end time: May 26 17:27 EEST
"ParserTest.OperatorPrecedenceParsing" time elapsed: 00:00:00
----------------------------------------------------------

20/43 Testing: ParserTest.IfExpressionTest
20/43 Test: ParserTest.IfExpressionTest
Command: "/home/eemil/dev/c++/lups/build/lups_test" "--gtest_filter=ParserTest.IfExpressionTest" "--gtest_also_run_disabled_tests"
Directory: /home/eemil/dev/c++/lups/build
"ParserTest.IfExpressionTest" start time: May 26 17:27 EEST
Output:
----------------------------------------------------------
Running main() from /home/eemil/dev/c++/lups/build/_deps/googletest-src/googletest/src/gtest_main.cc
Note: Google Test filter = ParserTest.IfExpressionTest
[==========] Running 1 test from 1 test suite.
[----------] Global test environment set-up.
[----------] 1 test from ParserTest
[ RUN      ] ParserTest.IfExpressionTest
[       OK ] ParserTest.IfExpressionTest (0 ms)
[----------] 1 test from ParserTest (0 ms total)

[----------] Global test environment tear-down
[==========] 1 test from 1 test suite ran. (0 ms total)
[  PASSED  ] 1 test.
<end of output>
Test time =   0.00 sec
----------------------------------------------------------
Test Passed.
"ParserTest.IfExpressionTest" end time: May 26 17:27 EEST
"ParserTest.IfExpressionTest" time elapsed: 00:00:00
----------------------------------------------------------

21/43 Testing: ParserTest.FunctionLiteralParsing
21/43 Test: ParserTest.FunctionLiteralParsing
Command: "/home/eemil/dev/c++/lups/build/lups_test" "--gtest_filter=ParserTest.FunctionLiteralParsing" "--gtest_also_run_disabled_tests"
Directory: /home/eemil/dev/c++/lups/build
"ParserTest.FunctionLiteralParsing" start time: May 26 17:27 EEST
Output:
----------------------------------------------------------
Running main() from /home/eemil/dev/c++/lups/build/_deps/googletest-src/googletest/src/gtest_main.cc
Note: Google Test filter = ParserTest.FunctionLiteralParsing
[==========] Running 1 test from 1 test suite.
[----------] Global test environment set-up.
[----------] 1 test from ParserTest
[ RUN      ] ParserTest.FunctionLiteralParsing
[       OK ] ParserTest.FunctionLiteralParsing (0 ms)
[----------] 1 test from ParserTest (0 ms total)

[----------] Global test environment tear-down
[==========] 1 test from 1 test suite ran. (0 ms total)
[  PASSED  ] 1 test.
<end of output>
Test time =   0.00 sec
----------------------------------------------------------
Test Passed.
"ParserTest.FunctionLiteralParsing" end time: May 26 17:27 EEST
"ParserTest.FunctionLiteralParsing" time elapsed: 00:00:00
----------------------------------------------------------

22/43 Testing: ParserTest.FunctionParameterTest
22/43 Test: ParserTest.FunctionParameterTest
Command: "/home/eemil/dev/c++/lups/build/lups_test" "--gtest_filter=ParserTest.FunctionParameterTest" "--gtest_also_run_disabled_tests"
Directory: /home/eemil/dev/c++/lups/build
"ParserTest.FunctionParameterTest" start time: May 26 17:27 EEST
Output:
----------------------------------------------------------
Running main() from /home/eemil/dev/c++/lups/build/_deps/googletest-src/googletest/src/gtest_main.cc
Note: Google Test filter = ParserTest.FunctionParameterTest
[==========] Running 1 test from 1 test suite.
[----------] Global test environment set-up.
[----------] 1 test from ParserTest
[ RUN      ] ParserTest.FunctionParameterTest
[       OK ] ParserTest.FunctionParameterTest (0 ms)
[----------] 1 test from ParserTest (0 ms total)

[----------] Global test environment tear-down
[==========] 1 test from 1 test suite ran. (0 ms total)
[  PASSED  ] 1 test.
<end of output>
Test time =   0.00 sec
----------------------------------------------------------
Test Passed.
"ParserTest.FunctionParameterTest" end time: May 26 17:27 EEST
"ParserTest.FunctionParameterTest" time elapsed: 00:00:00
----------------------------------------------------------

23/43 Testing: ParserTest.CallExpressionParsing
23/43 Test: ParserTest.CallExpressionParsing
Command: "/home/eemil/dev/c++/lups/build/lups_test" "--gtest_filter=ParserTest.CallExpressionParsing" "--gtest_also_run_disabled_tests"
Directory: /home/eemil/dev/c++/lups/build
"ParserTest.CallExpressionParsing" start time: May 26 17:27 EEST
Output:
----------------------------------------------------------
Running main() from /home/eemil/dev/c++/lups/build/_deps/googletest-src/googletest/src/gtest_main.cc
Note: Google Test filter = ParserTest.CallExpressionParsing
[==========] Running 1 test from 1 test suite.
[----------] Global test environment set-up.
[----------] 1 test from ParserTest
[ RUN      ] ParserTest.CallExpressionParsing
[       OK ] ParserTest.CallExpressionParsing (0 ms)
[----------] 1 test from ParserTest (0 ms total)

[----------] Global test environment tear-down
[==========] 1 test from 1 test suite ran. (0 ms total)
[  PASSED  ] 1 test.
<end of output>
Test time =   0.00 sec
----------------------------------------------------------
Test Passed.
"ParserTest.CallExpressionParsing" end time: May 26 17:27 EEST
"ParserTest.CallExpressionParsing" time elapsed: 00:00:00
----------------------------------------------------------

24/43 Testing: ParserTest.StringLiteralTest
24/43 Test: ParserTest.StringLiteralTest
Command: "/home/eemil/dev/c++/lups/build/lups_test" "--gtest_filter=ParserTest.StringLiteralTest" "--gtest_also_run_disabled_tests"
Directory: /home/eemil/dev/c++/lups/build
"ParserTest.StringLiteralTest" start time: May 26 17:27 EEST
Output:
----------------------------------------------------------
Running main() from /home/eemil/dev/c++/lups/build/_deps/googletest-src/googletest/src/gtest_main.cc
Note: Google Test filter = ParserTest.StringLiteralTest
[==========] Running 1 test from 1 test suite.
[----------] Global test environment set-up.
[----------] 1 test from ParserTest
[ RUN      ] ParserTest.StringLiteralTest
[       OK ] ParserTest.StringLiteralTest (0 ms)
[----------] 1 test from ParserTest (0 ms total)

[----------] Global test environment tear-down
[==========] 1 test from 1 test suite ran. (0 ms total)
[  PASSED  ] 1 test.
<end of output>
Test time =   0.00 sec
----------------------------------------------------------
Test Passed.
"ParserTest.StringLiteralTest" end time: May 26 17:27 EEST
"ParserTest.StringLiteralTest" time elapsed: 00:00:00
----------------------------------------------------------

25/43 Testing: ParserTest.ArrayLiteralParsing
25/43 Test: ParserTest.ArrayLiteralParsing
Command: "/home/eemil/dev/c++/lups/build/lups_test" "--gtest_filter=ParserTest.ArrayLiteralParsing" "--gtest_also_run_disabled_tests"
Directory: /home/eemil/dev/c++/lups/build
"ParserTest.ArrayLiteralParsing" start time: May 26 17:27 EEST
Output:
----------------------------------------------------------
Running main() from /home/eemil/dev/c++/lups/build/_deps/googletest-src/googletest/src/gtest_main.cc
Note: Google Test filter = ParserTest.ArrayLiteralParsing
[==========] Running 1 test from 1 test suite.
[----------] Global test environment set-up.
[----------] 1 test from ParserTest
[ RUN      ] ParserTest.ArrayLiteralParsing
[       OK ] ParserTest.ArrayLiteralParsing (0 ms)
[----------] 1 test from ParserTest (0 ms total)

[----------] Global test environment tear-down
[==========] 1 test from 1 test suite ran. (0 ms total)
[  PASSED  ] 1 test.
<end of output>
Test time =   0.00 sec
----------------------------------------------------------
Test Passed.
"ParserTest.ArrayLiteralParsing" end time: May 26 17:27 EEST
"ParserTest.ArrayLiteralParsing" time elapsed: 00:00:00
----------------------------------------------------------

26/43 Testing: ParserTest.IndexExpression
26/43 Test: ParserTest.IndexExpression
Command: "/home/eemil/dev/c++/lups/build/lups_test" "--gtest_filter=ParserTest.IndexExpression" "--gtest_also_run_disabled_tests"
Directory: /home/eemil/dev/c++/lups/build
"ParserTest.IndexExpression" start time: May 26 17:27 EEST
Output:
----------------------------------------------------------
Running main() from /home/eemil/dev/c++/lups/build/_deps/googletest-src/googletest/src/gtest_main.cc
Note: Google Test filter = ParserTest.IndexExpression
[==========] Running 1 test from 1 test suite.
[----------] Global test environment set-up.
[----------] 1 test from ParserTest
[ RUN      ] ParserTest.IndexExpression
[       OK ] ParserTest.IndexExpression (0 ms)
[----------] 1 test from ParserTest (0 ms total)

[----------] Global test environment tear-down
[==========] 1 test from 1 test suite ran. (0 ms total)
[  PASSED  ] 1 test.
<end of output>
Test time =   0.00 sec
----------------------------------------------------------
Test Passed.
"ParserTest.IndexExpression" end time: May 26 17:27 EEST
"ParserTest.IndexExpression" time elapsed: 00:00:00
----------------------------------------------------------

27/43 Testing: ParsetTest.BooleanPrefixExpressionTest
27/43 Test: ParsetTest.BooleanPrefixExpressionTest
Command: "/home/eemil/dev/c++/lups/build/lups_test" "--gtest_filter=ParsetTest.BooleanPrefixExpressionTest" "--gtest_also_run_disabled_tests"
Directory: /home/eemil/dev/c++/lups/build
"ParsetTest.BooleanPrefixExpressionTest" start time: May 26 17:27 EEST
Output:
----------------------------------------------------------
Running main() from /home/eemil/dev/c++/lups/build/_deps/googletest-src/googletest/src/gtest_main.cc
Note: Google Test filter = ParsetTest.BooleanPrefixExpressionTest
[==========] Running 1 test from 1 test suite.
[----------] Global test environment set-up.
[----------] 1 test from ParsetTest
[ RUN      ] ParsetTest.BooleanPrefixExpressionTest
[       OK ] ParsetTest.BooleanPrefixExpressionTest (1 ms)
[----------] 1 test from ParsetTest (1 ms total)

[----------] Global test environment tear-down
[==========] 1 test from 1 test suite ran. (1 ms total)
[  PASSED  ] 1 test.
<end of output>
Test time =   0.00 sec
----------------------------------------------------------
Test Passed.
"ParsetTest.BooleanPrefixExpressionTest" end time: May 26 17:27 EEST
"ParsetTest.BooleanPrefixExpressionTest" time elapsed: 00:00:00
----------------------------------------------------------

28/43 Testing: EvalTest.IntegerExpressions
28/43 Test: EvalTest.IntegerExpressions
Command: "/home/eemil/dev/c++/lups/build/lups_test" "--gtest_filter=EvalTest.IntegerExpressions" "--gtest_also_run_disabled_tests"
Directory: /home/eemil/dev/c++/lups/build
"EvalTest.IntegerExpressions" start time: May 26 17:27 EEST
Output:
----------------------------------------------------------
Running main() from /home/eemil/dev/c++/lups/build/_deps/googletest-src/googletest/src/gtest_main.cc
Note: Google Test filter = EvalTest.IntegerExpressions
[==========] Running 1 test from 1 test suite.
[----------] Global test environment set-up.
[----------] 1 test from EvalTest
[ RUN      ] EvalTest.IntegerExpressions
[       OK ] EvalTest.IntegerExpressions (1 ms)
[----------] 1 test from EvalTest (1 ms total)

[----------] Global test environment tear-down
[==========] 1 test from 1 test suite ran. (1 ms total)
[  PASSED  ] 1 test.
<end of output>
Test time =   0.00 sec
----------------------------------------------------------
Test Passed.
"EvalTest.IntegerExpressions" end time: May 26 17:27 EEST
"EvalTest.IntegerExpressions" time elapsed: 00:00:00
----------------------------------------------------------

29/43 Testing: EvalTest.BooleanExpression
29/43 Test: EvalTest.BooleanExpression
Command: "/home/eemil/dev/c++/lups/build/lups_test" "--gtest_filter=EvalTest.BooleanExpression" "--gtest_also_run_disabled_tests"
Directory: /home/eemil/dev/c++/lups/build
"EvalTest.BooleanExpression" start time: May 26 17:27 EEST
Output:
----------------------------------------------------------
Running main() from /home/eemil/dev/c++/lups/build/_deps/googletest-src/googletest/src/gtest_main.cc
Note: Google Test filter = EvalTest.BooleanExpression
[==========] Running 1 test from 1 test suite.
[----------] Global test environment set-up.
[----------] 1 test from EvalTest
[ RUN      ] EvalTest.BooleanExpression
[       OK ] EvalTest.BooleanExpression (0 ms)
[----------] 1 test from EvalTest (0 ms total)

[----------] Global test environment tear-down
[==========] 1 test from 1 test suite ran. (0 ms total)
[  PASSED  ] 1 test.
<end of output>
Test time =   0.00 sec
----------------------------------------------------------
Test Passed.
"EvalTest.BooleanExpression" end time: May 26 17:27 EEST
"EvalTest.BooleanExpression" time elapsed: 00:00:00
----------------------------------------------------------

30/43 Testing: EvalTest.PrefixExpressionTest
30/43 Test: EvalTest.PrefixExpressionTest
Command: "/home/eemil/dev/c++/lups/build/lups_test" "--gtest_filter=EvalTest.PrefixExpressionTest" "--gtest_also_run_disabled_tests"
Directory: /home/eemil/dev/c++/lups/build
"EvalTest.PrefixExpressionTest" start time: May 26 17:27 EEST
Output:
----------------------------------------------------------
Running main() from /home/eemil/dev/c++/lups/build/_deps/googletest-src/googletest/src/gtest_main.cc
Note: Google Test filter = EvalTest.PrefixExpressionTest
[==========] Running 1 test from 1 test suite.
[----------] Global test environment set-up.
[----------] 1 test from EvalTest
[ RUN      ] EvalTest.PrefixExpressionTest
[       OK ] EvalTest.PrefixExpressionTest (0 ms)
[----------] 1 test from EvalTest (0 ms total)

[----------] Global test environment tear-down
[==========] 1 test from 1 test suite ran. (0 ms total)
[  PASSED  ] 1 test.
<end of output>
Test time =   0.00 sec
----------------------------------------------------------
Test Passed.
"EvalTest.PrefixExpressionTest" end time: May 26 17:27 EEST
"EvalTest.PrefixExpressionTest" time elapsed: 00:00:00
----------------------------------------------------------

31/43 Testing: EvalTest.IfElseTest
31/43 Test: EvalTest.IfElseTest
Command: "/home/eemil/dev/c++/lups/build/lups_test" "--gtest_filter=EvalTest.IfElseTest" "--gtest_also_run_disabled_tests"
Directory: /home/eemil/dev/c++/lups/build
"EvalTest.IfElseTest" start time: May 26 17:27 EEST
Output:
----------------------------------------------------------
Running main() from /home/eemil/dev/c++/lups/build/_deps/googletest-src/googletest/src/gtest_main.cc
Note: Google Test filter = EvalTest.IfElseTest
[==========] Running 1 test from 1 test suite.
[----------] Global test environment set-up.
[----------] 1 test from EvalTest
[ RUN      ] EvalTest.IfElseTest
[       OK ] EvalTest.IfElseTest (0 ms)
[----------] 1 test from EvalTest (0 ms total)

[----------] Global test environment tear-down
[==========] 1 test from 1 test suite ran. (0 ms total)
[  PASSED  ] 1 test.
<end of output>
Test time =   0.00 sec
----------------------------------------------------------
Test Passed.
"EvalTest.IfElseTest" end time: May 26 17:27 EEST
"EvalTest.IfElseTest" time elapsed: 00:00:00
----------------------------------------------------------

32/43 Testing: EvalTest.ReturnTest
32/43 Test: EvalTest.ReturnTest
Command: "/home/eemil/dev/c++/lups/build/lups_test" "--gtest_filter=EvalTest.ReturnTest" "--gtest_also_run_disabled_tests"
Directory: /home/eemil/dev/c++/lups/build
"EvalTest.ReturnTest" start time: May 26 17:27 EEST
Output:
----------------------------------------------------------
Running main() from /home/eemil/dev/c++/lups/build/_deps/googletest-src/googletest/src/gtest_main.cc
Note: Google Test filter = EvalTest.ReturnTest
[==========] Running 1 test from 1 test suite.
[----------] Global test environment set-up.
[----------] 1 test from EvalTest
[ RUN      ] EvalTest.ReturnTest
[       OK ] EvalTest.ReturnTest (0 ms)
[----------] 1 test from EvalTest (0 ms total)

[----------] Global test environment tear-down
[==========] 1 test from 1 test suite ran. (0 ms total)
[  PASSED  ] 1 test.
<end of output>
Test time =   0.00 sec
----------------------------------------------------------
Test Passed.
"EvalTest.ReturnTest" end time: May 26 17:27 EEST
"EvalTest.ReturnTest" time elapsed: 00:00:00
----------------------------------------------------------

33/43 Testing: EvalTest.ReturnComplex
33/43 Test: EvalTest.ReturnComplex
Command: "/home/eemil/dev/c++/lups/build/lups_test" "--gtest_filter=EvalTest.ReturnComplex" "--gtest_also_run_disabled_tests"
Directory: /home/eemil/dev/c++/lups/build
"EvalTest.ReturnComplex" start time: May 26 17:27 EEST
Output:
----------------------------------------------------------
Running main() from /home/eemil/dev/c++/lups/build/_deps/googletest-src/googletest/src/gtest_main.cc
Note: Google Test filter = EvalTest.ReturnComplex
[==========] Running 1 test from 1 test suite.
[----------] Global test environment set-up.
[----------] 1 test from EvalTest
[ RUN      ] EvalTest.ReturnComplex
[       OK ] EvalTest.ReturnComplex (0 ms)
[----------] 1 test from EvalTest (0 ms total)

[----------] Global test environment tear-down
[==========] 1 test from 1 test suite ran. (1 ms total)
[  PASSED  ] 1 test.
<end of output>
Test time =   0.00 sec
----------------------------------------------------------
Test Passed.
"EvalTest.ReturnComplex" end time: May 26 17:27 EEST
"EvalTest.ReturnComplex" time elapsed: 00:00:00
----------------------------------------------------------

34/43 Testing: EvalTest.ErrorHandling
34/43 Test: EvalTest.ErrorHandling
Command: "/home/eemil/dev/c++/lups/build/lups_test" "--gtest_filter=EvalTest.ErrorHandling" "--gtest_also_run_disabled_tests"
Directory: /home/eemil/dev/c++/lups/build
"EvalTest.ErrorHandling" start time: May 26 17:27 EEST
Output:
----------------------------------------------------------
Running main() from /home/eemil/dev/c++/lups/build/_deps/googletest-src/googletest/src/gtest_main.cc
Note: Google Test filter = EvalTest.ErrorHandling
[==========] Running 1 test from 1 test suite.
[----------] Global test environment set-up.
[----------] 1 test from EvalTest
[ RUN      ] EvalTest.ErrorHandling
[       OK ] EvalTest.ErrorHandling (1 ms)
[----------] 1 test from EvalTest (1 ms total)

[----------] Global test environment tear-down
[==========] 1 test from 1 test suite ran. (1 ms total)
[  PASSED  ] 1 test.
<end of output>
Test time =   0.00 sec
----------------------------------------------------------
Test Passed.
"EvalTest.ErrorHandling" end time: May 26 17:27 EEST
"EvalTest.ErrorHandling" time elapsed: 00:00:00
----------------------------------------------------------

35/43 Testing: EvalTest.LetStatements
35/43 Test: EvalTest.LetStatements
Command: "/home/eemil/dev/c++/lups/build/lups_test" "--gtest_filter=EvalTest.LetStatements" "--gtest_also_run_disabled_tests"
Directory: /home/eemil/dev/c++/lups/build
"EvalTest.LetStatements" start time: May 26 17:27 EEST
Output:
----------------------------------------------------------
Running main() from /home/eemil/dev/c++/lups/build/_deps/googletest-src/googletest/src/gtest_main.cc
Note: Google Test filter = EvalTest.LetStatements
[==========] Running 1 test from 1 test suite.
[----------] Global test environment set-up.
[----------] 1 test from EvalTest
[ RUN      ] EvalTest.LetStatements
[       OK ] EvalTest.LetStatements (0 ms)
[----------] 1 test from EvalTest (0 ms total)

[----------] Global test environment tear-down
[==========] 1 test from 1 test suite ran. (1 ms total)
[  PASSED  ] 1 test.
<end of output>
Test time =   0.00 sec
----------------------------------------------------------
Test Passed.
"EvalTest.LetStatements" end time: May 26 17:27 EEST
"EvalTest.LetStatements" time elapsed: 00:00:00
----------------------------------------------------------

36/43 Testing: EvalTest.FunctionObject
36/43 Test: EvalTest.FunctionObject
Command: "/home/eemil/dev/c++/lups/build/lups_test" "--gtest_filter=EvalTest.FunctionObject" "--gtest_also_run_disabled_tests"
Directory: /home/eemil/dev/c++/lups/build
"EvalTest.FunctionObject" start time: May 26 17:27 EEST
Output:
----------------------------------------------------------
Running main() from /home/eemil/dev/c++/lups/build/_deps/googletest-src/googletest/src/gtest_main.cc
Note: Google Test filter = EvalTest.FunctionObject
[==========] Running 1 test from 1 test suite.
[----------] Global test environment set-up.
[----------] 1 test from EvalTest
[ RUN      ] EvalTest.FunctionObject
[       OK ] EvalTest.FunctionObject (0 ms)
[----------] 1 test from EvalTest (0 ms total)

[----------] Global test environment tear-down
[==========] 1 test from 1 test suite ran. (1 ms total)
[  PASSED  ] 1 test.
<end of output>
Test time =   0.00 sec
----------------------------------------------------------
Test Passed.
"EvalTest.FunctionObject" end time: May 26 17:27 EEST
"EvalTest.FunctionObject" time elapsed: 00:00:00
----------------------------------------------------------

37/43 Testing: EvalTest.FunctionUsage
37/43 Test: EvalTest.FunctionUsage
Command: "/home/eemil/dev/c++/lups/build/lups_test" "--gtest_filter=EvalTest.FunctionUsage" "--gtest_also_run_disabled_tests"
Directory: /home/eemil/dev/c++/lups/build
"EvalTest.FunctionUsage" start time: May 26 17:27 EEST
Output:
----------------------------------------------------------
Running main() from /home/eemil/dev/c++/lups/build/_deps/googletest-src/googletest/src/gtest_main.cc
Note: Google Test filter = EvalTest.FunctionUsage
[==========] Running 1 test from 1 test suite.
[----------] Global test environment set-up.
[----------] 1 test from EvalTest
[ RUN      ] EvalTest.FunctionUsage
[       OK ] EvalTest.FunctionUsage (1 ms)
[----------] 1 test from EvalTest (1 ms total)

[----------] Global test environment tear-down
[==========] 1 test from 1 test suite ran. (1 ms total)
[  PASSED  ] 1 test.
<end of output>
Test time =   0.00 sec
----------------------------------------------------------
Test Passed.
"EvalTest.FunctionUsage" end time: May 26 17:27 EEST
"EvalTest.FunctionUsage" time elapsed: 00:00:00
----------------------------------------------------------

38/43 Testing: EvalTest.StringLiteralTest
38/43 Test: EvalTest.StringLiteralTest
Command: "/home/eemil/dev/c++/lups/build/lups_test" "--gtest_filter=EvalTest.StringLiteralTest" "--gtest_also_run_disabled_tests"
Directory: /home/eemil/dev/c++/lups/build
"EvalTest.StringLiteralTest" start time: May 26 17:27 EEST
Output:
----------------------------------------------------------
Running main() from /home/eemil/dev/c++/lups/build/_deps/googletest-src/googletest/src/gtest_main.cc
Note: Google Test filter = EvalTest.StringLiteralTest
[==========] Running 1 test from 1 test suite.
[----------] Global test environment set-up.
[----------] 1 test from EvalTest
[ RUN      ] EvalTest.StringLiteralTest
[       OK ] EvalTest.StringLiteralTest (0 ms)
[----------] 1 test from EvalTest (0 ms total)

[----------] Global test environment tear-down
[==========] 1 test from 1 test suite ran. (0 ms total)
[  PASSED  ] 1 test.
<end of output>
Test time =   0.00 sec
----------------------------------------------------------
Test Passed.
"EvalTest.StringLiteralTest" end time: May 26 17:27 EEST
"EvalTest.StringLiteralTest" time elapsed: 00:00:00
----------------------------------------------------------

39/43 Testing: EvalTest.BuiltInFunction
39/43 Test: EvalTest.BuiltInFunction
Command: "/home/eemil/dev/c++/lups/build/lups_test" "--gtest_filter=EvalTest.BuiltInFunction" "--gtest_also_run_disabled_tests"
Directory: /home/eemil/dev/c++/lups/build
"EvalTest.BuiltInFunction" start time: May 26 17:27 EEST
Output:
----------------------------------------------------------
Running main() from /home/eemil/dev/c++/lups/build/_deps/googletest-src/googletest/src/gtest_main.cc
Note: Google Test filter = EvalTest.BuiltInFunction
[==========] Running 1 test from 1 test suite.
[----------] Global test environment set-up.
[----------] 1 test from EvalTest
[ RUN      ] EvalTest.BuiltInFunction
[       OK ] EvalTest.BuiltInFunction (0 ms)
[----------] 1 test from EvalTest (0 ms total)

[----------] Global test environment tear-down
[==========] 1 test from 1 test suite ran. (0 ms total)
[  PASSED  ] 1 test.
<end of output>
Test time =   0.00 sec
----------------------------------------------------------
Test Passed.
"EvalTest.BuiltInFunction" end time: May 26 17:27 EEST
"EvalTest.BuiltInFunction" time elapsed: 00:00:00
----------------------------------------------------------

40/43 Testing: EvalTest.ArrayLiteralEvaluation
40/43 Test: EvalTest.ArrayLiteralEvaluation
Command: "/home/eemil/dev/c++/lups/build/lups_test" "--gtest_filter=EvalTest.ArrayLiteralEvaluation" "--gtest_also_run_disabled_tests"
Directory: /home/eemil/dev/c++/lups/build
"EvalTest.ArrayLiteralEvaluation" start time: May 26 17:27 EEST
Output:
----------------------------------------------------------
Running main() from /home/eemil/dev/c++/lups/build/_deps/googletest-src/googletest/src/gtest_main.cc
Note: Google Test filter = EvalTest.ArrayLiteralEvaluation
[==========] Running 1 test from 1 test suite.
[----------] Global test environment set-up.
[----------] 1 test from EvalTest
[ RUN      ] EvalTest.ArrayLiteralEvaluation
[       OK ] EvalTest.ArrayLiteralEvaluation (0 ms)
[----------] 1 test from EvalTest (0 ms total)

[----------] Global test environment tear-down
[==========] 1 test from 1 test suite ran. (0 ms total)
[  PASSED  ] 1 test.
<end of output>
Test time =   0.00 sec
----------------------------------------------------------
Test Passed.
"EvalTest.ArrayLiteralEvaluation" end time: May 26 17:27 EEST
"EvalTest.ArrayLiteralEvaluation" time elapsed: 00:00:00
----------------------------------------------------------

41/43 Testing: EvalTest.ArrayIndexExpressions
41/43 Test: EvalTest.ArrayIndexExpressions
Command: "/home/eemil/dev/c++/lups/build/lups_test" "--gtest_filter=EvalTest.ArrayIndexExpressions" "--gtest_also_run_disabled_tests"
Directory: /home/eemil/dev/c++/lups/build
"EvalTest.ArrayIndexExpressions" start time: May 26 17:27 EEST
Output:
----------------------------------------------------------
Running main() from /home/eemil/dev/c++/lups/build/_deps/googletest-src/googletest/src/gtest_main.cc
Note: Google Test filter = EvalTest.ArrayIndexExpressions
[==========] Running 1 test from 1 test suite.
[----------] Global test environment set-up.
[----------] 1 test from EvalTest
[ RUN      ] EvalTest.ArrayIndexExpressions
[       OK ] EvalTest.ArrayIndexExpressions (1 ms)
[----------] 1 test from EvalTest (1 ms total)

[----------] Global test environment tear-down
[==========] 1 test from 1 test suite ran. (1 ms total)
[  PASSED  ] 1 test.
<end of output>
Test time =   0.00 sec
----------------------------------------------------------
Test Passed.
"EvalTest.ArrayIndexExpressions" end time: May 26 17:27 EEST
"EvalTest.ArrayIndexExpressions" time elapsed: 00:00:00
----------------------------------------------------------

42/43 Testing: EvalTest.HashEvaluationTest
42/43 Test: EvalTest.HashEvaluationTest
Command: "/home/eemil/dev/c++/lups/build/lups_test" "--gtest_filter=EvalTest.HashEvaluationTest" "--gtest_also_run_disabled_tests"
Directory: /home/eemil/dev/c++/lups/build
"EvalTest.HashEvaluationTest" start time: May 26 17:27 EEST
Output:
----------------------------------------------------------
Running main() from /home/eemil/dev/c++/lups/build/_deps/googletest-src/googletest/src/gtest_main.cc
Note: Google Test filter = EvalTest.HashEvaluationTest
[==========] Running 1 test from 1 test suite.
[----------] Global test environment set-up.
[----------] 1 test from EvalTest
[ RUN      ] EvalTest.HashEvaluationTest
found 6 amount of pairs.
evaluated the key objectevaluated value objectadded value into table
evaluated the key objectevaluated value objectadded value into table
evaluated the key objectevaluated value objectadded value into table
evaluated the key objectevaluated value objectadded value into table
evaluated the key objectevaluated value objectadded value into table
evaluated the key objectevaluated value objectadded value into table
/home/eemil/dev/c++/lups/tests.cpp:1258: Failure
Expected: (pair) != (nullptr), actual: NULL vs (nullptr)
the pair shouldn't be a null pointer
<end of output>
Test time =   0.04 sec
----------------------------------------------------------
Test Failed.
"EvalTest.HashEvaluationTest" end time: May 26 17:27 EEST
"EvalTest.HashEvaluationTest" time elapsed: 00:00:00
----------------------------------------------------------

43/43 Testing: ObjectTest.HashKeyTest
43/43 Test: ObjectTest.HashKeyTest
Command: "/home/eemil/dev/c++/lups/build/lups_test" "--gtest_filter=ObjectTest.HashKeyTest" "--gtest_also_run_disabled_tests"
Directory: /home/eemil/dev/c++/lups/build
"ObjectTest.HashKeyTest" start time: May 26 17:27 EEST
Output:
----------------------------------------------------------
Running main() from /home/eemil/dev/c++/lups/build/_deps/googletest-src/googletest/src/gtest_main.cc
Note: Google Test filter = ObjectTest.HashKeyTest
[==========] Running 1 test from 1 test suite.
[----------] Global test environment set-up.
[----------] 1 test from ObjectTest
[ RUN      ] ObjectTest.HashKeyTest
[       OK ] ObjectTest.HashKeyTest (0 ms)
[----------] 1 test from ObjectTest (0 ms total)

[----------] Global test environment tear-down
[==========] 1 test from 1 test suite ran. (0 ms total)
[  PASSED  ] 1 test.
<end of output>
Test time =   0.00 sec
----------------------------------------------------------
Test Passed.
"ObjectTest.HashKeyTest" end time: May 26 17:27 EEST
"ObjectTest.HashKeyTest" time elapsed: 00:00:00
----------------------------------------------------------

End testing: May 26 17:27 EEST
