Start testing: Jun 06 11:04 EEST
----------------------------------------------------------
1/62 Testing: LexerTest.TestNextToken
1/62 Test: LexerTest.TestNextToken
Command: "/home/eemil/dev/c++/lups/build/lups_test" "--gtest_filter=LexerTest.TestNextToken" "--gtest_also_run_disabled_tests"
Directory: /home/eemil/dev/c++/lups/build
"LexerTest.TestNextToken" start time: Jun 06 11:04 EEST
Output:
----------------------------------------------------------
Running main() from /home/eemil/dev/c++/lups/build/_deps/googletest-src/googletest/src/gtest_main.cc
Note: Google Test filter = LexerTest.TestNextToken
[==========] Running 1 test from 1 test suite.
[----------] Global test environment set-up.
[----------] 1 test from LexerTest
[ RUN      ] LexerTest.TestNextToken
[       OK ] LexerTest.TestNextToken (0 ms)
[----------] 1 test from LexerTest (0 ms total)

[----------] Global test environment tear-down
[==========] 1 test from 1 test suite ran. (0 ms total)
[  PASSED  ] 1 test.
<end of output>
Test time =   0.00 sec
----------------------------------------------------------
Test Passed.
"LexerTest.TestNextToken" end time: Jun 06 11:04 EEST
"LexerTest.TestNextToken" time elapsed: 00:00:00
----------------------------------------------------------

2/62 Testing: LexerTest.IfStatements
2/62 Test: LexerTest.IfStatements
Command: "/home/eemil/dev/c++/lups/build/lups_test" "--gtest_filter=LexerTest.IfStatements" "--gtest_also_run_disabled_tests"
Directory: /home/eemil/dev/c++/lups/build
"LexerTest.IfStatements" start time: Jun 06 11:04 EEST
Output:
----------------------------------------------------------
Running main() from /home/eemil/dev/c++/lups/build/_deps/googletest-src/googletest/src/gtest_main.cc
Note: Google Test filter = LexerTest.IfStatements
[==========] Running 1 test from 1 test suite.
[----------] Global test environment set-up.
[----------] 1 test from LexerTest
[ RUN      ] LexerTest.IfStatements
[       OK ] LexerTest.IfStatements (0 ms)
[----------] 1 test from LexerTest (0 ms total)

[----------] Global test environment tear-down
[==========] 1 test from 1 test suite ran. (0 ms total)
[  PASSED  ] 1 test.
<end of output>
Test time =   0.00 sec
----------------------------------------------------------
Test Passed.
"LexerTest.IfStatements" end time: Jun 06 11:04 EEST
"LexerTest.IfStatements" time elapsed: 00:00:00
----------------------------------------------------------

3/62 Testing: LexerTest.Variables
3/62 Test: LexerTest.Variables
Command: "/home/eemil/dev/c++/lups/build/lups_test" "--gtest_filter=LexerTest.Variables" "--gtest_also_run_disabled_tests"
Directory: /home/eemil/dev/c++/lups/build
"LexerTest.Variables" start time: Jun 06 11:04 EEST
Output:
----------------------------------------------------------
Running main() from /home/eemil/dev/c++/lups/build/_deps/googletest-src/googletest/src/gtest_main.cc
Note: Google Test filter = LexerTest.Variables
[==========] Running 1 test from 1 test suite.
[----------] Global test environment set-up.
[----------] 1 test from LexerTest
[ RUN      ] LexerTest.Variables
[       OK ] LexerTest.Variables (0 ms)
[----------] 1 test from LexerTest (0 ms total)

[----------] Global test environment tear-down
[==========] 1 test from 1 test suite ran. (1 ms total)
[  PASSED  ] 1 test.
<end of output>
Test time =   0.00 sec
----------------------------------------------------------
Test Passed.
"LexerTest.Variables" end time: Jun 06 11:04 EEST
"LexerTest.Variables" time elapsed: 00:00:00
----------------------------------------------------------

4/62 Testing: LexerTest.Strings
4/62 Test: LexerTest.Strings
Command: "/home/eemil/dev/c++/lups/build/lups_test" "--gtest_filter=LexerTest.Strings" "--gtest_also_run_disabled_tests"
Directory: /home/eemil/dev/c++/lups/build
"LexerTest.Strings" start time: Jun 06 11:04 EEST
Output:
----------------------------------------------------------
Running main() from /home/eemil/dev/c++/lups/build/_deps/googletest-src/googletest/src/gtest_main.cc
Note: Google Test filter = LexerTest.Strings
[==========] Running 1 test from 1 test suite.
[----------] Global test environment set-up.
[----------] 1 test from LexerTest
[ RUN      ] LexerTest.Strings
[       OK ] LexerTest.Strings (1 ms)
[----------] 1 test from LexerTest (1 ms total)

[----------] Global test environment tear-down
[==========] 1 test from 1 test suite ran. (1 ms total)
[  PASSED  ] 1 test.
<end of output>
Test time =   0.00 sec
----------------------------------------------------------
Test Passed.
"LexerTest.Strings" end time: Jun 06 11:04 EEST
"LexerTest.Strings" time elapsed: 00:00:00
----------------------------------------------------------

5/62 Testing: LexerTest.FunctionDeclaration
5/62 Test: LexerTest.FunctionDeclaration
Command: "/home/eemil/dev/c++/lups/build/lups_test" "--gtest_filter=LexerTest.FunctionDeclaration" "--gtest_also_run_disabled_tests"
Directory: /home/eemil/dev/c++/lups/build
"LexerTest.FunctionDeclaration" start time: Jun 06 11:04 EEST
Output:
----------------------------------------------------------
Running main() from /home/eemil/dev/c++/lups/build/_deps/googletest-src/googletest/src/gtest_main.cc
Note: Google Test filter = LexerTest.FunctionDeclaration
[==========] Running 1 test from 1 test suite.
[----------] Global test environment set-up.
[----------] 1 test from LexerTest
[ RUN      ] LexerTest.FunctionDeclaration
[       OK ] LexerTest.FunctionDeclaration (0 ms)
[----------] 1 test from LexerTest (0 ms total)

[----------] Global test environment tear-down
[==========] 1 test from 1 test suite ran. (0 ms total)
[  PASSED  ] 1 test.
<end of output>
Test time =   0.00 sec
----------------------------------------------------------
Test Passed.
"LexerTest.FunctionDeclaration" end time: Jun 06 11:04 EEST
"LexerTest.FunctionDeclaration" time elapsed: 00:00:00
----------------------------------------------------------

6/62 Testing: LexerTest.EqualNonEqual
6/62 Test: LexerTest.EqualNonEqual
Command: "/home/eemil/dev/c++/lups/build/lups_test" "--gtest_filter=LexerTest.EqualNonEqual" "--gtest_also_run_disabled_tests"
Directory: /home/eemil/dev/c++/lups/build
"LexerTest.EqualNonEqual" start time: Jun 06 11:04 EEST
Output:
----------------------------------------------------------
Running main() from /home/eemil/dev/c++/lups/build/_deps/googletest-src/googletest/src/gtest_main.cc
Note: Google Test filter = LexerTest.EqualNonEqual
[==========] Running 1 test from 1 test suite.
[----------] Global test environment set-up.
[----------] 1 test from LexerTest
[ RUN      ] LexerTest.EqualNonEqual
[       OK ] LexerTest.EqualNonEqual (0 ms)
[----------] 1 test from LexerTest (0 ms total)

[----------] Global test environment tear-down
[==========] 1 test from 1 test suite ran. (0 ms total)
[  PASSED  ] 1 test.
<end of output>
Test time =   0.00 sec
----------------------------------------------------------
Test Passed.
"LexerTest.EqualNonEqual" end time: Jun 06 11:04 EEST
"LexerTest.EqualNonEqual" time elapsed: 00:00:00
----------------------------------------------------------

7/62 Testing: LexerTest.ArrayTest
7/62 Test: LexerTest.ArrayTest
Command: "/home/eemil/dev/c++/lups/build/lups_test" "--gtest_filter=LexerTest.ArrayTest" "--gtest_also_run_disabled_tests"
Directory: /home/eemil/dev/c++/lups/build
"LexerTest.ArrayTest" start time: Jun 06 11:04 EEST
Output:
----------------------------------------------------------
Running main() from /home/eemil/dev/c++/lups/build/_deps/googletest-src/googletest/src/gtest_main.cc
Note: Google Test filter = LexerTest.ArrayTest
[==========] Running 1 test from 1 test suite.
[----------] Global test environment set-up.
[----------] 1 test from LexerTest
[ RUN      ] LexerTest.ArrayTest
[       OK ] LexerTest.ArrayTest (0 ms)
[----------] 1 test from LexerTest (0 ms total)

[----------] Global test environment tear-down
[==========] 1 test from 1 test suite ran. (0 ms total)
[  PASSED  ] 1 test.
<end of output>
Test time =   0.00 sec
----------------------------------------------------------
Test Passed.
"LexerTest.ArrayTest" end time: Jun 06 11:04 EEST
"LexerTest.ArrayTest" time elapsed: 00:00:00
----------------------------------------------------------

8/62 Testing: LexerTest.HashTest
8/62 Test: LexerTest.HashTest
Command: "/home/eemil/dev/c++/lups/build/lups_test" "--gtest_filter=LexerTest.HashTest" "--gtest_also_run_disabled_tests"
Directory: /home/eemil/dev/c++/lups/build
"LexerTest.HashTest" start time: Jun 06 11:04 EEST
Output:
----------------------------------------------------------
Running main() from /home/eemil/dev/c++/lups/build/_deps/googletest-src/googletest/src/gtest_main.cc
Note: Google Test filter = LexerTest.HashTest
[==========] Running 1 test from 1 test suite.
[----------] Global test environment set-up.
[----------] 1 test from LexerTest
[ RUN      ] LexerTest.HashTest
[       OK ] LexerTest.HashTest (0 ms)
[----------] 1 test from LexerTest (0 ms total)

[----------] Global test environment tear-down
[==========] 1 test from 1 test suite ran. (0 ms total)
[  PASSED  ] 1 test.
<end of output>
Test time =   0.00 sec
----------------------------------------------------------
Test Passed.
"LexerTest.HashTest" end time: Jun 06 11:04 EEST
"LexerTest.HashTest" time elapsed: 00:00:00
----------------------------------------------------------

9/62 Testing: ParserTest.LetStatements
9/62 Test: ParserTest.LetStatements
Command: "/home/eemil/dev/c++/lups/build/lups_test" "--gtest_filter=ParserTest.LetStatements" "--gtest_also_run_disabled_tests"
Directory: /home/eemil/dev/c++/lups/build
"ParserTest.LetStatements" start time: Jun 06 11:04 EEST
Output:
----------------------------------------------------------
Running main() from /home/eemil/dev/c++/lups/build/_deps/googletest-src/googletest/src/gtest_main.cc
Note: Google Test filter = ParserTest.LetStatements
[==========] Running 1 test from 1 test suite.
[----------] Global test environment set-up.
[----------] 1 test from ParserTest
[ RUN      ] ParserTest.LetStatements
[       OK ] ParserTest.LetStatements (0 ms)
[----------] 1 test from ParserTest (0 ms total)

[----------] Global test environment tear-down
[==========] 1 test from 1 test suite ran. (0 ms total)
[  PASSED  ] 1 test.
<end of output>
Test time =   0.00 sec
----------------------------------------------------------
Test Passed.
"ParserTest.LetStatements" end time: Jun 06 11:04 EEST
"ParserTest.LetStatements" time elapsed: 00:00:00
----------------------------------------------------------

10/62 Testing: ParserTest.ReturnStatements
10/62 Test: ParserTest.ReturnStatements
Command: "/home/eemil/dev/c++/lups/build/lups_test" "--gtest_filter=ParserTest.ReturnStatements" "--gtest_also_run_disabled_tests"
Directory: /home/eemil/dev/c++/lups/build
"ParserTest.ReturnStatements" start time: Jun 06 11:04 EEST
Output:
----------------------------------------------------------
Running main() from /home/eemil/dev/c++/lups/build/_deps/googletest-src/googletest/src/gtest_main.cc
Note: Google Test filter = ParserTest.ReturnStatements
[==========] Running 1 test from 1 test suite.
[----------] Global test environment set-up.
[----------] 1 test from ParserTest
[ RUN      ] ParserTest.ReturnStatements
[       OK ] ParserTest.ReturnStatements (0 ms)
[----------] 1 test from ParserTest (0 ms total)

[----------] Global test environment tear-down
[==========] 1 test from 1 test suite ran. (0 ms total)
[  PASSED  ] 1 test.
<end of output>
Test time =   0.00 sec
----------------------------------------------------------
Test Passed.
"ParserTest.ReturnStatements" end time: Jun 06 11:04 EEST
"ParserTest.ReturnStatements" time elapsed: 00:00:00
----------------------------------------------------------

11/62 Testing: ParserTest.IdentifierExpression
11/62 Test: ParserTest.IdentifierExpression
Command: "/home/eemil/dev/c++/lups/build/lups_test" "--gtest_filter=ParserTest.IdentifierExpression" "--gtest_also_run_disabled_tests"
Directory: /home/eemil/dev/c++/lups/build
"ParserTest.IdentifierExpression" start time: Jun 06 11:04 EEST
Output:
----------------------------------------------------------
Running main() from /home/eemil/dev/c++/lups/build/_deps/googletest-src/googletest/src/gtest_main.cc
Note: Google Test filter = ParserTest.IdentifierExpression
[==========] Running 1 test from 1 test suite.
[----------] Global test environment set-up.
[----------] 1 test from ParserTest
[ RUN      ] ParserTest.IdentifierExpression
[       OK ] ParserTest.IdentifierExpression (0 ms)
[----------] 1 test from ParserTest (0 ms total)

[----------] Global test environment tear-down
[==========] 1 test from 1 test suite ran. (0 ms total)
[  PASSED  ] 1 test.
<end of output>
Test time =   0.00 sec
----------------------------------------------------------
Test Passed.
"ParserTest.IdentifierExpression" end time: Jun 06 11:04 EEST
"ParserTest.IdentifierExpression" time elapsed: 00:00:00
----------------------------------------------------------

12/62 Testing: ParserTest.IntegerLiteralExpression
12/62 Test: ParserTest.IntegerLiteralExpression
Command: "/home/eemil/dev/c++/lups/build/lups_test" "--gtest_filter=ParserTest.IntegerLiteralExpression" "--gtest_also_run_disabled_tests"
Directory: /home/eemil/dev/c++/lups/build
"ParserTest.IntegerLiteralExpression" start time: Jun 06 11:04 EEST
Output:
----------------------------------------------------------
Running main() from /home/eemil/dev/c++/lups/build/_deps/googletest-src/googletest/src/gtest_main.cc
Note: Google Test filter = ParserTest.IntegerLiteralExpression
[==========] Running 1 test from 1 test suite.
[----------] Global test environment set-up.
[----------] 1 test from ParserTest
[ RUN      ] ParserTest.IntegerLiteralExpression
[       OK ] ParserTest.IntegerLiteralExpression (0 ms)
[----------] 1 test from ParserTest (0 ms total)

[----------] Global test environment tear-down
[==========] 1 test from 1 test suite ran. (0 ms total)
[  PASSED  ] 1 test.
<end of output>
Test time =   0.00 sec
----------------------------------------------------------
Test Passed.
"ParserTest.IntegerLiteralExpression" end time: Jun 06 11:04 EEST
"ParserTest.IntegerLiteralExpression" time elapsed: 00:00:00
----------------------------------------------------------

13/62 Testing: ParserTest.PrefixExpressionTest
13/62 Test: ParserTest.PrefixExpressionTest
Command: "/home/eemil/dev/c++/lups/build/lups_test" "--gtest_filter=ParserTest.PrefixExpressionTest" "--gtest_also_run_disabled_tests"
Directory: /home/eemil/dev/c++/lups/build
"ParserTest.PrefixExpressionTest" start time: Jun 06 11:04 EEST
Output:
----------------------------------------------------------
Running main() from /home/eemil/dev/c++/lups/build/_deps/googletest-src/googletest/src/gtest_main.cc
Note: Google Test filter = ParserTest.PrefixExpressionTest
[==========] Running 1 test from 1 test suite.
[----------] Global test environment set-up.
[----------] 1 test from ParserTest
[ RUN      ] ParserTest.PrefixExpressionTest
[       OK ] ParserTest.PrefixExpressionTest (1 ms)
[----------] 1 test from ParserTest (1 ms total)

[----------] Global test environment tear-down
[==========] 1 test from 1 test suite ran. (1 ms total)
[  PASSED  ] 1 test.
<end of output>
Test time =   0.00 sec
----------------------------------------------------------
Test Passed.
"ParserTest.PrefixExpressionTest" end time: Jun 06 11:04 EEST
"ParserTest.PrefixExpressionTest" time elapsed: 00:00:00
----------------------------------------------------------

14/62 Testing: ParserTest.HashLiteralStrings
14/62 Test: ParserTest.HashLiteralStrings
Command: "/home/eemil/dev/c++/lups/build/lups_test" "--gtest_filter=ParserTest.HashLiteralStrings" "--gtest_also_run_disabled_tests"
Directory: /home/eemil/dev/c++/lups/build
"ParserTest.HashLiteralStrings" start time: Jun 06 11:04 EEST
Output:
----------------------------------------------------------
Running main() from /home/eemil/dev/c++/lups/build/_deps/googletest-src/googletest/src/gtest_main.cc
Note: Google Test filter = ParserTest.HashLiteralStrings
[==========] Running 1 test from 1 test suite.
[----------] Global test environment set-up.
[----------] 1 test from ParserTest
[ RUN      ] ParserTest.HashLiteralStrings
[       OK ] ParserTest.HashLiteralStrings (0 ms)
[----------] 1 test from ParserTest (0 ms total)

[----------] Global test environment tear-down
[==========] 1 test from 1 test suite ran. (0 ms total)
[  PASSED  ] 1 test.
<end of output>
Test time =   0.00 sec
----------------------------------------------------------
Test Passed.
"ParserTest.HashLiteralStrings" end time: Jun 06 11:04 EEST
"ParserTest.HashLiteralStrings" time elapsed: 00:00:00
----------------------------------------------------------

15/62 Testing: ParserTest.EmptyHashLiteral
15/62 Test: ParserTest.EmptyHashLiteral
Command: "/home/eemil/dev/c++/lups/build/lups_test" "--gtest_filter=ParserTest.EmptyHashLiteral" "--gtest_also_run_disabled_tests"
Directory: /home/eemil/dev/c++/lups/build
"ParserTest.EmptyHashLiteral" start time: Jun 06 11:04 EEST
Output:
----------------------------------------------------------
Running main() from /home/eemil/dev/c++/lups/build/_deps/googletest-src/googletest/src/gtest_main.cc
Note: Google Test filter = ParserTest.EmptyHashLiteral
[==========] Running 1 test from 1 test suite.
[----------] Global test environment set-up.
[----------] 1 test from ParserTest
[ RUN      ] ParserTest.EmptyHashLiteral
[       OK ] ParserTest.EmptyHashLiteral (0 ms)
[----------] 1 test from ParserTest (0 ms total)

[----------] Global test environment tear-down
[==========] 1 test from 1 test suite ran. (0 ms total)
[  PASSED  ] 1 test.
<end of output>
Test time =   0.00 sec
----------------------------------------------------------
Test Passed.
"ParserTest.EmptyHashLiteral" end time: Jun 06 11:04 EEST
"ParserTest.EmptyHashLiteral" time elapsed: 00:00:00
----------------------------------------------------------

16/62 Testing: ParserTest.HashLiteralWithExpressions
16/62 Test: ParserTest.HashLiteralWithExpressions
Command: "/home/eemil/dev/c++/lups/build/lups_test" "--gtest_filter=ParserTest.HashLiteralWithExpressions" "--gtest_also_run_disabled_tests"
Directory: /home/eemil/dev/c++/lups/build
"ParserTest.HashLiteralWithExpressions" start time: Jun 06 11:04 EEST
Output:
----------------------------------------------------------
Running main() from /home/eemil/dev/c++/lups/build/_deps/googletest-src/googletest/src/gtest_main.cc
Note: Google Test filter = ParserTest.HashLiteralWithExpressions
[==========] Running 1 test from 1 test suite.
[----------] Global test environment set-up.
[----------] 1 test from ParserTest
[ RUN      ] ParserTest.HashLiteralWithExpressions
[       OK ] ParserTest.HashLiteralWithExpressions (0 ms)
[----------] 1 test from ParserTest (0 ms total)

[----------] Global test environment tear-down
[==========] 1 test from 1 test suite ran. (0 ms total)
[  PASSED  ] 1 test.
<end of output>
Test time =   0.00 sec
----------------------------------------------------------
Test Passed.
"ParserTest.HashLiteralWithExpressions" end time: Jun 06 11:04 EEST
"ParserTest.HashLiteralWithExpressions" time elapsed: 00:00:00
----------------------------------------------------------

17/62 Testing: ParserTest.InfixExpressionTest
17/62 Test: ParserTest.InfixExpressionTest
Command: "/home/eemil/dev/c++/lups/build/lups_test" "--gtest_filter=ParserTest.InfixExpressionTest" "--gtest_also_run_disabled_tests"
Directory: /home/eemil/dev/c++/lups/build
"ParserTest.InfixExpressionTest" start time: Jun 06 11:04 EEST
Output:
----------------------------------------------------------
Running main() from /home/eemil/dev/c++/lups/build/_deps/googletest-src/googletest/src/gtest_main.cc
Note: Google Test filter = ParserTest.InfixExpressionTest
[==========] Running 1 test from 1 test suite.
[----------] Global test environment set-up.
[----------] 1 test from ParserTest
[ RUN      ] ParserTest.InfixExpressionTest
[       OK ] ParserTest.InfixExpressionTest (0 ms)
[----------] 1 test from ParserTest (0 ms total)

[----------] Global test environment tear-down
[==========] 1 test from 1 test suite ran. (0 ms total)
[  PASSED  ] 1 test.
<end of output>
Test time =   0.00 sec
----------------------------------------------------------
Test Passed.
"ParserTest.InfixExpressionTest" end time: Jun 06 11:04 EEST
"ParserTest.InfixExpressionTest" time elapsed: 00:00:00
----------------------------------------------------------

18/62 Testing: ParserTest.BooleanInfixExpression
18/62 Test: ParserTest.BooleanInfixExpression
Command: "/home/eemil/dev/c++/lups/build/lups_test" "--gtest_filter=ParserTest.BooleanInfixExpression" "--gtest_also_run_disabled_tests"
Directory: /home/eemil/dev/c++/lups/build
"ParserTest.BooleanInfixExpression" start time: Jun 06 11:04 EEST
Output:
----------------------------------------------------------
Running main() from /home/eemil/dev/c++/lups/build/_deps/googletest-src/googletest/src/gtest_main.cc
Note: Google Test filter = ParserTest.BooleanInfixExpression
[==========] Running 1 test from 1 test suite.
[----------] Global test environment set-up.
[----------] 1 test from ParserTest
[ RUN      ] ParserTest.BooleanInfixExpression
[       OK ] ParserTest.BooleanInfixExpression (0 ms)
[----------] 1 test from ParserTest (0 ms total)

[----------] Global test environment tear-down
[==========] 1 test from 1 test suite ran. (0 ms total)
[  PASSED  ] 1 test.
<end of output>
Test time =   0.00 sec
----------------------------------------------------------
Test Passed.
"ParserTest.BooleanInfixExpression" end time: Jun 06 11:04 EEST
"ParserTest.BooleanInfixExpression" time elapsed: 00:00:00
----------------------------------------------------------

19/62 Testing: ParserTest.OperatorPrecedenceParsing
19/62 Test: ParserTest.OperatorPrecedenceParsing
Command: "/home/eemil/dev/c++/lups/build/lups_test" "--gtest_filter=ParserTest.OperatorPrecedenceParsing" "--gtest_also_run_disabled_tests"
Directory: /home/eemil/dev/c++/lups/build
"ParserTest.OperatorPrecedenceParsing" start time: Jun 06 11:04 EEST
Output:
----------------------------------------------------------
Running main() from /home/eemil/dev/c++/lups/build/_deps/googletest-src/googletest/src/gtest_main.cc
Note: Google Test filter = ParserTest.OperatorPrecedenceParsing
[==========] Running 1 test from 1 test suite.
[----------] Global test environment set-up.
[----------] 1 test from ParserTest
[ RUN      ] ParserTest.OperatorPrecedenceParsing
[       OK ] ParserTest.OperatorPrecedenceParsing (0 ms)
[----------] 1 test from ParserTest (0 ms total)

[----------] Global test environment tear-down
[==========] 1 test from 1 test suite ran. (0 ms total)
[  PASSED  ] 1 test.
<end of output>
Test time =   0.00 sec
----------------------------------------------------------
Test Passed.
"ParserTest.OperatorPrecedenceParsing" end time: Jun 06 11:04 EEST
"ParserTest.OperatorPrecedenceParsing" time elapsed: 00:00:00
----------------------------------------------------------

20/62 Testing: ParserTest.IfExpressionTest
20/62 Test: ParserTest.IfExpressionTest
Command: "/home/eemil/dev/c++/lups/build/lups_test" "--gtest_filter=ParserTest.IfExpressionTest" "--gtest_also_run_disabled_tests"
Directory: /home/eemil/dev/c++/lups/build
"ParserTest.IfExpressionTest" start time: Jun 06 11:04 EEST
Output:
----------------------------------------------------------
Running main() from /home/eemil/dev/c++/lups/build/_deps/googletest-src/googletest/src/gtest_main.cc
Note: Google Test filter = ParserTest.IfExpressionTest
[==========] Running 1 test from 1 test suite.
[----------] Global test environment set-up.
[----------] 1 test from ParserTest
[ RUN      ] ParserTest.IfExpressionTest
[       OK ] ParserTest.IfExpressionTest (0 ms)
[----------] 1 test from ParserTest (0 ms total)

[----------] Global test environment tear-down
[==========] 1 test from 1 test suite ran. (0 ms total)
[  PASSED  ] 1 test.
<end of output>
Test time =   0.00 sec
----------------------------------------------------------
Test Passed.
"ParserTest.IfExpressionTest" end time: Jun 06 11:04 EEST
"ParserTest.IfExpressionTest" time elapsed: 00:00:00
----------------------------------------------------------

21/62 Testing: ParserTest.FunctionLiteralParsing
21/62 Test: ParserTest.FunctionLiteralParsing
Command: "/home/eemil/dev/c++/lups/build/lups_test" "--gtest_filter=ParserTest.FunctionLiteralParsing" "--gtest_also_run_disabled_tests"
Directory: /home/eemil/dev/c++/lups/build
"ParserTest.FunctionLiteralParsing" start time: Jun 06 11:04 EEST
Output:
----------------------------------------------------------
Running main() from /home/eemil/dev/c++/lups/build/_deps/googletest-src/googletest/src/gtest_main.cc
Note: Google Test filter = ParserTest.FunctionLiteralParsing
[==========] Running 1 test from 1 test suite.
[----------] Global test environment set-up.
[----------] 1 test from ParserTest
[ RUN      ] ParserTest.FunctionLiteralParsing
[       OK ] ParserTest.FunctionLiteralParsing (0 ms)
[----------] 1 test from ParserTest (0 ms total)

[----------] Global test environment tear-down
[==========] 1 test from 1 test suite ran. (0 ms total)
[  PASSED  ] 1 test.
<end of output>
Test time =   0.00 sec
----------------------------------------------------------
Test Passed.
"ParserTest.FunctionLiteralParsing" end time: Jun 06 11:04 EEST
"ParserTest.FunctionLiteralParsing" time elapsed: 00:00:00
----------------------------------------------------------

22/62 Testing: ParserTest.FunctionParameterTest
22/62 Test: ParserTest.FunctionParameterTest
Command: "/home/eemil/dev/c++/lups/build/lups_test" "--gtest_filter=ParserTest.FunctionParameterTest" "--gtest_also_run_disabled_tests"
Directory: /home/eemil/dev/c++/lups/build
"ParserTest.FunctionParameterTest" start time: Jun 06 11:04 EEST
Output:
----------------------------------------------------------
Running main() from /home/eemil/dev/c++/lups/build/_deps/googletest-src/googletest/src/gtest_main.cc
Note: Google Test filter = ParserTest.FunctionParameterTest
[==========] Running 1 test from 1 test suite.
[----------] Global test environment set-up.
[----------] 1 test from ParserTest
[ RUN      ] ParserTest.FunctionParameterTest
[       OK ] ParserTest.FunctionParameterTest (0 ms)
[----------] 1 test from ParserTest (0 ms total)

[----------] Global test environment tear-down
[==========] 1 test from 1 test suite ran. (0 ms total)
[  PASSED  ] 1 test.
<end of output>
Test time =   0.00 sec
----------------------------------------------------------
Test Passed.
"ParserTest.FunctionParameterTest" end time: Jun 06 11:04 EEST
"ParserTest.FunctionParameterTest" time elapsed: 00:00:00
----------------------------------------------------------

23/62 Testing: ParserTest.CallExpressionParsing
23/62 Test: ParserTest.CallExpressionParsing
Command: "/home/eemil/dev/c++/lups/build/lups_test" "--gtest_filter=ParserTest.CallExpressionParsing" "--gtest_also_run_disabled_tests"
Directory: /home/eemil/dev/c++/lups/build
"ParserTest.CallExpressionParsing" start time: Jun 06 11:04 EEST
Output:
----------------------------------------------------------
Running main() from /home/eemil/dev/c++/lups/build/_deps/googletest-src/googletest/src/gtest_main.cc
Note: Google Test filter = ParserTest.CallExpressionParsing
[==========] Running 1 test from 1 test suite.
[----------] Global test environment set-up.
[----------] 1 test from ParserTest
[ RUN      ] ParserTest.CallExpressionParsing
[       OK ] ParserTest.CallExpressionParsing (0 ms)
[----------] 1 test from ParserTest (0 ms total)

[----------] Global test environment tear-down
[==========] 1 test from 1 test suite ran. (0 ms total)
[  PASSED  ] 1 test.
<end of output>
Test time =   0.00 sec
----------------------------------------------------------
Test Passed.
"ParserTest.CallExpressionParsing" end time: Jun 06 11:04 EEST
"ParserTest.CallExpressionParsing" time elapsed: 00:00:00
----------------------------------------------------------

24/62 Testing: ParserTest.StringLiteralTest
24/62 Test: ParserTest.StringLiteralTest
Command: "/home/eemil/dev/c++/lups/build/lups_test" "--gtest_filter=ParserTest.StringLiteralTest" "--gtest_also_run_disabled_tests"
Directory: /home/eemil/dev/c++/lups/build
"ParserTest.StringLiteralTest" start time: Jun 06 11:04 EEST
Output:
----------------------------------------------------------
Running main() from /home/eemil/dev/c++/lups/build/_deps/googletest-src/googletest/src/gtest_main.cc
Note: Google Test filter = ParserTest.StringLiteralTest
[==========] Running 1 test from 1 test suite.
[----------] Global test environment set-up.
[----------] 1 test from ParserTest
[ RUN      ] ParserTest.StringLiteralTest
[       OK ] ParserTest.StringLiteralTest (0 ms)
[----------] 1 test from ParserTest (0 ms total)

[----------] Global test environment tear-down
[==========] 1 test from 1 test suite ran. (1 ms total)
[  PASSED  ] 1 test.
<end of output>
Test time =   0.00 sec
----------------------------------------------------------
Test Passed.
"ParserTest.StringLiteralTest" end time: Jun 06 11:04 EEST
"ParserTest.StringLiteralTest" time elapsed: 00:00:00
----------------------------------------------------------

25/62 Testing: ParserTest.ArrayLiteralParsing
25/62 Test: ParserTest.ArrayLiteralParsing
Command: "/home/eemil/dev/c++/lups/build/lups_test" "--gtest_filter=ParserTest.ArrayLiteralParsing" "--gtest_also_run_disabled_tests"
Directory: /home/eemil/dev/c++/lups/build
"ParserTest.ArrayLiteralParsing" start time: Jun 06 11:04 EEST
Output:
----------------------------------------------------------
Running main() from /home/eemil/dev/c++/lups/build/_deps/googletest-src/googletest/src/gtest_main.cc
Note: Google Test filter = ParserTest.ArrayLiteralParsing
[==========] Running 1 test from 1 test suite.
[----------] Global test environment set-up.
[----------] 1 test from ParserTest
[ RUN      ] ParserTest.ArrayLiteralParsing
[       OK ] ParserTest.ArrayLiteralParsing (0 ms)
[----------] 1 test from ParserTest (0 ms total)

[----------] Global test environment tear-down
[==========] 1 test from 1 test suite ran. (0 ms total)
[  PASSED  ] 1 test.
<end of output>
Test time =   0.00 sec
----------------------------------------------------------
Test Passed.
"ParserTest.ArrayLiteralParsing" end time: Jun 06 11:04 EEST
"ParserTest.ArrayLiteralParsing" time elapsed: 00:00:00
----------------------------------------------------------

26/62 Testing: ParserTest.IndexExpression
26/62 Test: ParserTest.IndexExpression
Command: "/home/eemil/dev/c++/lups/build/lups_test" "--gtest_filter=ParserTest.IndexExpression" "--gtest_also_run_disabled_tests"
Directory: /home/eemil/dev/c++/lups/build
"ParserTest.IndexExpression" start time: Jun 06 11:04 EEST
Output:
----------------------------------------------------------
Running main() from /home/eemil/dev/c++/lups/build/_deps/googletest-src/googletest/src/gtest_main.cc
Note: Google Test filter = ParserTest.IndexExpression
[==========] Running 1 test from 1 test suite.
[----------] Global test environment set-up.
[----------] 1 test from ParserTest
[ RUN      ] ParserTest.IndexExpression
[       OK ] ParserTest.IndexExpression (0 ms)
[----------] 1 test from ParserTest (0 ms total)

[----------] Global test environment tear-down
[==========] 1 test from 1 test suite ran. (0 ms total)
[  PASSED  ] 1 test.
<end of output>
Test time =   0.00 sec
----------------------------------------------------------
Test Passed.
"ParserTest.IndexExpression" end time: Jun 06 11:04 EEST
"ParserTest.IndexExpression" time elapsed: 00:00:00
----------------------------------------------------------

27/62 Testing: ParsetTest.BooleanPrefixExpressionTest
27/62 Test: ParsetTest.BooleanPrefixExpressionTest
Command: "/home/eemil/dev/c++/lups/build/lups_test" "--gtest_filter=ParsetTest.BooleanPrefixExpressionTest" "--gtest_also_run_disabled_tests"
Directory: /home/eemil/dev/c++/lups/build
"ParsetTest.BooleanPrefixExpressionTest" start time: Jun 06 11:04 EEST
Output:
----------------------------------------------------------
Running main() from /home/eemil/dev/c++/lups/build/_deps/googletest-src/googletest/src/gtest_main.cc
Note: Google Test filter = ParsetTest.BooleanPrefixExpressionTest
[==========] Running 1 test from 1 test suite.
[----------] Global test environment set-up.
[----------] 1 test from ParsetTest
[ RUN      ] ParsetTest.BooleanPrefixExpressionTest
[       OK ] ParsetTest.BooleanPrefixExpressionTest (0 ms)
[----------] 1 test from ParsetTest (0 ms total)

[----------] Global test environment tear-down
[==========] 1 test from 1 test suite ran. (0 ms total)
[  PASSED  ] 1 test.
<end of output>
Test time =   0.00 sec
----------------------------------------------------------
Test Passed.
"ParsetTest.BooleanPrefixExpressionTest" end time: Jun 06 11:04 EEST
"ParsetTest.BooleanPrefixExpressionTest" time elapsed: 00:00:00
----------------------------------------------------------

28/62 Testing: EvalTest.IntegerExpressions
28/62 Test: EvalTest.IntegerExpressions
Command: "/home/eemil/dev/c++/lups/build/lups_test" "--gtest_filter=EvalTest.IntegerExpressions" "--gtest_also_run_disabled_tests"
Directory: /home/eemil/dev/c++/lups/build
"EvalTest.IntegerExpressions" start time: Jun 06 11:04 EEST
Output:
----------------------------------------------------------
Running main() from /home/eemil/dev/c++/lups/build/_deps/googletest-src/googletest/src/gtest_main.cc
Note: Google Test filter = EvalTest.IntegerExpressions
[==========] Running 1 test from 1 test suite.
[----------] Global test environment set-up.
[----------] 1 test from EvalTest
[ RUN      ] EvalTest.IntegerExpressions
[       OK ] EvalTest.IntegerExpressions (0 ms)
[----------] 1 test from EvalTest (0 ms total)

[----------] Global test environment tear-down
[==========] 1 test from 1 test suite ran. (0 ms total)
[  PASSED  ] 1 test.
<end of output>
Test time =   0.00 sec
----------------------------------------------------------
Test Passed.
"EvalTest.IntegerExpressions" end time: Jun 06 11:04 EEST
"EvalTest.IntegerExpressions" time elapsed: 00:00:00
----------------------------------------------------------

29/62 Testing: EvalTest.BooleanExpression
29/62 Test: EvalTest.BooleanExpression
Command: "/home/eemil/dev/c++/lups/build/lups_test" "--gtest_filter=EvalTest.BooleanExpression" "--gtest_also_run_disabled_tests"
Directory: /home/eemil/dev/c++/lups/build
"EvalTest.BooleanExpression" start time: Jun 06 11:04 EEST
Output:
----------------------------------------------------------
Running main() from /home/eemil/dev/c++/lups/build/_deps/googletest-src/googletest/src/gtest_main.cc
Note: Google Test filter = EvalTest.BooleanExpression
[==========] Running 1 test from 1 test suite.
[----------] Global test environment set-up.
[----------] 1 test from EvalTest
[ RUN      ] EvalTest.BooleanExpression
[       OK ] EvalTest.BooleanExpression (0 ms)
[----------] 1 test from EvalTest (0 ms total)

[----------] Global test environment tear-down
[==========] 1 test from 1 test suite ran. (0 ms total)
[  PASSED  ] 1 test.
<end of output>
Test time =   0.00 sec
----------------------------------------------------------
Test Passed.
"EvalTest.BooleanExpression" end time: Jun 06 11:04 EEST
"EvalTest.BooleanExpression" time elapsed: 00:00:00
----------------------------------------------------------

30/62 Testing: EvalTest.PrefixExpressionTest
30/62 Test: EvalTest.PrefixExpressionTest
Command: "/home/eemil/dev/c++/lups/build/lups_test" "--gtest_filter=EvalTest.PrefixExpressionTest" "--gtest_also_run_disabled_tests"
Directory: /home/eemil/dev/c++/lups/build
"EvalTest.PrefixExpressionTest" start time: Jun 06 11:04 EEST
Output:
----------------------------------------------------------
Running main() from /home/eemil/dev/c++/lups/build/_deps/googletest-src/googletest/src/gtest_main.cc
Note: Google Test filter = EvalTest.PrefixExpressionTest
[==========] Running 1 test from 1 test suite.
[----------] Global test environment set-up.
[----------] 1 test from EvalTest
[ RUN      ] EvalTest.PrefixExpressionTest
[       OK ] EvalTest.PrefixExpressionTest (0 ms)
[----------] 1 test from EvalTest (0 ms total)

[----------] Global test environment tear-down
[==========] 1 test from 1 test suite ran. (0 ms total)
[  PASSED  ] 1 test.
<end of output>
Test time =   0.00 sec
----------------------------------------------------------
Test Passed.
"EvalTest.PrefixExpressionTest" end time: Jun 06 11:04 EEST
"EvalTest.PrefixExpressionTest" time elapsed: 00:00:00
----------------------------------------------------------

31/62 Testing: EvalTest.IfElseTest
31/62 Test: EvalTest.IfElseTest
Command: "/home/eemil/dev/c++/lups/build/lups_test" "--gtest_filter=EvalTest.IfElseTest" "--gtest_also_run_disabled_tests"
Directory: /home/eemil/dev/c++/lups/build
"EvalTest.IfElseTest" start time: Jun 06 11:04 EEST
Output:
----------------------------------------------------------
Running main() from /home/eemil/dev/c++/lups/build/_deps/googletest-src/googletest/src/gtest_main.cc
Note: Google Test filter = EvalTest.IfElseTest
[==========] Running 1 test from 1 test suite.
[----------] Global test environment set-up.
[----------] 1 test from EvalTest
[ RUN      ] EvalTest.IfElseTest
[       OK ] EvalTest.IfElseTest (0 ms)
[----------] 1 test from EvalTest (0 ms total)

[----------] Global test environment tear-down
[==========] 1 test from 1 test suite ran. (0 ms total)
[  PASSED  ] 1 test.
<end of output>
Test time =   0.00 sec
----------------------------------------------------------
Test Passed.
"EvalTest.IfElseTest" end time: Jun 06 11:04 EEST
"EvalTest.IfElseTest" time elapsed: 00:00:00
----------------------------------------------------------

32/62 Testing: EvalTest.ReturnTest
32/62 Test: EvalTest.ReturnTest
Command: "/home/eemil/dev/c++/lups/build/lups_test" "--gtest_filter=EvalTest.ReturnTest" "--gtest_also_run_disabled_tests"
Directory: /home/eemil/dev/c++/lups/build
"EvalTest.ReturnTest" start time: Jun 06 11:04 EEST
Output:
----------------------------------------------------------
Running main() from /home/eemil/dev/c++/lups/build/_deps/googletest-src/googletest/src/gtest_main.cc
Note: Google Test filter = EvalTest.ReturnTest
[==========] Running 1 test from 1 test suite.
[----------] Global test environment set-up.
[----------] 1 test from EvalTest
[ RUN      ] EvalTest.ReturnTest
[       OK ] EvalTest.ReturnTest (0 ms)
[----------] 1 test from EvalTest (0 ms total)

[----------] Global test environment tear-down
[==========] 1 test from 1 test suite ran. (0 ms total)
[  PASSED  ] 1 test.
<end of output>
Test time =   0.00 sec
----------------------------------------------------------
Test Passed.
"EvalTest.ReturnTest" end time: Jun 06 11:04 EEST
"EvalTest.ReturnTest" time elapsed: 00:00:00
----------------------------------------------------------

33/62 Testing: EvalTest.ReturnComplex
33/62 Test: EvalTest.ReturnComplex
Command: "/home/eemil/dev/c++/lups/build/lups_test" "--gtest_filter=EvalTest.ReturnComplex" "--gtest_also_run_disabled_tests"
Directory: /home/eemil/dev/c++/lups/build
"EvalTest.ReturnComplex" start time: Jun 06 11:04 EEST
Output:
----------------------------------------------------------
Running main() from /home/eemil/dev/c++/lups/build/_deps/googletest-src/googletest/src/gtest_main.cc
Note: Google Test filter = EvalTest.ReturnComplex
[==========] Running 1 test from 1 test suite.
[----------] Global test environment set-up.
[----------] 1 test from EvalTest
[ RUN      ] EvalTest.ReturnComplex
[       OK ] EvalTest.ReturnComplex (0 ms)
[----------] 1 test from EvalTest (0 ms total)

[----------] Global test environment tear-down
[==========] 1 test from 1 test suite ran. (0 ms total)
[  PASSED  ] 1 test.
<end of output>
Test time =   0.00 sec
----------------------------------------------------------
Test Passed.
"EvalTest.ReturnComplex" end time: Jun 06 11:04 EEST
"EvalTest.ReturnComplex" time elapsed: 00:00:00
----------------------------------------------------------

34/62 Testing: EvalTest.ErrorHandling
34/62 Test: EvalTest.ErrorHandling
Command: "/home/eemil/dev/c++/lups/build/lups_test" "--gtest_filter=EvalTest.ErrorHandling" "--gtest_also_run_disabled_tests"
Directory: /home/eemil/dev/c++/lups/build
"EvalTest.ErrorHandling" start time: Jun 06 11:04 EEST
Output:
----------------------------------------------------------
Running main() from /home/eemil/dev/c++/lups/build/_deps/googletest-src/googletest/src/gtest_main.cc
Note: Google Test filter = EvalTest.ErrorHandling
[==========] Running 1 test from 1 test suite.
[----------] Global test environment set-up.
[----------] 1 test from EvalTest
[ RUN      ] EvalTest.ErrorHandling
[       OK ] EvalTest.ErrorHandling (0 ms)
[----------] 1 test from EvalTest (0 ms total)

[----------] Global test environment tear-down
[==========] 1 test from 1 test suite ran. (0 ms total)
[  PASSED  ] 1 test.
<end of output>
Test time =   0.00 sec
----------------------------------------------------------
Test Passed.
"EvalTest.ErrorHandling" end time: Jun 06 11:04 EEST
"EvalTest.ErrorHandling" time elapsed: 00:00:00
----------------------------------------------------------

35/62 Testing: EvalTest.LetStatements
35/62 Test: EvalTest.LetStatements
Command: "/home/eemil/dev/c++/lups/build/lups_test" "--gtest_filter=EvalTest.LetStatements" "--gtest_also_run_disabled_tests"
Directory: /home/eemil/dev/c++/lups/build
"EvalTest.LetStatements" start time: Jun 06 11:04 EEST
Output:
----------------------------------------------------------
Running main() from /home/eemil/dev/c++/lups/build/_deps/googletest-src/googletest/src/gtest_main.cc
Note: Google Test filter = EvalTest.LetStatements
[==========] Running 1 test from 1 test suite.
[----------] Global test environment set-up.
[----------] 1 test from EvalTest
[ RUN      ] EvalTest.LetStatements
[       OK ] EvalTest.LetStatements (0 ms)
[----------] 1 test from EvalTest (0 ms total)

[----------] Global test environment tear-down
[==========] 1 test from 1 test suite ran. (0 ms total)
[  PASSED  ] 1 test.
<end of output>
Test time =   0.00 sec
----------------------------------------------------------
Test Passed.
"EvalTest.LetStatements" end time: Jun 06 11:04 EEST
"EvalTest.LetStatements" time elapsed: 00:00:00
----------------------------------------------------------

36/62 Testing: EvalTest.FunctionObject
36/62 Test: EvalTest.FunctionObject
Command: "/home/eemil/dev/c++/lups/build/lups_test" "--gtest_filter=EvalTest.FunctionObject" "--gtest_also_run_disabled_tests"
Directory: /home/eemil/dev/c++/lups/build
"EvalTest.FunctionObject" start time: Jun 06 11:04 EEST
Output:
----------------------------------------------------------
Running main() from /home/eemil/dev/c++/lups/build/_deps/googletest-src/googletest/src/gtest_main.cc
Note: Google Test filter = EvalTest.FunctionObject
[==========] Running 1 test from 1 test suite.
[----------] Global test environment set-up.
[----------] 1 test from EvalTest
[ RUN      ] EvalTest.FunctionObject
[       OK ] EvalTest.FunctionObject (0 ms)
[----------] 1 test from EvalTest (0 ms total)

[----------] Global test environment tear-down
[==========] 1 test from 1 test suite ran. (0 ms total)
[  PASSED  ] 1 test.
<end of output>
Test time =   0.00 sec
----------------------------------------------------------
Test Passed.
"EvalTest.FunctionObject" end time: Jun 06 11:04 EEST
"EvalTest.FunctionObject" time elapsed: 00:00:00
----------------------------------------------------------

37/62 Testing: EvalTest.FunctionUsage
37/62 Test: EvalTest.FunctionUsage
Command: "/home/eemil/dev/c++/lups/build/lups_test" "--gtest_filter=EvalTest.FunctionUsage" "--gtest_also_run_disabled_tests"
Directory: /home/eemil/dev/c++/lups/build
"EvalTest.FunctionUsage" start time: Jun 06 11:04 EEST
Output:
----------------------------------------------------------
Running main() from /home/eemil/dev/c++/lups/build/_deps/googletest-src/googletest/src/gtest_main.cc
Note: Google Test filter = EvalTest.FunctionUsage
[==========] Running 1 test from 1 test suite.
[----------] Global test environment set-up.
[----------] 1 test from EvalTest
[ RUN      ] EvalTest.FunctionUsage
[       OK ] EvalTest.FunctionUsage (0 ms)
[----------] 1 test from EvalTest (0 ms total)

[----------] Global test environment tear-down
[==========] 1 test from 1 test suite ran. (0 ms total)
[  PASSED  ] 1 test.
<end of output>
Test time =   0.00 sec
----------------------------------------------------------
Test Passed.
"EvalTest.FunctionUsage" end time: Jun 06 11:04 EEST
"EvalTest.FunctionUsage" time elapsed: 00:00:00
----------------------------------------------------------

38/62 Testing: EvalTest.StringLiteralTest
38/62 Test: EvalTest.StringLiteralTest
Command: "/home/eemil/dev/c++/lups/build/lups_test" "--gtest_filter=EvalTest.StringLiteralTest" "--gtest_also_run_disabled_tests"
Directory: /home/eemil/dev/c++/lups/build
"EvalTest.StringLiteralTest" start time: Jun 06 11:04 EEST
Output:
----------------------------------------------------------
Running main() from /home/eemil/dev/c++/lups/build/_deps/googletest-src/googletest/src/gtest_main.cc
Note: Google Test filter = EvalTest.StringLiteralTest
[==========] Running 1 test from 1 test suite.
[----------] Global test environment set-up.
[----------] 1 test from EvalTest
[ RUN      ] EvalTest.StringLiteralTest
[       OK ] EvalTest.StringLiteralTest (0 ms)
[----------] 1 test from EvalTest (0 ms total)

[----------] Global test environment tear-down
[==========] 1 test from 1 test suite ran. (0 ms total)
[  PASSED  ] 1 test.
<end of output>
Test time =   0.00 sec
----------------------------------------------------------
Test Passed.
"EvalTest.StringLiteralTest" end time: Jun 06 11:04 EEST
"EvalTest.StringLiteralTest" time elapsed: 00:00:00
----------------------------------------------------------

39/62 Testing: EvalTest.BuiltInFunction
39/62 Test: EvalTest.BuiltInFunction
Command: "/home/eemil/dev/c++/lups/build/lups_test" "--gtest_filter=EvalTest.BuiltInFunction" "--gtest_also_run_disabled_tests"
Directory: /home/eemil/dev/c++/lups/build
"EvalTest.BuiltInFunction" start time: Jun 06 11:04 EEST
Output:
----------------------------------------------------------
Running main() from /home/eemil/dev/c++/lups/build/_deps/googletest-src/googletest/src/gtest_main.cc
Note: Google Test filter = EvalTest.BuiltInFunction
[==========] Running 1 test from 1 test suite.
[----------] Global test environment set-up.
[----------] 1 test from EvalTest
[ RUN      ] EvalTest.BuiltInFunction
[       OK ] EvalTest.BuiltInFunction (0 ms)
[----------] 1 test from EvalTest (0 ms total)

[----------] Global test environment tear-down
[==========] 1 test from 1 test suite ran. (0 ms total)
[  PASSED  ] 1 test.
<end of output>
Test time =   0.00 sec
----------------------------------------------------------
Test Passed.
"EvalTest.BuiltInFunction" end time: Jun 06 11:04 EEST
"EvalTest.BuiltInFunction" time elapsed: 00:00:00
----------------------------------------------------------

40/62 Testing: EvalTest.ArrayLiteralEvaluation
40/62 Test: EvalTest.ArrayLiteralEvaluation
Command: "/home/eemil/dev/c++/lups/build/lups_test" "--gtest_filter=EvalTest.ArrayLiteralEvaluation" "--gtest_also_run_disabled_tests"
Directory: /home/eemil/dev/c++/lups/build
"EvalTest.ArrayLiteralEvaluation" start time: Jun 06 11:04 EEST
Output:
----------------------------------------------------------
Running main() from /home/eemil/dev/c++/lups/build/_deps/googletest-src/googletest/src/gtest_main.cc
Note: Google Test filter = EvalTest.ArrayLiteralEvaluation
[==========] Running 1 test from 1 test suite.
[----------] Global test environment set-up.
[----------] 1 test from EvalTest
[ RUN      ] EvalTest.ArrayLiteralEvaluation
[       OK ] EvalTest.ArrayLiteralEvaluation (0 ms)
[----------] 1 test from EvalTest (0 ms total)

[----------] Global test environment tear-down
[==========] 1 test from 1 test suite ran. (0 ms total)
[  PASSED  ] 1 test.
<end of output>
Test time =   0.00 sec
----------------------------------------------------------
Test Passed.
"EvalTest.ArrayLiteralEvaluation" end time: Jun 06 11:04 EEST
"EvalTest.ArrayLiteralEvaluation" time elapsed: 00:00:00
----------------------------------------------------------

41/62 Testing: EvalTest.ArrayIndexExpressions
41/62 Test: EvalTest.ArrayIndexExpressions
Command: "/home/eemil/dev/c++/lups/build/lups_test" "--gtest_filter=EvalTest.ArrayIndexExpressions" "--gtest_also_run_disabled_tests"
Directory: /home/eemil/dev/c++/lups/build
"EvalTest.ArrayIndexExpressions" start time: Jun 06 11:04 EEST
Output:
----------------------------------------------------------
Running main() from /home/eemil/dev/c++/lups/build/_deps/googletest-src/googletest/src/gtest_main.cc
Note: Google Test filter = EvalTest.ArrayIndexExpressions
[==========] Running 1 test from 1 test suite.
[----------] Global test environment set-up.
[----------] 1 test from EvalTest
[ RUN      ] EvalTest.ArrayIndexExpressions
[       OK ] EvalTest.ArrayIndexExpressions (0 ms)
[----------] 1 test from EvalTest (0 ms total)

[----------] Global test environment tear-down
[==========] 1 test from 1 test suite ran. (0 ms total)
[  PASSED  ] 1 test.
<end of output>
Test time =   0.00 sec
----------------------------------------------------------
Test Passed.
"EvalTest.ArrayIndexExpressions" end time: Jun 06 11:04 EEST
"EvalTest.ArrayIndexExpressions" time elapsed: 00:00:00
----------------------------------------------------------

42/62 Testing: EvalTest.HashEvaluationTest
42/62 Test: EvalTest.HashEvaluationTest
Command: "/home/eemil/dev/c++/lups/build/lups_test" "--gtest_filter=EvalTest.HashEvaluationTest" "--gtest_also_run_disabled_tests"
Directory: /home/eemil/dev/c++/lups/build
"EvalTest.HashEvaluationTest" start time: Jun 06 11:04 EEST
Output:
----------------------------------------------------------
Running main() from /home/eemil/dev/c++/lups/build/_deps/googletest-src/googletest/src/gtest_main.cc
Note: Google Test filter = EvalTest.HashEvaluationTest
[==========] Running 1 test from 1 test suite.
[----------] Global test environment set-up.
[----------] 1 test from EvalTest
[ RUN      ] EvalTest.HashEvaluationTest
[       OK ] EvalTest.HashEvaluationTest (0 ms)
[----------] 1 test from EvalTest (0 ms total)

[----------] Global test environment tear-down
[==========] 1 test from 1 test suite ran. (0 ms total)
[  PASSED  ] 1 test.
<end of output>
Test time =   0.00 sec
----------------------------------------------------------
Test Passed.
"EvalTest.HashEvaluationTest" end time: Jun 06 11:04 EEST
"EvalTest.HashEvaluationTest" time elapsed: 00:00:00
----------------------------------------------------------

43/62 Testing: EvalTest.HashIndexExpressions
43/62 Test: EvalTest.HashIndexExpressions
Command: "/home/eemil/dev/c++/lups/build/lups_test" "--gtest_filter=EvalTest.HashIndexExpressions" "--gtest_also_run_disabled_tests"
Directory: /home/eemil/dev/c++/lups/build
"EvalTest.HashIndexExpressions" start time: Jun 06 11:04 EEST
Output:
----------------------------------------------------------
Running main() from /home/eemil/dev/c++/lups/build/_deps/googletest-src/googletest/src/gtest_main.cc
Note: Google Test filter = EvalTest.HashIndexExpressions
[==========] Running 1 test from 1 test suite.
[----------] Global test environment set-up.
[----------] 1 test from EvalTest
[ RUN      ] EvalTest.HashIndexExpressions
[       OK ] EvalTest.HashIndexExpressions (0 ms)
[----------] 1 test from EvalTest (0 ms total)

[----------] Global test environment tear-down
[==========] 1 test from 1 test suite ran. (0 ms total)
[  PASSED  ] 1 test.
<end of output>
Test time =   0.00 sec
----------------------------------------------------------
Test Passed.
"EvalTest.HashIndexExpressions" end time: Jun 06 11:04 EEST
"EvalTest.HashIndexExpressions" time elapsed: 00:00:00
----------------------------------------------------------

44/62 Testing: ObjectTest.HashKeyTest
44/62 Test: ObjectTest.HashKeyTest
Command: "/home/eemil/dev/c++/lups/build/lups_test" "--gtest_filter=ObjectTest.HashKeyTest" "--gtest_also_run_disabled_tests"
Directory: /home/eemil/dev/c++/lups/build
"ObjectTest.HashKeyTest" start time: Jun 06 11:04 EEST
Output:
----------------------------------------------------------
Running main() from /home/eemil/dev/c++/lups/build/_deps/googletest-src/googletest/src/gtest_main.cc
Note: Google Test filter = ObjectTest.HashKeyTest
[==========] Running 1 test from 1 test suite.
[----------] Global test environment set-up.
[----------] 1 test from ObjectTest
[ RUN      ] ObjectTest.HashKeyTest
[       OK ] ObjectTest.HashKeyTest (0 ms)
[----------] 1 test from ObjectTest (0 ms total)

[----------] Global test environment tear-down
[==========] 1 test from 1 test suite ran. (0 ms total)
[  PASSED  ] 1 test.
<end of output>
Test time =   0.00 sec
----------------------------------------------------------
Test Passed.
"ObjectTest.HashKeyTest" end time: Jun 06 11:04 EEST
"ObjectTest.HashKeyTest" time elapsed: 00:00:00
----------------------------------------------------------

45/62 Testing: CodeTest.Make
45/62 Test: CodeTest.Make
Command: "/home/eemil/dev/c++/lups/build/lups_test" "--gtest_filter=CodeTest.Make" "--gtest_also_run_disabled_tests"
Directory: /home/eemil/dev/c++/lups/build
"CodeTest.Make" start time: Jun 06 11:04 EEST
Output:
----------------------------------------------------------
Running main() from /home/eemil/dev/c++/lups/build/_deps/googletest-src/googletest/src/gtest_main.cc
Note: Google Test filter = CodeTest.Make
[==========] Running 1 test from 1 test suite.
[----------] Global test environment set-up.
[----------] 1 test from CodeTest
[ RUN      ] CodeTest.Make
[       OK ] CodeTest.Make (0 ms)
[----------] 1 test from CodeTest (0 ms total)

[----------] Global test environment tear-down
[==========] 1 test from 1 test suite ran. (0 ms total)
[  PASSED  ] 1 test.
<end of output>
Test time =   0.00 sec
----------------------------------------------------------
Test Passed.
"CodeTest.Make" end time: Jun 06 11:04 EEST
"CodeTest.Make" time elapsed: 00:00:00
----------------------------------------------------------

46/62 Testing: CodeTest.InstructionString
46/62 Test: CodeTest.InstructionString
Command: "/home/eemil/dev/c++/lups/build/lups_test" "--gtest_filter=CodeTest.InstructionString" "--gtest_also_run_disabled_tests"
Directory: /home/eemil/dev/c++/lups/build
"CodeTest.InstructionString" start time: Jun 06 11:04 EEST
Output:
----------------------------------------------------------
Running main() from /home/eemil/dev/c++/lups/build/_deps/googletest-src/googletest/src/gtest_main.cc
Note: Google Test filter = CodeTest.InstructionString
[==========] Running 1 test from 1 test suite.
[----------] Global test environment set-up.
[----------] 1 test from CodeTest
[ RUN      ] CodeTest.InstructionString
[       OK ] CodeTest.InstructionString (0 ms)
[----------] 1 test from CodeTest (0 ms total)

[----------] Global test environment tear-down
[==========] 1 test from 1 test suite ran. (0 ms total)
[  PASSED  ] 1 test.
<end of output>
Test time =   0.00 sec
----------------------------------------------------------
Test Passed.
"CodeTest.InstructionString" end time: Jun 06 11:04 EEST
"CodeTest.InstructionString" time elapsed: 00:00:00
----------------------------------------------------------

47/62 Testing: CodeTest.ReadOperands
47/62 Test: CodeTest.ReadOperands
Command: "/home/eemil/dev/c++/lups/build/lups_test" "--gtest_filter=CodeTest.ReadOperands" "--gtest_also_run_disabled_tests"
Directory: /home/eemil/dev/c++/lups/build
"CodeTest.ReadOperands" start time: Jun 06 11:04 EEST
Output:
----------------------------------------------------------
Running main() from /home/eemil/dev/c++/lups/build/_deps/googletest-src/googletest/src/gtest_main.cc
Note: Google Test filter = CodeTest.ReadOperands
[==========] Running 1 test from 1 test suite.
[----------] Global test environment set-up.
[----------] 1 test from CodeTest
[ RUN      ] CodeTest.ReadOperands
[       OK ] CodeTest.ReadOperands (0 ms)
[----------] 1 test from CodeTest (0 ms total)

[----------] Global test environment tear-down
[==========] 1 test from 1 test suite ran. (0 ms total)
[  PASSED  ] 1 test.
<end of output>
Test time =   0.00 sec
----------------------------------------------------------
Test Passed.
"CodeTest.ReadOperands" end time: Jun 06 11:04 EEST
"CodeTest.ReadOperands" time elapsed: 00:00:00
----------------------------------------------------------

48/62 Testing: CompilerTest.IntegerArithmetic
48/62 Test: CompilerTest.IntegerArithmetic
Command: "/home/eemil/dev/c++/lups/build/lups_test" "--gtest_filter=CompilerTest.IntegerArithmetic" "--gtest_also_run_disabled_tests"
Directory: /home/eemil/dev/c++/lups/build
"CompilerTest.IntegerArithmetic" start time: Jun 06 11:04 EEST
Output:
----------------------------------------------------------
Running main() from /home/eemil/dev/c++/lups/build/_deps/googletest-src/googletest/src/gtest_main.cc
Note: Google Test filter = CompilerTest.IntegerArithmetic
[==========] Running 1 test from 1 test suite.
[----------] Global test environment set-up.
[----------] 1 test from CompilerTest
[ RUN      ] CompilerTest.IntegerArithmetic
result: 0000 OpConstant 0
0003 OpConstant 1
0006 OpAdd
0007 OpPop

expected: 0000 OpConstant 0
0003 OpConstant 1
0006 OpAdd
0007 OpPop

result: 0000 OpConstant 0
0003 OpPop
0004 OpConstant 1
0007 OpPop

expected: 0000 OpConstant 0
0003 OpPop
0004 OpConstant 1
0007 OpPop

result: 0000 OpConstant 0
0003 OpConstant 1
0006 OpMul
0007 OpPop

expected: 0000 OpConstant 0
0003 OpConstant 1
0006 OpMul
0007 OpPop

result: 0000 OpConstant 0
0003 OpConstant 1
0006 OpSub
0007 OpPop

expected: 0000 OpConstant 0
0003 OpConstant 1
0006 OpSub
0007 OpPop

result: 0000 OpConstant 0
0003 OpConstant 1
0006 OpDiv
0007 OpPop

expected: 0000 OpConstant 0
0003 OpConstant 1
0006 OpDiv
0007 OpPop

result: 0000 OpConstant 0
0003 OpMinus
0004 OpPop

expected: 0000 OpConstant 0
0003 OpMinus
0004 OpPop

[       OK ] CompilerTest.IntegerArithmetic (1 ms)
[----------] 1 test from CompilerTest (1 ms total)

[----------] Global test environment tear-down
[==========] 1 test from 1 test suite ran. (1 ms total)
[  PASSED  ] 1 test.
<end of output>
Test time =   0.00 sec
----------------------------------------------------------
Test Passed.
"CompilerTest.IntegerArithmetic" end time: Jun 06 11:04 EEST
"CompilerTest.IntegerArithmetic" time elapsed: 00:00:00
----------------------------------------------------------

49/62 Testing: CompilerTest.ConditionalTest
49/62 Test: CompilerTest.ConditionalTest
Command: "/home/eemil/dev/c++/lups/build/lups_test" "--gtest_filter=CompilerTest.ConditionalTest" "--gtest_also_run_disabled_tests"
Directory: /home/eemil/dev/c++/lups/build
"CompilerTest.ConditionalTest" start time: Jun 06 11:04 EEST
Output:
----------------------------------------------------------
Running main() from /home/eemil/dev/c++/lups/build/_deps/googletest-src/googletest/src/gtest_main.cc
Note: Google Test filter = CompilerTest.ConditionalTest
[==========] Running 1 test from 1 test suite.
[----------] Global test environment set-up.
[----------] 1 test from CompilerTest
[ RUN      ] CompilerTest.ConditionalTest
result: 0000 OpTrue
0001 OpJumpNotTruthy 10
0004 OpConstant 0
0007 OpJump 13
0010 OpConstant 1
0013 OpPop
0014 OpConstant 2
0017 OpPop

expected: 0000 OpTrue
0001 OpJumpNotTruthy 10
0004 OpConstant 0
0007 OpJump 13
0010 OpConstant 1
0013 OpPop
0014 OpConstant 2
0017 OpPop

result: 0000 OpTrue
0001 OpJumpNotTruthy 10
0004 OpConstant 0
0007 OpJump 11
0010 OpNull
0011 OpPop
0012 OpConstant 1
0015 OpPop

expected: 0000 OpTrue
0001 OpJumpNotTruthy 10
0004 OpConstant 0
0007 OpJump 11
0010 OpNull
0011 OpPop
0012 OpConstant 1
0015 OpPop

[       OK ] CompilerTest.ConditionalTest (0 ms)
[----------] 1 test from CompilerTest (0 ms total)

[----------] Global test environment tear-down
[==========] 1 test from 1 test suite ran. (0 ms total)
[  PASSED  ] 1 test.
<end of output>
Test time =   0.00 sec
----------------------------------------------------------
Test Passed.
"CompilerTest.ConditionalTest" end time: Jun 06 11:04 EEST
"CompilerTest.ConditionalTest" time elapsed: 00:00:00
----------------------------------------------------------

50/62 Testing: CompilerTest.BooleanExpressions
50/62 Test: CompilerTest.BooleanExpressions
Command: "/home/eemil/dev/c++/lups/build/lups_test" "--gtest_filter=CompilerTest.BooleanExpressions" "--gtest_also_run_disabled_tests"
Directory: /home/eemil/dev/c++/lups/build
"CompilerTest.BooleanExpressions" start time: Jun 06 11:04 EEST
Output:
----------------------------------------------------------
Running main() from /home/eemil/dev/c++/lups/build/_deps/googletest-src/googletest/src/gtest_main.cc
Note: Google Test filter = CompilerTest.BooleanExpressions
[==========] Running 1 test from 1 test suite.
[----------] Global test environment set-up.
[----------] 1 test from CompilerTest
[ RUN      ] CompilerTest.BooleanExpressions
result: 0000 OpTrue
0001 OpPop

expected: 0000 OpTrue
0001 OpPop

result: 0000 OpFalse
0001 OpPop

expected: 0000 OpFalse
0001 OpPop

result: 0000 OpConstant 0
0003 OpConstant 1
0006 OpGreaterThan
0007 OpPop

expected: 0000 OpConstant 0
0003 OpConstant 1
0006 OpGreaterThan
0007 OpPop

result: 0000 OpConstant 0
0003 OpConstant 1
0006 OpGreaterThan
0007 OpPop

expected: 0000 OpConstant 0
0003 OpConstant 1
0006 OpGreaterThan
0007 OpPop

result: 0000 OpConstant 0
0003 OpConstant 1
0006 OpEqual
0007 OpPop

expected: 0000 OpConstant 0
0003 OpConstant 1
0006 OpEqual
0007 OpPop

result: 0000 OpConstant 0
0003 OpConstant 1
0006 OpNotEqual
0007 OpPop

expected: 0000 OpConstant 0
0003 OpConstant 1
0006 OpNotEqual
0007 OpPop

result: 0000 OpTrue
0001 OpFalse
0002 OpEqual
0003 OpPop

expected: 0000 OpTrue
0001 OpFalse
0002 OpEqual
0003 OpPop

result: 0000 OpTrue
0001 OpFalse
0002 OpNotEqual
0003 OpPop

expected: 0000 OpTrue
0001 OpFalse
0002 OpNotEqual
0003 OpPop

result: 0000 OpTrue
0001 OpBang
0002 OpPop

expected: 0000 OpTrue
0001 OpBang
0002 OpPop

[       OK ] CompilerTest.BooleanExpressions (0 ms)
[----------] 1 test from CompilerTest (0 ms total)

[----------] Global test environment tear-down
[==========] 1 test from 1 test suite ran. (0 ms total)
[  PASSED  ] 1 test.
<end of output>
Test time =   0.00 sec
----------------------------------------------------------
Test Passed.
"CompilerTest.BooleanExpressions" end time: Jun 06 11:04 EEST
"CompilerTest.BooleanExpressions" time elapsed: 00:00:00
----------------------------------------------------------

51/62 Testing: CompilerTest.StringExpressions
51/62 Test: CompilerTest.StringExpressions
Command: "/home/eemil/dev/c++/lups/build/lups_test" "--gtest_filter=CompilerTest.StringExpressions" "--gtest_also_run_disabled_tests"
Directory: /home/eemil/dev/c++/lups/build
"CompilerTest.StringExpressions" start time: Jun 06 11:04 EEST
Output:
----------------------------------------------------------
Running main() from /home/eemil/dev/c++/lups/build/_deps/googletest-src/googletest/src/gtest_main.cc
Note: Google Test filter = CompilerTest.StringExpressions
[==========] Running 1 test from 1 test suite.
[----------] Global test environment set-up.
[----------] 1 test from CompilerTest
[ RUN      ] CompilerTest.StringExpressions
result: 0000 OpConstant 0
0003 OpPop

expected: 0000 OpConstant 0
0003 OpPop

result: 0000 OpConstant 0
0003 OpConstant 1
0006 OpAdd
0007 OpPop

expected: 0000 OpConstant 0
0003 OpConstant 1
0006 OpAdd
0007 OpPop

[       OK ] CompilerTest.StringExpressions (0 ms)
[----------] 1 test from CompilerTest (0 ms total)

[----------] Global test environment tear-down
[==========] 1 test from 1 test suite ran. (0 ms total)
[  PASSED  ] 1 test.
<end of output>
Test time =   0.00 sec
----------------------------------------------------------
Test Passed.
"CompilerTest.StringExpressions" end time: Jun 06 11:04 EEST
"CompilerTest.StringExpressions" time elapsed: 00:00:00
----------------------------------------------------------

52/62 Testing: CompilerTest.GlobalLetStatements
52/62 Test: CompilerTest.GlobalLetStatements
Command: "/home/eemil/dev/c++/lups/build/lups_test" "--gtest_filter=CompilerTest.GlobalLetStatements" "--gtest_also_run_disabled_tests"
Directory: /home/eemil/dev/c++/lups/build
"CompilerTest.GlobalLetStatements" start time: Jun 06 11:04 EEST
Output:
----------------------------------------------------------
Running main() from /home/eemil/dev/c++/lups/build/_deps/googletest-src/googletest/src/gtest_main.cc
Note: Google Test filter = CompilerTest.GlobalLetStatements
[==========] Running 1 test from 1 test suite.
[----------] Global test environment set-up.
[----------] 1 test from CompilerTest
[ RUN      ] CompilerTest.GlobalLetStatements
result: 0000 OpConstant 0
0003 OpSetGlobal 0
0006 OpConstant 1
0009 OpSetGlobal 1

expected: 0000 OpConstant 0
0003 OpSetGlobal 0
0006 OpConstant 1
0009 OpSetGlobal 1

result: 0000 OpConstant 0
0003 OpSetGlobal 0
0006 OpGetGlobal 0
0009 OpPop

expected: 0000 OpConstant 0
0003 OpSetGlobal 0
0006 OpGetGlobal 0
0009 OpPop

result: 0000 OpConstant 0
0003 OpSetGlobal 0
0006 OpGetGlobal 0
0009 OpSetGlobal 1
0012 OpGetGlobal 1
0015 OpPop

expected: 0000 OpConstant 0
0003 OpSetGlobal 0
0006 OpGetGlobal 0
0009 OpSetGlobal 1
0012 OpGetGlobal 1
0015 OpPop

[       OK ] CompilerTest.GlobalLetStatements (0 ms)
[----------] 1 test from CompilerTest (0 ms total)

[----------] Global test environment tear-down
[==========] 1 test from 1 test suite ran. (0 ms total)
[  PASSED  ] 1 test.
<end of output>
Test time =   0.00 sec
----------------------------------------------------------
Test Passed.
"CompilerTest.GlobalLetStatements" end time: Jun 06 11:04 EEST
"CompilerTest.GlobalLetStatements" time elapsed: 00:00:00
----------------------------------------------------------

53/62 Testing: CompilerTest.ArrayLiterals
53/62 Test: CompilerTest.ArrayLiterals
Command: "/home/eemil/dev/c++/lups/build/lups_test" "--gtest_filter=CompilerTest.ArrayLiterals" "--gtest_also_run_disabled_tests"
Directory: /home/eemil/dev/c++/lups/build
"CompilerTest.ArrayLiterals" start time: Jun 06 11:04 EEST
Output:
----------------------------------------------------------
Running main() from /home/eemil/dev/c++/lups/build/_deps/googletest-src/googletest/src/gtest_main.cc
Note: Google Test filter = CompilerTest.ArrayLiterals
[==========] Running 1 test from 1 test suite.
[----------] Global test environment set-up.
[----------] 1 test from CompilerTest
[ RUN      ] CompilerTest.ArrayLiterals
result: 0000 OpArray 0
0003 OpPop

expected: 0000 OpArray 0
0003 OpPop

result: 0000 OpConstant 0
0003 OpConstant 1
0006 OpConstant 2
0009 OpArray 3
0012 OpPop

expected: 0000 OpConstant 0
0003 OpConstant 1
0006 OpConstant 2
0009 OpArray 3
0012 OpPop

result: 0000 OpConstant 0
0003 OpConstant 1
0006 OpAdd
0007 OpConstant 2
0010 OpConstant 3
0013 OpSub
0014 OpConstant 4
0017 OpConstant 5
0020 OpMul
0021 OpArray 3
0024 OpPop

expected: 0000 OpConstant 0
0003 OpConstant 1
0006 OpAdd
0007 OpConstant 2
0010 OpConstant 3
0013 OpSub
0014 OpConstant 4
0017 OpConstant 5
0020 OpMul
0021 OpArray 3
0024 OpPop

[       OK ] CompilerTest.ArrayLiterals (0 ms)
[----------] 1 test from CompilerTest (0 ms total)

[----------] Global test environment tear-down
[==========] 1 test from 1 test suite ran. (0 ms total)
[  PASSED  ] 1 test.
<end of output>
Test time =   0.00 sec
----------------------------------------------------------
Test Passed.
"CompilerTest.ArrayLiterals" end time: Jun 06 11:04 EEST
"CompilerTest.ArrayLiterals" time elapsed: 00:00:00
----------------------------------------------------------

54/62 Testing: CompilerTest.HashLiterals
54/62 Test: CompilerTest.HashLiterals
Command: "/home/eemil/dev/c++/lups/build/lups_test" "--gtest_filter=CompilerTest.HashLiterals" "--gtest_also_run_disabled_tests"
Directory: /home/eemil/dev/c++/lups/build
"CompilerTest.HashLiterals" start time: Jun 06 11:04 EEST
Output:
----------------------------------------------------------
Running main() from /home/eemil/dev/c++/lups/build/_deps/googletest-src/googletest/src/gtest_main.cc
Note: Google Test filter = CompilerTest.HashLiterals
[==========] Running 1 test from 1 test suite.
[----------] Global test environment set-up.
[----------] 1 test from CompilerTest
[ RUN      ] CompilerTest.HashLiterals
result: 0000 OpHash 0
0003 OpPop

expected: 0000 OpHash 0
0003 OpPop

result: 0000 OpConstant 0
0003 OpConstant 1
0006 OpConstant 2
0009 OpConstant 3
0012 OpConstant 4
0015 OpConstant 5
0018 OpHash 6
0021 OpPop

expected: 0000 OpConstant 0
0003 OpConstant 1
0006 OpConstant 2
0009 OpConstant 3
0012 OpConstant 4
0015 OpConstant 5
0018 OpHash 6
0021 OpPop

result: 0000 OpConstant 0
0003 OpConstant 1
0006 OpConstant 2
0009 OpAdd
0010 OpConstant 3
0013 OpConstant 4
0016 OpConstant 5
0019 OpMul
0020 OpHash 4
0023 OpPop

expected: 0000 OpConstant 0
0003 OpConstant 1
0006 OpConstant 2
0009 OpAdd
0010 OpConstant 3
0013 OpConstant 4
0016 OpConstant 5
0019 OpMul
0020 OpHash 4
0023 OpPop

[       OK ] CompilerTest.HashLiterals (1 ms)
[----------] 1 test from CompilerTest (1 ms total)

[----------] Global test environment tear-down
[==========] 1 test from 1 test suite ran. (1 ms total)
[  PASSED  ] 1 test.
<end of output>
Test time =   0.00 sec
----------------------------------------------------------
Test Passed.
"CompilerTest.HashLiterals" end time: Jun 06 11:04 EEST
"CompilerTest.HashLiterals" time elapsed: 00:00:00
----------------------------------------------------------

55/62 Testing: VMTest.VMIntegerArithmetic
55/62 Test: VMTest.VMIntegerArithmetic
Command: "/home/eemil/dev/c++/lups/build/lups_test" "--gtest_filter=VMTest.VMIntegerArithmetic" "--gtest_also_run_disabled_tests"
Directory: /home/eemil/dev/c++/lups/build
"VMTest.VMIntegerArithmetic" start time: Jun 06 11:04 EEST
Output:
----------------------------------------------------------
Running main() from /home/eemil/dev/c++/lups/build/_deps/googletest-src/googletest/src/gtest_main.cc
Note: Google Test filter = VMTest.VMIntegerArithmetic
[==========] Running 1 test from 1 test suite.
[----------] Global test environment set-up.
[----------] 1 test from VMTest
[ RUN      ] VMTest.VMIntegerArithmetic
[       OK ] VMTest.VMIntegerArithmetic (5 ms)
[----------] 1 test from VMTest (5 ms total)

[----------] Global test environment tear-down
[==========] 1 test from 1 test suite ran. (5 ms total)
[  PASSED  ] 1 test.
<end of output>
Test time =   0.01 sec
----------------------------------------------------------
Test Passed.
"VMTest.VMIntegerArithmetic" end time: Jun 06 11:04 EEST
"VMTest.VMIntegerArithmetic" time elapsed: 00:00:00
----------------------------------------------------------

56/62 Testing: VMTest.VMBooleanTest
56/62 Test: VMTest.VMBooleanTest
Command: "/home/eemil/dev/c++/lups/build/lups_test" "--gtest_filter=VMTest.VMBooleanTest" "--gtest_also_run_disabled_tests"
Directory: /home/eemil/dev/c++/lups/build
"VMTest.VMBooleanTest" start time: Jun 06 11:04 EEST
Output:
----------------------------------------------------------
Running main() from /home/eemil/dev/c++/lups/build/_deps/googletest-src/googletest/src/gtest_main.cc
Note: Google Test filter = VMTest.VMBooleanTest
[==========] Running 1 test from 1 test suite.
[----------] Global test environment set-up.
[----------] 1 test from VMTest
[ RUN      ] VMTest.VMBooleanTest
[       OK ] VMTest.VMBooleanTest (8 ms)
[----------] 1 test from VMTest (8 ms total)

[----------] Global test environment tear-down
[==========] 1 test from 1 test suite ran. (8 ms total)
[  PASSED  ] 1 test.
<end of output>
Test time =   0.01 sec
----------------------------------------------------------
Test Passed.
"VMTest.VMBooleanTest" end time: Jun 06 11:04 EEST
"VMTest.VMBooleanTest" time elapsed: 00:00:00
----------------------------------------------------------

57/62 Testing: VMTest.Conditionals
57/62 Test: VMTest.Conditionals
Command: "/home/eemil/dev/c++/lups/build/lups_test" "--gtest_filter=VMTest.Conditionals" "--gtest_also_run_disabled_tests"
Directory: /home/eemil/dev/c++/lups/build
"VMTest.Conditionals" start time: Jun 06 11:04 EEST
Output:
----------------------------------------------------------
Running main() from /home/eemil/dev/c++/lups/build/_deps/googletest-src/googletest/src/gtest_main.cc
Note: Google Test filter = VMTest.Conditionals
[==========] Running 1 test from 1 test suite.
[----------] Global test environment set-up.
[----------] 1 test from VMTest
[ RUN      ] VMTest.Conditionals
[       OK ] VMTest.Conditionals (3 ms)
[----------] 1 test from VMTest (3 ms total)

[----------] Global test environment tear-down
[==========] 1 test from 1 test suite ran. (3 ms total)
[  PASSED  ] 1 test.
<end of output>
Test time =   0.01 sec
----------------------------------------------------------
Test Passed.
"VMTest.Conditionals" end time: Jun 06 11:04 EEST
"VMTest.Conditionals" time elapsed: 00:00:00
----------------------------------------------------------

58/62 Testing: VMTest.GlobalLetStatements
58/62 Test: VMTest.GlobalLetStatements
Command: "/home/eemil/dev/c++/lups/build/lups_test" "--gtest_filter=VMTest.GlobalLetStatements" "--gtest_also_run_disabled_tests"
Directory: /home/eemil/dev/c++/lups/build
"VMTest.GlobalLetStatements" start time: Jun 06 11:04 EEST
Output:
----------------------------------------------------------
Running main() from /home/eemil/dev/c++/lups/build/_deps/googletest-src/googletest/src/gtest_main.cc
Note: Google Test filter = VMTest.GlobalLetStatements
[==========] Running 1 test from 1 test suite.
[----------] Global test environment set-up.
[----------] 1 test from VMTest
[ RUN      ] VMTest.GlobalLetStatements
[       OK ] VMTest.GlobalLetStatements (1 ms)
[----------] 1 test from VMTest (1 ms total)

[----------] Global test environment tear-down
[==========] 1 test from 1 test suite ran. (1 ms total)
[  PASSED  ] 1 test.
<end of output>
Test time =   0.00 sec
----------------------------------------------------------
Test Passed.
"VMTest.GlobalLetStatements" end time: Jun 06 11:04 EEST
"VMTest.GlobalLetStatements" time elapsed: 00:00:00
----------------------------------------------------------

59/62 Testing: VMTest.StringExpressions
59/62 Test: VMTest.StringExpressions
Command: "/home/eemil/dev/c++/lups/build/lups_test" "--gtest_filter=VMTest.StringExpressions" "--gtest_also_run_disabled_tests"
Directory: /home/eemil/dev/c++/lups/build
"VMTest.StringExpressions" start time: Jun 06 11:04 EEST
Output:
----------------------------------------------------------
Running main() from /home/eemil/dev/c++/lups/build/_deps/googletest-src/googletest/src/gtest_main.cc
Note: Google Test filter = VMTest.StringExpressions
[==========] Running 1 test from 1 test suite.
[----------] Global test environment set-up.
[----------] 1 test from VMTest
[ RUN      ] VMTest.StringExpressions
[       OK ] VMTest.StringExpressions (1 ms)
[----------] 1 test from VMTest (1 ms total)

[----------] Global test environment tear-down
[==========] 1 test from 1 test suite ran. (1 ms total)
[  PASSED  ] 1 test.
<end of output>
Test time =   0.00 sec
----------------------------------------------------------
Test Passed.
"VMTest.StringExpressions" end time: Jun 06 11:04 EEST
"VMTest.StringExpressions" time elapsed: 00:00:00
----------------------------------------------------------

60/62 Testing: VMTest.ArrayLiterals
60/62 Test: VMTest.ArrayLiterals
Command: "/home/eemil/dev/c++/lups/build/lups_test" "--gtest_filter=VMTest.ArrayLiterals" "--gtest_also_run_disabled_tests"
Directory: /home/eemil/dev/c++/lups/build
"VMTest.ArrayLiterals" start time: Jun 06 11:04 EEST
Output:
----------------------------------------------------------
Running main() from /home/eemil/dev/c++/lups/build/_deps/googletest-src/googletest/src/gtest_main.cc
Note: Google Test filter = VMTest.ArrayLiterals
[==========] Running 1 test from 1 test suite.
[----------] Global test environment set-up.
[----------] 1 test from VMTest
[ RUN      ] VMTest.ArrayLiterals
[       OK ] VMTest.ArrayLiterals (1 ms)
[----------] 1 test from VMTest (1 ms total)

[----------] Global test environment tear-down
[==========] 1 test from 1 test suite ran. (1 ms total)
[  PASSED  ] 1 test.
<end of output>
Test time =   0.00 sec
----------------------------------------------------------
Test Passed.
"VMTest.ArrayLiterals" end time: Jun 06 11:04 EEST
"VMTest.ArrayLiterals" time elapsed: 00:00:00
----------------------------------------------------------

61/62 Testing: SymbolTableTest.TestDefine
61/62 Test: SymbolTableTest.TestDefine
Command: "/home/eemil/dev/c++/lups/build/lups_test" "--gtest_filter=SymbolTableTest.TestDefine" "--gtest_also_run_disabled_tests"
Directory: /home/eemil/dev/c++/lups/build
"SymbolTableTest.TestDefine" start time: Jun 06 11:04 EEST
Output:
----------------------------------------------------------
Running main() from /home/eemil/dev/c++/lups/build/_deps/googletest-src/googletest/src/gtest_main.cc
Note: Google Test filter = SymbolTableTest.TestDefine
[==========] Running 1 test from 1 test suite.
[----------] Global test environment set-up.
[----------] 1 test from SymbolTableTest
[ RUN      ] SymbolTableTest.TestDefine
[       OK ] SymbolTableTest.TestDefine (0 ms)
[----------] 1 test from SymbolTableTest (0 ms total)

[----------] Global test environment tear-down
[==========] 1 test from 1 test suite ran. (0 ms total)
[  PASSED  ] 1 test.
<end of output>
Test time =   0.00 sec
----------------------------------------------------------
Test Passed.
"SymbolTableTest.TestDefine" end time: Jun 06 11:04 EEST
"SymbolTableTest.TestDefine" time elapsed: 00:00:00
----------------------------------------------------------

62/62 Testing: SymbolTableTest.TestResolveGlobal
62/62 Test: SymbolTableTest.TestResolveGlobal
Command: "/home/eemil/dev/c++/lups/build/lups_test" "--gtest_filter=SymbolTableTest.TestResolveGlobal" "--gtest_also_run_disabled_tests"
Directory: /home/eemil/dev/c++/lups/build
"SymbolTableTest.TestResolveGlobal" start time: Jun 06 11:04 EEST
Output:
----------------------------------------------------------
Running main() from /home/eemil/dev/c++/lups/build/_deps/googletest-src/googletest/src/gtest_main.cc
Note: Google Test filter = SymbolTableTest.TestResolveGlobal
[==========] Running 1 test from 1 test suite.
[----------] Global test environment set-up.
[----------] 1 test from SymbolTableTest
[ RUN      ] SymbolTableTest.TestResolveGlobal
[       OK ] SymbolTableTest.TestResolveGlobal (0 ms)
[----------] 1 test from SymbolTableTest (0 ms total)

[----------] Global test environment tear-down
[==========] 1 test from 1 test suite ran. (0 ms total)
[  PASSED  ] 1 test.
<end of output>
Test time =   0.00 sec
----------------------------------------------------------
Test Passed.
"SymbolTableTest.TestResolveGlobal" end time: Jun 06 11:04 EEST
"SymbolTableTest.TestResolveGlobal" time elapsed: 00:00:00
----------------------------------------------------------

End testing: Jun 06 11:04 EEST
