Start testing: May 21 16:23 EEST
----------------------------------------------------------
1/22 Testing: LexerTest.TestNextToken
1/22 Test: LexerTest.TestNextToken
Command: "/home/eemil/dev/c++/lups/build/lups_test" "--gtest_filter=LexerTest.TestNextToken" "--gtest_also_run_disabled_tests"
Directory: /home/eemil/dev/c++/lups/build
"LexerTest.TestNextToken" start time: May 21 16:23 EEST
Output:
----------------------------------------------------------
Running main() from /home/eemil/dev/c++/lups/build/_deps/googletest-src/googletest/src/gtest_main.cc
Note: Google Test filter = LexerTest.TestNextToken
[==========] Running 1 test from 1 test suite.
[----------] Global test environment set-up.
[----------] 1 test from LexerTest
[ RUN      ] LexerTest.TestNextToken
[       OK ] LexerTest.TestNextToken (0 ms)
[----------] 1 test from LexerTest (0 ms total)

[----------] Global test environment tear-down
[==========] 1 test from 1 test suite ran. (0 ms total)
[  PASSED  ] 1 test.
<end of output>
Test time =   0.00 sec
----------------------------------------------------------
Test Passed.
"LexerTest.TestNextToken" end time: May 21 16:23 EEST
"LexerTest.TestNextToken" time elapsed: 00:00:00
----------------------------------------------------------

2/22 Testing: LexerTest.IfStatements
2/22 Test: LexerTest.IfStatements
Command: "/home/eemil/dev/c++/lups/build/lups_test" "--gtest_filter=LexerTest.IfStatements" "--gtest_also_run_disabled_tests"
Directory: /home/eemil/dev/c++/lups/build
"LexerTest.IfStatements" start time: May 21 16:23 EEST
Output:
----------------------------------------------------------
Running main() from /home/eemil/dev/c++/lups/build/_deps/googletest-src/googletest/src/gtest_main.cc
Note: Google Test filter = LexerTest.IfStatements
[==========] Running 1 test from 1 test suite.
[----------] Global test environment set-up.
[----------] 1 test from LexerTest
[ RUN      ] LexerTest.IfStatements
[       OK ] LexerTest.IfStatements (0 ms)
[----------] 1 test from LexerTest (0 ms total)

[----------] Global test environment tear-down
[==========] 1 test from 1 test suite ran. (0 ms total)
[  PASSED  ] 1 test.
<end of output>
Test time =   0.00 sec
----------------------------------------------------------
Test Passed.
"LexerTest.IfStatements" end time: May 21 16:23 EEST
"LexerTest.IfStatements" time elapsed: 00:00:00
----------------------------------------------------------

3/22 Testing: LexerTest.Variables
3/22 Test: LexerTest.Variables
Command: "/home/eemil/dev/c++/lups/build/lups_test" "--gtest_filter=LexerTest.Variables" "--gtest_also_run_disabled_tests"
Directory: /home/eemil/dev/c++/lups/build
"LexerTest.Variables" start time: May 21 16:23 EEST
Output:
----------------------------------------------------------
Running main() from /home/eemil/dev/c++/lups/build/_deps/googletest-src/googletest/src/gtest_main.cc
Note: Google Test filter = LexerTest.Variables
[==========] Running 1 test from 1 test suite.
[----------] Global test environment set-up.
[----------] 1 test from LexerTest
[ RUN      ] LexerTest.Variables
[       OK ] LexerTest.Variables (0 ms)
[----------] 1 test from LexerTest (0 ms total)

[----------] Global test environment tear-down
[==========] 1 test from 1 test suite ran. (0 ms total)
[  PASSED  ] 1 test.
<end of output>
Test time =   0.00 sec
----------------------------------------------------------
Test Passed.
"LexerTest.Variables" end time: May 21 16:23 EEST
"LexerTest.Variables" time elapsed: 00:00:00
----------------------------------------------------------

4/22 Testing: LexerTest.FunctionDeclaration
4/22 Test: LexerTest.FunctionDeclaration
Command: "/home/eemil/dev/c++/lups/build/lups_test" "--gtest_filter=LexerTest.FunctionDeclaration" "--gtest_also_run_disabled_tests"
Directory: /home/eemil/dev/c++/lups/build
"LexerTest.FunctionDeclaration" start time: May 21 16:23 EEST
Output:
----------------------------------------------------------
Running main() from /home/eemil/dev/c++/lups/build/_deps/googletest-src/googletest/src/gtest_main.cc
Note: Google Test filter = LexerTest.FunctionDeclaration
[==========] Running 1 test from 1 test suite.
[----------] Global test environment set-up.
[----------] 1 test from LexerTest
[ RUN      ] LexerTest.FunctionDeclaration
[       OK ] LexerTest.FunctionDeclaration (0 ms)
[----------] 1 test from LexerTest (0 ms total)

[----------] Global test environment tear-down
[==========] 1 test from 1 test suite ran. (0 ms total)
[  PASSED  ] 1 test.
<end of output>
Test time =   0.00 sec
----------------------------------------------------------
Test Passed.
"LexerTest.FunctionDeclaration" end time: May 21 16:23 EEST
"LexerTest.FunctionDeclaration" time elapsed: 00:00:00
----------------------------------------------------------

5/22 Testing: LexerTest.EqualNonEqual
5/22 Test: LexerTest.EqualNonEqual
Command: "/home/eemil/dev/c++/lups/build/lups_test" "--gtest_filter=LexerTest.EqualNonEqual" "--gtest_also_run_disabled_tests"
Directory: /home/eemil/dev/c++/lups/build
"LexerTest.EqualNonEqual" start time: May 21 16:23 EEST
Output:
----------------------------------------------------------
Running main() from /home/eemil/dev/c++/lups/build/_deps/googletest-src/googletest/src/gtest_main.cc
Note: Google Test filter = LexerTest.EqualNonEqual
[==========] Running 1 test from 1 test suite.
[----------] Global test environment set-up.
[----------] 1 test from LexerTest
[ RUN      ] LexerTest.EqualNonEqual
[       OK ] LexerTest.EqualNonEqual (0 ms)
[----------] 1 test from LexerTest (0 ms total)

[----------] Global test environment tear-down
[==========] 1 test from 1 test suite ran. (0 ms total)
[  PASSED  ] 1 test.
<end of output>
Test time =   0.00 sec
----------------------------------------------------------
Test Passed.
"LexerTest.EqualNonEqual" end time: May 21 16:23 EEST
"LexerTest.EqualNonEqual" time elapsed: 00:00:00
----------------------------------------------------------

6/22 Testing: ParserTest.LetStatements
6/22 Test: ParserTest.LetStatements
Command: "/home/eemil/dev/c++/lups/build/lups_test" "--gtest_filter=ParserTest.LetStatements" "--gtest_also_run_disabled_tests"
Directory: /home/eemil/dev/c++/lups/build
"ParserTest.LetStatements" start time: May 21 16:23 EEST
Output:
----------------------------------------------------------
Running main() from /home/eemil/dev/c++/lups/build/_deps/googletest-src/googletest/src/gtest_main.cc
Note: Google Test filter = ParserTest.LetStatements
[==========] Running 1 test from 1 test suite.
[----------] Global test environment set-up.
[----------] 1 test from ParserTest
[ RUN      ] ParserTest.LetStatements
[       OK ] ParserTest.LetStatements (1 ms)
[----------] 1 test from ParserTest (1 ms total)

[----------] Global test environment tear-down
[==========] 1 test from 1 test suite ran. (1 ms total)
[  PASSED  ] 1 test.
<end of output>
Test time =   0.00 sec
----------------------------------------------------------
Test Passed.
"ParserTest.LetStatements" end time: May 21 16:23 EEST
"ParserTest.LetStatements" time elapsed: 00:00:00
----------------------------------------------------------

7/22 Testing: ParserTest.ReturnStatements
7/22 Test: ParserTest.ReturnStatements
Command: "/home/eemil/dev/c++/lups/build/lups_test" "--gtest_filter=ParserTest.ReturnStatements" "--gtest_also_run_disabled_tests"
Directory: /home/eemil/dev/c++/lups/build
"ParserTest.ReturnStatements" start time: May 21 16:23 EEST
Output:
----------------------------------------------------------
Running main() from /home/eemil/dev/c++/lups/build/_deps/googletest-src/googletest/src/gtest_main.cc
Note: Google Test filter = ParserTest.ReturnStatements
[==========] Running 1 test from 1 test suite.
[----------] Global test environment set-up.
[----------] 1 test from ParserTest
[ RUN      ] ParserTest.ReturnStatements
[       OK ] ParserTest.ReturnStatements (0 ms)
[----------] 1 test from ParserTest (0 ms total)

[----------] Global test environment tear-down
[==========] 1 test from 1 test suite ran. (0 ms total)
[  PASSED  ] 1 test.
<end of output>
Test time =   0.00 sec
----------------------------------------------------------
Test Passed.
"ParserTest.ReturnStatements" end time: May 21 16:23 EEST
"ParserTest.ReturnStatements" time elapsed: 00:00:00
----------------------------------------------------------

8/22 Testing: ParserTest.IdentifierExpression
8/22 Test: ParserTest.IdentifierExpression
Command: "/home/eemil/dev/c++/lups/build/lups_test" "--gtest_filter=ParserTest.IdentifierExpression" "--gtest_also_run_disabled_tests"
Directory: /home/eemil/dev/c++/lups/build
"ParserTest.IdentifierExpression" start time: May 21 16:23 EEST
Output:
----------------------------------------------------------
Running main() from /home/eemil/dev/c++/lups/build/_deps/googletest-src/googletest/src/gtest_main.cc
Note: Google Test filter = ParserTest.IdentifierExpression
[==========] Running 1 test from 1 test suite.
[----------] Global test environment set-up.
[----------] 1 test from ParserTest
[ RUN      ] ParserTest.IdentifierExpression
[       OK ] ParserTest.IdentifierExpression (0 ms)
[----------] 1 test from ParserTest (0 ms total)

[----------] Global test environment tear-down
[==========] 1 test from 1 test suite ran. (0 ms total)
[  PASSED  ] 1 test.
<end of output>
Test time =   0.00 sec
----------------------------------------------------------
Test Passed.
"ParserTest.IdentifierExpression" end time: May 21 16:23 EEST
"ParserTest.IdentifierExpression" time elapsed: 00:00:00
----------------------------------------------------------

9/22 Testing: ParserTest.IntegerLiteralExpression
9/22 Test: ParserTest.IntegerLiteralExpression
Command: "/home/eemil/dev/c++/lups/build/lups_test" "--gtest_filter=ParserTest.IntegerLiteralExpression" "--gtest_also_run_disabled_tests"
Directory: /home/eemil/dev/c++/lups/build
"ParserTest.IntegerLiteralExpression" start time: May 21 16:23 EEST
Output:
----------------------------------------------------------
Running main() from /home/eemil/dev/c++/lups/build/_deps/googletest-src/googletest/src/gtest_main.cc
Note: Google Test filter = ParserTest.IntegerLiteralExpression
[==========] Running 1 test from 1 test suite.
[----------] Global test environment set-up.
[----------] 1 test from ParserTest
[ RUN      ] ParserTest.IntegerLiteralExpression
[       OK ] ParserTest.IntegerLiteralExpression (0 ms)
[----------] 1 test from ParserTest (0 ms total)

[----------] Global test environment tear-down
[==========] 1 test from 1 test suite ran. (0 ms total)
[  PASSED  ] 1 test.
<end of output>
Test time =   0.00 sec
----------------------------------------------------------
Test Passed.
"ParserTest.IntegerLiteralExpression" end time: May 21 16:23 EEST
"ParserTest.IntegerLiteralExpression" time elapsed: 00:00:00
----------------------------------------------------------

10/22 Testing: ParserTest.PrefixExpressionTest
10/22 Test: ParserTest.PrefixExpressionTest
Command: "/home/eemil/dev/c++/lups/build/lups_test" "--gtest_filter=ParserTest.PrefixExpressionTest" "--gtest_also_run_disabled_tests"
Directory: /home/eemil/dev/c++/lups/build
"ParserTest.PrefixExpressionTest" start time: May 21 16:23 EEST
Output:
----------------------------------------------------------
Running main() from /home/eemil/dev/c++/lups/build/_deps/googletest-src/googletest/src/gtest_main.cc
Note: Google Test filter = ParserTest.PrefixExpressionTest
[==========] Running 1 test from 1 test suite.
[----------] Global test environment set-up.
[----------] 1 test from ParserTest
[ RUN      ] ParserTest.PrefixExpressionTest
[       OK ] ParserTest.PrefixExpressionTest (0 ms)
[----------] 1 test from ParserTest (0 ms total)

[----------] Global test environment tear-down
[==========] 1 test from 1 test suite ran. (0 ms total)
[  PASSED  ] 1 test.
<end of output>
Test time =   0.00 sec
----------------------------------------------------------
Test Passed.
"ParserTest.PrefixExpressionTest" end time: May 21 16:23 EEST
"ParserTest.PrefixExpressionTest" time elapsed: 00:00:00
----------------------------------------------------------

11/22 Testing: ParserTest.InfixExpressionTest
11/22 Test: ParserTest.InfixExpressionTest
Command: "/home/eemil/dev/c++/lups/build/lups_test" "--gtest_filter=ParserTest.InfixExpressionTest" "--gtest_also_run_disabled_tests"
Directory: /home/eemil/dev/c++/lups/build
"ParserTest.InfixExpressionTest" start time: May 21 16:23 EEST
Output:
----------------------------------------------------------
Running main() from /home/eemil/dev/c++/lups/build/_deps/googletest-src/googletest/src/gtest_main.cc
Note: Google Test filter = ParserTest.InfixExpressionTest
[==========] Running 1 test from 1 test suite.
[----------] Global test environment set-up.
[----------] 1 test from ParserTest
[ RUN      ] ParserTest.InfixExpressionTest
[       OK ] ParserTest.InfixExpressionTest (0 ms)
[----------] 1 test from ParserTest (0 ms total)

[----------] Global test environment tear-down
[==========] 1 test from 1 test suite ran. (0 ms total)
[  PASSED  ] 1 test.
<end of output>
Test time =   0.00 sec
----------------------------------------------------------
Test Passed.
"ParserTest.InfixExpressionTest" end time: May 21 16:23 EEST
"ParserTest.InfixExpressionTest" time elapsed: 00:00:00
----------------------------------------------------------

12/22 Testing: ParserTest.BooleanInfixExpression
12/22 Test: ParserTest.BooleanInfixExpression
Command: "/home/eemil/dev/c++/lups/build/lups_test" "--gtest_filter=ParserTest.BooleanInfixExpression" "--gtest_also_run_disabled_tests"
Directory: /home/eemil/dev/c++/lups/build
"ParserTest.BooleanInfixExpression" start time: May 21 16:23 EEST
Output:
----------------------------------------------------------
Running main() from /home/eemil/dev/c++/lups/build/_deps/googletest-src/googletest/src/gtest_main.cc
Note: Google Test filter = ParserTest.BooleanInfixExpression
[==========] Running 1 test from 1 test suite.
[----------] Global test environment set-up.
[----------] 1 test from ParserTest
[ RUN      ] ParserTest.BooleanInfixExpression
[       OK ] ParserTest.BooleanInfixExpression (0 ms)
[----------] 1 test from ParserTest (0 ms total)

[----------] Global test environment tear-down
[==========] 1 test from 1 test suite ran. (1 ms total)
[  PASSED  ] 1 test.
<end of output>
Test time =   0.00 sec
----------------------------------------------------------
Test Passed.
"ParserTest.BooleanInfixExpression" end time: May 21 16:23 EEST
"ParserTest.BooleanInfixExpression" time elapsed: 00:00:00
----------------------------------------------------------

13/22 Testing: ParserTest.OperatorPrecedenceParsing
13/22 Test: ParserTest.OperatorPrecedenceParsing
Command: "/home/eemil/dev/c++/lups/build/lups_test" "--gtest_filter=ParserTest.OperatorPrecedenceParsing" "--gtest_also_run_disabled_tests"
Directory: /home/eemil/dev/c++/lups/build
"ParserTest.OperatorPrecedenceParsing" start time: May 21 16:23 EEST
Output:
----------------------------------------------------------
Running main() from /home/eemil/dev/c++/lups/build/_deps/googletest-src/googletest/src/gtest_main.cc
Note: Google Test filter = ParserTest.OperatorPrecedenceParsing
[==========] Running 1 test from 1 test suite.
[----------] Global test environment set-up.
[----------] 1 test from ParserTest
[ RUN      ] ParserTest.OperatorPrecedenceParsing
[       OK ] ParserTest.OperatorPrecedenceParsing (1 ms)
[----------] 1 test from ParserTest (1 ms total)

[----------] Global test environment tear-down
[==========] 1 test from 1 test suite ran. (1 ms total)
[  PASSED  ] 1 test.
<end of output>
Test time =   0.00 sec
----------------------------------------------------------
Test Passed.
"ParserTest.OperatorPrecedenceParsing" end time: May 21 16:23 EEST
"ParserTest.OperatorPrecedenceParsing" time elapsed: 00:00:00
----------------------------------------------------------

14/22 Testing: ParserTest.IfExpressionTest
14/22 Test: ParserTest.IfExpressionTest
Command: "/home/eemil/dev/c++/lups/build/lups_test" "--gtest_filter=ParserTest.IfExpressionTest" "--gtest_also_run_disabled_tests"
Directory: /home/eemil/dev/c++/lups/build
"ParserTest.IfExpressionTest" start time: May 21 16:23 EEST
Output:
----------------------------------------------------------
Running main() from /home/eemil/dev/c++/lups/build/_deps/googletest-src/googletest/src/gtest_main.cc
Note: Google Test filter = ParserTest.IfExpressionTest
[==========] Running 1 test from 1 test suite.
[----------] Global test environment set-up.
[----------] 1 test from ParserTest
[ RUN      ] ParserTest.IfExpressionTest
[       OK ] ParserTest.IfExpressionTest (0 ms)
[----------] 1 test from ParserTest (0 ms total)

[----------] Global test environment tear-down
[==========] 1 test from 1 test suite ran. (0 ms total)
[  PASSED  ] 1 test.
<end of output>
Test time =   0.00 sec
----------------------------------------------------------
Test Passed.
"ParserTest.IfExpressionTest" end time: May 21 16:23 EEST
"ParserTest.IfExpressionTest" time elapsed: 00:00:00
----------------------------------------------------------

15/22 Testing: ParserTest.FunctionLiteralParsing
15/22 Test: ParserTest.FunctionLiteralParsing
Command: "/home/eemil/dev/c++/lups/build/lups_test" "--gtest_filter=ParserTest.FunctionLiteralParsing" "--gtest_also_run_disabled_tests"
Directory: /home/eemil/dev/c++/lups/build
"ParserTest.FunctionLiteralParsing" start time: May 21 16:23 EEST
Output:
----------------------------------------------------------
Running main() from /home/eemil/dev/c++/lups/build/_deps/googletest-src/googletest/src/gtest_main.cc
Note: Google Test filter = ParserTest.FunctionLiteralParsing
[==========] Running 1 test from 1 test suite.
[----------] Global test environment set-up.
[----------] 1 test from ParserTest
[ RUN      ] ParserTest.FunctionLiteralParsing
[       OK ] ParserTest.FunctionLiteralParsing (0 ms)
[----------] 1 test from ParserTest (0 ms total)

[----------] Global test environment tear-down
[==========] 1 test from 1 test suite ran. (0 ms total)
[  PASSED  ] 1 test.
<end of output>
Test time =   0.00 sec
----------------------------------------------------------
Test Passed.
"ParserTest.FunctionLiteralParsing" end time: May 21 16:23 EEST
"ParserTest.FunctionLiteralParsing" time elapsed: 00:00:00
----------------------------------------------------------

16/22 Testing: ParserTest.FunctionParameterTest
16/22 Test: ParserTest.FunctionParameterTest
Command: "/home/eemil/dev/c++/lups/build/lups_test" "--gtest_filter=ParserTest.FunctionParameterTest" "--gtest_also_run_disabled_tests"
Directory: /home/eemil/dev/c++/lups/build
"ParserTest.FunctionParameterTest" start time: May 21 16:23 EEST
Output:
----------------------------------------------------------
Running main() from /home/eemil/dev/c++/lups/build/_deps/googletest-src/googletest/src/gtest_main.cc
Note: Google Test filter = ParserTest.FunctionParameterTest
[==========] Running 1 test from 1 test suite.
[----------] Global test environment set-up.
[----------] 1 test from ParserTest
[ RUN      ] ParserTest.FunctionParameterTest
[       OK ] ParserTest.FunctionParameterTest (0 ms)
[----------] 1 test from ParserTest (0 ms total)

[----------] Global test environment tear-down
[==========] 1 test from 1 test suite ran. (0 ms total)
[  PASSED  ] 1 test.
<end of output>
Test time =   0.00 sec
----------------------------------------------------------
Test Passed.
"ParserTest.FunctionParameterTest" end time: May 21 16:23 EEST
"ParserTest.FunctionParameterTest" time elapsed: 00:00:00
----------------------------------------------------------

17/22 Testing: ParserTest.CallExpressionParsing
17/22 Test: ParserTest.CallExpressionParsing
Command: "/home/eemil/dev/c++/lups/build/lups_test" "--gtest_filter=ParserTest.CallExpressionParsing" "--gtest_also_run_disabled_tests"
Directory: /home/eemil/dev/c++/lups/build
"ParserTest.CallExpressionParsing" start time: May 21 16:23 EEST
Output:
----------------------------------------------------------
Running main() from /home/eemil/dev/c++/lups/build/_deps/googletest-src/googletest/src/gtest_main.cc
Note: Google Test filter = ParserTest.CallExpressionParsing
[==========] Running 1 test from 1 test suite.
[----------] Global test environment set-up.
[----------] 1 test from ParserTest
[ RUN      ] ParserTest.CallExpressionParsing
[       OK ] ParserTest.CallExpressionParsing (0 ms)
[----------] 1 test from ParserTest (0 ms total)

[----------] Global test environment tear-down
[==========] 1 test from 1 test suite ran. (0 ms total)
[  PASSED  ] 1 test.
<end of output>
Test time =   0.00 sec
----------------------------------------------------------
Test Passed.
"ParserTest.CallExpressionParsing" end time: May 21 16:23 EEST
"ParserTest.CallExpressionParsing" time elapsed: 00:00:00
----------------------------------------------------------

18/22 Testing: ParsetTest.BooleanPrefixExpressionTest
18/22 Test: ParsetTest.BooleanPrefixExpressionTest
Command: "/home/eemil/dev/c++/lups/build/lups_test" "--gtest_filter=ParsetTest.BooleanPrefixExpressionTest" "--gtest_also_run_disabled_tests"
Directory: /home/eemil/dev/c++/lups/build
"ParsetTest.BooleanPrefixExpressionTest" start time: May 21 16:23 EEST
Output:
----------------------------------------------------------
Running main() from /home/eemil/dev/c++/lups/build/_deps/googletest-src/googletest/src/gtest_main.cc
Note: Google Test filter = ParsetTest.BooleanPrefixExpressionTest
[==========] Running 1 test from 1 test suite.
[----------] Global test environment set-up.
[----------] 1 test from ParsetTest
[ RUN      ] ParsetTest.BooleanPrefixExpressionTest
[       OK ] ParsetTest.BooleanPrefixExpressionTest (0 ms)
[----------] 1 test from ParsetTest (0 ms total)

[----------] Global test environment tear-down
[==========] 1 test from 1 test suite ran. (0 ms total)
[  PASSED  ] 1 test.
<end of output>
Test time =   0.00 sec
----------------------------------------------------------
Test Passed.
"ParsetTest.BooleanPrefixExpressionTest" end time: May 21 16:23 EEST
"ParsetTest.BooleanPrefixExpressionTest" time elapsed: 00:00:00
----------------------------------------------------------

19/22 Testing: EvalTest.IntegerExpressions
19/22 Test: EvalTest.IntegerExpressions
Command: "/home/eemil/dev/c++/lups/build/lups_test" "--gtest_filter=EvalTest.IntegerExpressions" "--gtest_also_run_disabled_tests"
Directory: /home/eemil/dev/c++/lups/build
"EvalTest.IntegerExpressions" start time: May 21 16:23 EEST
Output:
----------------------------------------------------------
Running main() from /home/eemil/dev/c++/lups/build/_deps/googletest-src/googletest/src/gtest_main.cc
Note: Google Test filter = EvalTest.IntegerExpressions
[==========] Running 1 test from 1 test suite.
[----------] Global test environment set-up.
[----------] 1 test from EvalTest
[ RUN      ] EvalTest.IntegerExpressions
[       OK ] EvalTest.IntegerExpressions (0 ms)
[----------] 1 test from EvalTest (0 ms total)

[----------] Global test environment tear-down
[==========] 1 test from 1 test suite ran. (0 ms total)
[  PASSED  ] 1 test.
<end of output>
Test time =   0.00 sec
----------------------------------------------------------
Test Passed.
"EvalTest.IntegerExpressions" end time: May 21 16:23 EEST
"EvalTest.IntegerExpressions" time elapsed: 00:00:00
----------------------------------------------------------

20/22 Testing: EvalTest.BooleanExpression
20/22 Test: EvalTest.BooleanExpression
Command: "/home/eemil/dev/c++/lups/build/lups_test" "--gtest_filter=EvalTest.BooleanExpression" "--gtest_also_run_disabled_tests"
Directory: /home/eemil/dev/c++/lups/build
"EvalTest.BooleanExpression" start time: May 21 16:23 EEST
Output:
----------------------------------------------------------
Running main() from /home/eemil/dev/c++/lups/build/_deps/googletest-src/googletest/src/gtest_main.cc
Note: Google Test filter = EvalTest.BooleanExpression
[==========] Running 1 test from 1 test suite.
[----------] Global test environment set-up.
[----------] 1 test from EvalTest
[ RUN      ] EvalTest.BooleanExpression
[       OK ] EvalTest.BooleanExpression (0 ms)
[----------] 1 test from EvalTest (0 ms total)

[----------] Global test environment tear-down
[==========] 1 test from 1 test suite ran. (0 ms total)
[  PASSED  ] 1 test.
<end of output>
Test time =   0.00 sec
----------------------------------------------------------
Test Passed.
"EvalTest.BooleanExpression" end time: May 21 16:23 EEST
"EvalTest.BooleanExpression" time elapsed: 00:00:00
----------------------------------------------------------

21/22 Testing: EvalTest.PrefixExpressionTest
21/22 Test: EvalTest.PrefixExpressionTest
Command: "/home/eemil/dev/c++/lups/build/lups_test" "--gtest_filter=EvalTest.PrefixExpressionTest" "--gtest_also_run_disabled_tests"
Directory: /home/eemil/dev/c++/lups/build
"EvalTest.PrefixExpressionTest" start time: May 21 16:23 EEST
Output:
----------------------------------------------------------
Running main() from /home/eemil/dev/c++/lups/build/_deps/googletest-src/googletest/src/gtest_main.cc
Note: Google Test filter = EvalTest.PrefixExpressionTest
[==========] Running 1 test from 1 test suite.
[----------] Global test environment set-up.
[----------] 1 test from EvalTest
[ RUN      ] EvalTest.PrefixExpressionTest
[       OK ] EvalTest.PrefixExpressionTest (0 ms)
[----------] 1 test from EvalTest (0 ms total)

[----------] Global test environment tear-down
[==========] 1 test from 1 test suite ran. (0 ms total)
[  PASSED  ] 1 test.
<end of output>
Test time =   0.00 sec
----------------------------------------------------------
Test Passed.
"EvalTest.PrefixExpressionTest" end time: May 21 16:23 EEST
"EvalTest.PrefixExpressionTest" time elapsed: 00:00:00
----------------------------------------------------------

22/22 Testing: EvalTest.IfElseTest
22/22 Test: EvalTest.IfElseTest
Command: "/home/eemil/dev/c++/lups/build/lups_test" "--gtest_filter=EvalTest.IfElseTest" "--gtest_also_run_disabled_tests"
Directory: /home/eemil/dev/c++/lups/build
"EvalTest.IfElseTest" start time: May 21 16:23 EEST
Output:
----------------------------------------------------------
Running main() from /home/eemil/dev/c++/lups/build/_deps/googletest-src/googletest/src/gtest_main.cc
Note: Google Test filter = EvalTest.IfElseTest
[==========] Running 1 test from 1 test suite.
[----------] Global test environment set-up.
[----------] 1 test from EvalTest
[ RUN      ] EvalTest.IfElseTest
[       OK ] EvalTest.IfElseTest (0 ms)
[----------] 1 test from EvalTest (0 ms total)

[----------] Global test environment tear-down
[==========] 1 test from 1 test suite ran. (0 ms total)
[  PASSED  ] 1 test.
<end of output>
Test time =   0.00 sec
----------------------------------------------------------
Test Passed.
"EvalTest.IfElseTest" end time: May 21 16:23 EEST
"EvalTest.IfElseTest" time elapsed: 00:00:00
----------------------------------------------------------

End testing: May 21 16:23 EEST
