Start testing: Jun 05 13:20 EEST
----------------------------------------------------------
1/57 Testing: LexerTest.TestNextToken
1/57 Test: LexerTest.TestNextToken
Command: "/home/eemil/dev/c++/lups/build/lups_test" "--gtest_filter=LexerTest.TestNextToken" "--gtest_also_run_disabled_tests"
Directory: /home/eemil/dev/c++/lups/build
"LexerTest.TestNextToken" start time: Jun 05 13:20 EEST
Output:
----------------------------------------------------------
Running main() from /home/eemil/dev/c++/lups/build/_deps/googletest-src/googletest/src/gtest_main.cc
Note: Google Test filter = LexerTest.TestNextToken
[==========] Running 1 test from 1 test suite.
[----------] Global test environment set-up.
[----------] 1 test from LexerTest
[ RUN      ] LexerTest.TestNextToken
[       OK ] LexerTest.TestNextToken (0 ms)
[----------] 1 test from LexerTest (0 ms total)

[----------] Global test environment tear-down
[==========] 1 test from 1 test suite ran. (0 ms total)
[  PASSED  ] 1 test.
<end of output>
Test time =   0.00 sec
----------------------------------------------------------
Test Passed.
"LexerTest.TestNextToken" end time: Jun 05 13:20 EEST
"LexerTest.TestNextToken" time elapsed: 00:00:00
----------------------------------------------------------

2/57 Testing: LexerTest.IfStatements
2/57 Test: LexerTest.IfStatements
Command: "/home/eemil/dev/c++/lups/build/lups_test" "--gtest_filter=LexerTest.IfStatements" "--gtest_also_run_disabled_tests"
Directory: /home/eemil/dev/c++/lups/build
"LexerTest.IfStatements" start time: Jun 05 13:20 EEST
Output:
----------------------------------------------------------
Running main() from /home/eemil/dev/c++/lups/build/_deps/googletest-src/googletest/src/gtest_main.cc
Note: Google Test filter = LexerTest.IfStatements
[==========] Running 1 test from 1 test suite.
[----------] Global test environment set-up.
[----------] 1 test from LexerTest
[ RUN      ] LexerTest.IfStatements
[       OK ] LexerTest.IfStatements (0 ms)
[----------] 1 test from LexerTest (0 ms total)

[----------] Global test environment tear-down
[==========] 1 test from 1 test suite ran. (0 ms total)
[  PASSED  ] 1 test.
<end of output>
Test time =   0.00 sec
----------------------------------------------------------
Test Passed.
"LexerTest.IfStatements" end time: Jun 05 13:20 EEST
"LexerTest.IfStatements" time elapsed: 00:00:00
----------------------------------------------------------

3/57 Testing: LexerTest.Variables
3/57 Test: LexerTest.Variables
Command: "/home/eemil/dev/c++/lups/build/lups_test" "--gtest_filter=LexerTest.Variables" "--gtest_also_run_disabled_tests"
Directory: /home/eemil/dev/c++/lups/build
"LexerTest.Variables" start time: Jun 05 13:20 EEST
Output:
----------------------------------------------------------
Running main() from /home/eemil/dev/c++/lups/build/_deps/googletest-src/googletest/src/gtest_main.cc
Note: Google Test filter = LexerTest.Variables
[==========] Running 1 test from 1 test suite.
[----------] Global test environment set-up.
[----------] 1 test from LexerTest
[ RUN      ] LexerTest.Variables
[       OK ] LexerTest.Variables (0 ms)
[----------] 1 test from LexerTest (0 ms total)

[----------] Global test environment tear-down
[==========] 1 test from 1 test suite ran. (0 ms total)
[  PASSED  ] 1 test.
<end of output>
Test time =   0.00 sec
----------------------------------------------------------
Test Passed.
"LexerTest.Variables" end time: Jun 05 13:20 EEST
"LexerTest.Variables" time elapsed: 00:00:00
----------------------------------------------------------

4/57 Testing: LexerTest.Strings
4/57 Test: LexerTest.Strings
Command: "/home/eemil/dev/c++/lups/build/lups_test" "--gtest_filter=LexerTest.Strings" "--gtest_also_run_disabled_tests"
Directory: /home/eemil/dev/c++/lups/build
"LexerTest.Strings" start time: Jun 05 13:20 EEST
Output:
----------------------------------------------------------
Running main() from /home/eemil/dev/c++/lups/build/_deps/googletest-src/googletest/src/gtest_main.cc
Note: Google Test filter = LexerTest.Strings
[==========] Running 1 test from 1 test suite.
[----------] Global test environment set-up.
[----------] 1 test from LexerTest
[ RUN      ] LexerTest.Strings
[       OK ] LexerTest.Strings (0 ms)
[----------] 1 test from LexerTest (0 ms total)

[----------] Global test environment tear-down
[==========] 1 test from 1 test suite ran. (0 ms total)
[  PASSED  ] 1 test.
<end of output>
Test time =   0.00 sec
----------------------------------------------------------
Test Passed.
"LexerTest.Strings" end time: Jun 05 13:20 EEST
"LexerTest.Strings" time elapsed: 00:00:00
----------------------------------------------------------

5/57 Testing: LexerTest.FunctionDeclaration
5/57 Test: LexerTest.FunctionDeclaration
Command: "/home/eemil/dev/c++/lups/build/lups_test" "--gtest_filter=LexerTest.FunctionDeclaration" "--gtest_also_run_disabled_tests"
Directory: /home/eemil/dev/c++/lups/build
"LexerTest.FunctionDeclaration" start time: Jun 05 13:20 EEST
Output:
----------------------------------------------------------
Running main() from /home/eemil/dev/c++/lups/build/_deps/googletest-src/googletest/src/gtest_main.cc
Note: Google Test filter = LexerTest.FunctionDeclaration
[==========] Running 1 test from 1 test suite.
[----------] Global test environment set-up.
[----------] 1 test from LexerTest
[ RUN      ] LexerTest.FunctionDeclaration
[       OK ] LexerTest.FunctionDeclaration (0 ms)
[----------] 1 test from LexerTest (0 ms total)

[----------] Global test environment tear-down
[==========] 1 test from 1 test suite ran. (0 ms total)
[  PASSED  ] 1 test.
<end of output>
Test time =   0.00 sec
----------------------------------------------------------
Test Passed.
"LexerTest.FunctionDeclaration" end time: Jun 05 13:20 EEST
"LexerTest.FunctionDeclaration" time elapsed: 00:00:00
----------------------------------------------------------

6/57 Testing: LexerTest.EqualNonEqual
6/57 Test: LexerTest.EqualNonEqual
Command: "/home/eemil/dev/c++/lups/build/lups_test" "--gtest_filter=LexerTest.EqualNonEqual" "--gtest_also_run_disabled_tests"
Directory: /home/eemil/dev/c++/lups/build
"LexerTest.EqualNonEqual" start time: Jun 05 13:20 EEST
Output:
----------------------------------------------------------
Running main() from /home/eemil/dev/c++/lups/build/_deps/googletest-src/googletest/src/gtest_main.cc
Note: Google Test filter = LexerTest.EqualNonEqual
[==========] Running 1 test from 1 test suite.
[----------] Global test environment set-up.
[----------] 1 test from LexerTest
[ RUN      ] LexerTest.EqualNonEqual
[       OK ] LexerTest.EqualNonEqual (0 ms)
[----------] 1 test from LexerTest (0 ms total)

[----------] Global test environment tear-down
[==========] 1 test from 1 test suite ran. (0 ms total)
[  PASSED  ] 1 test.
<end of output>
Test time =   0.00 sec
----------------------------------------------------------
Test Passed.
"LexerTest.EqualNonEqual" end time: Jun 05 13:20 EEST
"LexerTest.EqualNonEqual" time elapsed: 00:00:00
----------------------------------------------------------

7/57 Testing: LexerTest.ArrayTest
7/57 Test: LexerTest.ArrayTest
Command: "/home/eemil/dev/c++/lups/build/lups_test" "--gtest_filter=LexerTest.ArrayTest" "--gtest_also_run_disabled_tests"
Directory: /home/eemil/dev/c++/lups/build
"LexerTest.ArrayTest" start time: Jun 05 13:20 EEST
Output:
----------------------------------------------------------
Running main() from /home/eemil/dev/c++/lups/build/_deps/googletest-src/googletest/src/gtest_main.cc
Note: Google Test filter = LexerTest.ArrayTest
[==========] Running 1 test from 1 test suite.
[----------] Global test environment set-up.
[----------] 1 test from LexerTest
[ RUN      ] LexerTest.ArrayTest
[       OK ] LexerTest.ArrayTest (0 ms)
[----------] 1 test from LexerTest (0 ms total)

[----------] Global test environment tear-down
[==========] 1 test from 1 test suite ran. (0 ms total)
[  PASSED  ] 1 test.
<end of output>
Test time =   0.00 sec
----------------------------------------------------------
Test Passed.
"LexerTest.ArrayTest" end time: Jun 05 13:20 EEST
"LexerTest.ArrayTest" time elapsed: 00:00:00
----------------------------------------------------------

8/57 Testing: LexerTest.HashTest
8/57 Test: LexerTest.HashTest
Command: "/home/eemil/dev/c++/lups/build/lups_test" "--gtest_filter=LexerTest.HashTest" "--gtest_also_run_disabled_tests"
Directory: /home/eemil/dev/c++/lups/build
"LexerTest.HashTest" start time: Jun 05 13:20 EEST
Output:
----------------------------------------------------------
Running main() from /home/eemil/dev/c++/lups/build/_deps/googletest-src/googletest/src/gtest_main.cc
Note: Google Test filter = LexerTest.HashTest
[==========] Running 1 test from 1 test suite.
[----------] Global test environment set-up.
[----------] 1 test from LexerTest
[ RUN      ] LexerTest.HashTest
[       OK ] LexerTest.HashTest (0 ms)
[----------] 1 test from LexerTest (0 ms total)

[----------] Global test environment tear-down
[==========] 1 test from 1 test suite ran. (0 ms total)
[  PASSED  ] 1 test.
<end of output>
Test time =   0.00 sec
----------------------------------------------------------
Test Passed.
"LexerTest.HashTest" end time: Jun 05 13:20 EEST
"LexerTest.HashTest" time elapsed: 00:00:00
----------------------------------------------------------

9/57 Testing: ParserTest.LetStatements
9/57 Test: ParserTest.LetStatements
Command: "/home/eemil/dev/c++/lups/build/lups_test" "--gtest_filter=ParserTest.LetStatements" "--gtest_also_run_disabled_tests"
Directory: /home/eemil/dev/c++/lups/build
"ParserTest.LetStatements" start time: Jun 05 13:20 EEST
Output:
----------------------------------------------------------
Running main() from /home/eemil/dev/c++/lups/build/_deps/googletest-src/googletest/src/gtest_main.cc
Note: Google Test filter = ParserTest.LetStatements
[==========] Running 1 test from 1 test suite.
[----------] Global test environment set-up.
[----------] 1 test from ParserTest
[ RUN      ] ParserTest.LetStatements
[       OK ] ParserTest.LetStatements (0 ms)
[----------] 1 test from ParserTest (0 ms total)

[----------] Global test environment tear-down
[==========] 1 test from 1 test suite ran. (0 ms total)
[  PASSED  ] 1 test.
<end of output>
Test time =   0.00 sec
----------------------------------------------------------
Test Passed.
"ParserTest.LetStatements" end time: Jun 05 13:20 EEST
"ParserTest.LetStatements" time elapsed: 00:00:00
----------------------------------------------------------

10/57 Testing: ParserTest.ReturnStatements
10/57 Test: ParserTest.ReturnStatements
Command: "/home/eemil/dev/c++/lups/build/lups_test" "--gtest_filter=ParserTest.ReturnStatements" "--gtest_also_run_disabled_tests"
Directory: /home/eemil/dev/c++/lups/build
"ParserTest.ReturnStatements" start time: Jun 05 13:20 EEST
Output:
----------------------------------------------------------
Running main() from /home/eemil/dev/c++/lups/build/_deps/googletest-src/googletest/src/gtest_main.cc
Note: Google Test filter = ParserTest.ReturnStatements
[==========] Running 1 test from 1 test suite.
[----------] Global test environment set-up.
[----------] 1 test from ParserTest
[ RUN      ] ParserTest.ReturnStatements
[       OK ] ParserTest.ReturnStatements (0 ms)
[----------] 1 test from ParserTest (0 ms total)

[----------] Global test environment tear-down
[==========] 1 test from 1 test suite ran. (0 ms total)
[  PASSED  ] 1 test.
<end of output>
Test time =   0.00 sec
----------------------------------------------------------
Test Passed.
"ParserTest.ReturnStatements" end time: Jun 05 13:20 EEST
"ParserTest.ReturnStatements" time elapsed: 00:00:00
----------------------------------------------------------

11/57 Testing: ParserTest.IdentifierExpression
11/57 Test: ParserTest.IdentifierExpression
Command: "/home/eemil/dev/c++/lups/build/lups_test" "--gtest_filter=ParserTest.IdentifierExpression" "--gtest_also_run_disabled_tests"
Directory: /home/eemil/dev/c++/lups/build
"ParserTest.IdentifierExpression" start time: Jun 05 13:20 EEST
Output:
----------------------------------------------------------
Running main() from /home/eemil/dev/c++/lups/build/_deps/googletest-src/googletest/src/gtest_main.cc
Note: Google Test filter = ParserTest.IdentifierExpression
[==========] Running 1 test from 1 test suite.
[----------] Global test environment set-up.
[----------] 1 test from ParserTest
[ RUN      ] ParserTest.IdentifierExpression
[       OK ] ParserTest.IdentifierExpression (0 ms)
[----------] 1 test from ParserTest (0 ms total)

[----------] Global test environment tear-down
[==========] 1 test from 1 test suite ran. (0 ms total)
[  PASSED  ] 1 test.
<end of output>
Test time =   0.00 sec
----------------------------------------------------------
Test Passed.
"ParserTest.IdentifierExpression" end time: Jun 05 13:20 EEST
"ParserTest.IdentifierExpression" time elapsed: 00:00:00
----------------------------------------------------------

12/57 Testing: ParserTest.IntegerLiteralExpression
12/57 Test: ParserTest.IntegerLiteralExpression
Command: "/home/eemil/dev/c++/lups/build/lups_test" "--gtest_filter=ParserTest.IntegerLiteralExpression" "--gtest_also_run_disabled_tests"
Directory: /home/eemil/dev/c++/lups/build
"ParserTest.IntegerLiteralExpression" start time: Jun 05 13:20 EEST
Output:
----------------------------------------------------------
Running main() from /home/eemil/dev/c++/lups/build/_deps/googletest-src/googletest/src/gtest_main.cc
Note: Google Test filter = ParserTest.IntegerLiteralExpression
[==========] Running 1 test from 1 test suite.
[----------] Global test environment set-up.
[----------] 1 test from ParserTest
[ RUN      ] ParserTest.IntegerLiteralExpression
[       OK ] ParserTest.IntegerLiteralExpression (0 ms)
[----------] 1 test from ParserTest (0 ms total)

[----------] Global test environment tear-down
[==========] 1 test from 1 test suite ran. (0 ms total)
[  PASSED  ] 1 test.
<end of output>
Test time =   0.00 sec
----------------------------------------------------------
Test Passed.
"ParserTest.IntegerLiteralExpression" end time: Jun 05 13:20 EEST
"ParserTest.IntegerLiteralExpression" time elapsed: 00:00:00
----------------------------------------------------------

13/57 Testing: ParserTest.PrefixExpressionTest
13/57 Test: ParserTest.PrefixExpressionTest
Command: "/home/eemil/dev/c++/lups/build/lups_test" "--gtest_filter=ParserTest.PrefixExpressionTest" "--gtest_also_run_disabled_tests"
Directory: /home/eemil/dev/c++/lups/build
"ParserTest.PrefixExpressionTest" start time: Jun 05 13:20 EEST
Output:
----------------------------------------------------------
Running main() from /home/eemil/dev/c++/lups/build/_deps/googletest-src/googletest/src/gtest_main.cc
Note: Google Test filter = ParserTest.PrefixExpressionTest
[==========] Running 1 test from 1 test suite.
[----------] Global test environment set-up.
[----------] 1 test from ParserTest
[ RUN      ] ParserTest.PrefixExpressionTest
[       OK ] ParserTest.PrefixExpressionTest (1 ms)
[----------] 1 test from ParserTest (1 ms total)

[----------] Global test environment tear-down
[==========] 1 test from 1 test suite ran. (1 ms total)
[  PASSED  ] 1 test.
<end of output>
Test time =   0.00 sec
----------------------------------------------------------
Test Passed.
"ParserTest.PrefixExpressionTest" end time: Jun 05 13:20 EEST
"ParserTest.PrefixExpressionTest" time elapsed: 00:00:00
----------------------------------------------------------

14/57 Testing: ParserTest.HashLiteralStrings
14/57 Test: ParserTest.HashLiteralStrings
Command: "/home/eemil/dev/c++/lups/build/lups_test" "--gtest_filter=ParserTest.HashLiteralStrings" "--gtest_also_run_disabled_tests"
Directory: /home/eemil/dev/c++/lups/build
"ParserTest.HashLiteralStrings" start time: Jun 05 13:20 EEST
Output:
----------------------------------------------------------
Running main() from /home/eemil/dev/c++/lups/build/_deps/googletest-src/googletest/src/gtest_main.cc
Note: Google Test filter = ParserTest.HashLiteralStrings
[==========] Running 1 test from 1 test suite.
[----------] Global test environment set-up.
[----------] 1 test from ParserTest
[ RUN      ] ParserTest.HashLiteralStrings
[       OK ] ParserTest.HashLiteralStrings (0 ms)
[----------] 1 test from ParserTest (0 ms total)

[----------] Global test environment tear-down
[==========] 1 test from 1 test suite ran. (0 ms total)
[  PASSED  ] 1 test.
<end of output>
Test time =   0.00 sec
----------------------------------------------------------
Test Passed.
"ParserTest.HashLiteralStrings" end time: Jun 05 13:20 EEST
"ParserTest.HashLiteralStrings" time elapsed: 00:00:00
----------------------------------------------------------

15/57 Testing: ParserTest.EmptyHashLiteral
15/57 Test: ParserTest.EmptyHashLiteral
Command: "/home/eemil/dev/c++/lups/build/lups_test" "--gtest_filter=ParserTest.EmptyHashLiteral" "--gtest_also_run_disabled_tests"
Directory: /home/eemil/dev/c++/lups/build
"ParserTest.EmptyHashLiteral" start time: Jun 05 13:20 EEST
Output:
----------------------------------------------------------
Running main() from /home/eemil/dev/c++/lups/build/_deps/googletest-src/googletest/src/gtest_main.cc
Note: Google Test filter = ParserTest.EmptyHashLiteral
[==========] Running 1 test from 1 test suite.
[----------] Global test environment set-up.
[----------] 1 test from ParserTest
[ RUN      ] ParserTest.EmptyHashLiteral
[       OK ] ParserTest.EmptyHashLiteral (0 ms)
[----------] 1 test from ParserTest (0 ms total)

[----------] Global test environment tear-down
[==========] 1 test from 1 test suite ran. (0 ms total)
[  PASSED  ] 1 test.
<end of output>
Test time =   0.00 sec
----------------------------------------------------------
Test Passed.
"ParserTest.EmptyHashLiteral" end time: Jun 05 13:20 EEST
"ParserTest.EmptyHashLiteral" time elapsed: 00:00:00
----------------------------------------------------------

16/57 Testing: ParserTest.HashLiteralWithExpressions
16/57 Test: ParserTest.HashLiteralWithExpressions
Command: "/home/eemil/dev/c++/lups/build/lups_test" "--gtest_filter=ParserTest.HashLiteralWithExpressions" "--gtest_also_run_disabled_tests"
Directory: /home/eemil/dev/c++/lups/build
"ParserTest.HashLiteralWithExpressions" start time: Jun 05 13:20 EEST
Output:
----------------------------------------------------------
Running main() from /home/eemil/dev/c++/lups/build/_deps/googletest-src/googletest/src/gtest_main.cc
Note: Google Test filter = ParserTest.HashLiteralWithExpressions
[==========] Running 1 test from 1 test suite.
[----------] Global test environment set-up.
[----------] 1 test from ParserTest
[ RUN      ] ParserTest.HashLiteralWithExpressions
[       OK ] ParserTest.HashLiteralWithExpressions (0 ms)
[----------] 1 test from ParserTest (0 ms total)

[----------] Global test environment tear-down
[==========] 1 test from 1 test suite ran. (0 ms total)
[  PASSED  ] 1 test.
<end of output>
Test time =   0.00 sec
----------------------------------------------------------
Test Passed.
"ParserTest.HashLiteralWithExpressions" end time: Jun 05 13:20 EEST
"ParserTest.HashLiteralWithExpressions" time elapsed: 00:00:00
----------------------------------------------------------

17/57 Testing: ParserTest.InfixExpressionTest
17/57 Test: ParserTest.InfixExpressionTest
Command: "/home/eemil/dev/c++/lups/build/lups_test" "--gtest_filter=ParserTest.InfixExpressionTest" "--gtest_also_run_disabled_tests"
Directory: /home/eemil/dev/c++/lups/build
"ParserTest.InfixExpressionTest" start time: Jun 05 13:20 EEST
Output:
----------------------------------------------------------
Running main() from /home/eemil/dev/c++/lups/build/_deps/googletest-src/googletest/src/gtest_main.cc
Note: Google Test filter = ParserTest.InfixExpressionTest
[==========] Running 1 test from 1 test suite.
[----------] Global test environment set-up.
[----------] 1 test from ParserTest
[ RUN      ] ParserTest.InfixExpressionTest
[       OK ] ParserTest.InfixExpressionTest (0 ms)
[----------] 1 test from ParserTest (0 ms total)

[----------] Global test environment tear-down
[==========] 1 test from 1 test suite ran. (0 ms total)
[  PASSED  ] 1 test.
<end of output>
Test time =   0.00 sec
----------------------------------------------------------
Test Passed.
"ParserTest.InfixExpressionTest" end time: Jun 05 13:20 EEST
"ParserTest.InfixExpressionTest" time elapsed: 00:00:00
----------------------------------------------------------

18/57 Testing: ParserTest.BooleanInfixExpression
18/57 Test: ParserTest.BooleanInfixExpression
Command: "/home/eemil/dev/c++/lups/build/lups_test" "--gtest_filter=ParserTest.BooleanInfixExpression" "--gtest_also_run_disabled_tests"
Directory: /home/eemil/dev/c++/lups/build
"ParserTest.BooleanInfixExpression" start time: Jun 05 13:20 EEST
Output:
----------------------------------------------------------
Running main() from /home/eemil/dev/c++/lups/build/_deps/googletest-src/googletest/src/gtest_main.cc
Note: Google Test filter = ParserTest.BooleanInfixExpression
[==========] Running 1 test from 1 test suite.
[----------] Global test environment set-up.
[----------] 1 test from ParserTest
[ RUN      ] ParserTest.BooleanInfixExpression
[       OK ] ParserTest.BooleanInfixExpression (0 ms)
[----------] 1 test from ParserTest (0 ms total)

[----------] Global test environment tear-down
[==========] 1 test from 1 test suite ran. (0 ms total)
[  PASSED  ] 1 test.
<end of output>
Test time =   0.00 sec
----------------------------------------------------------
Test Passed.
"ParserTest.BooleanInfixExpression" end time: Jun 05 13:20 EEST
"ParserTest.BooleanInfixExpression" time elapsed: 00:00:00
----------------------------------------------------------

19/57 Testing: ParserTest.OperatorPrecedenceParsing
19/57 Test: ParserTest.OperatorPrecedenceParsing
Command: "/home/eemil/dev/c++/lups/build/lups_test" "--gtest_filter=ParserTest.OperatorPrecedenceParsing" "--gtest_also_run_disabled_tests"
Directory: /home/eemil/dev/c++/lups/build
"ParserTest.OperatorPrecedenceParsing" start time: Jun 05 13:20 EEST
Output:
----------------------------------------------------------
Running main() from /home/eemil/dev/c++/lups/build/_deps/googletest-src/googletest/src/gtest_main.cc
Note: Google Test filter = ParserTest.OperatorPrecedenceParsing
[==========] Running 1 test from 1 test suite.
[----------] Global test environment set-up.
[----------] 1 test from ParserTest
[ RUN      ] ParserTest.OperatorPrecedenceParsing
[       OK ] ParserTest.OperatorPrecedenceParsing (1 ms)
[----------] 1 test from ParserTest (1 ms total)

[----------] Global test environment tear-down
[==========] 1 test from 1 test suite ran. (1 ms total)
[  PASSED  ] 1 test.
<end of output>
Test time =   0.00 sec
----------------------------------------------------------
Test Passed.
"ParserTest.OperatorPrecedenceParsing" end time: Jun 05 13:20 EEST
"ParserTest.OperatorPrecedenceParsing" time elapsed: 00:00:00
----------------------------------------------------------

20/57 Testing: ParserTest.IfExpressionTest
20/57 Test: ParserTest.IfExpressionTest
Command: "/home/eemil/dev/c++/lups/build/lups_test" "--gtest_filter=ParserTest.IfExpressionTest" "--gtest_also_run_disabled_tests"
Directory: /home/eemil/dev/c++/lups/build
"ParserTest.IfExpressionTest" start time: Jun 05 13:20 EEST
Output:
----------------------------------------------------------
Running main() from /home/eemil/dev/c++/lups/build/_deps/googletest-src/googletest/src/gtest_main.cc
Note: Google Test filter = ParserTest.IfExpressionTest
[==========] Running 1 test from 1 test suite.
[----------] Global test environment set-up.
[----------] 1 test from ParserTest
[ RUN      ] ParserTest.IfExpressionTest
[       OK ] ParserTest.IfExpressionTest (0 ms)
[----------] 1 test from ParserTest (0 ms total)

[----------] Global test environment tear-down
[==========] 1 test from 1 test suite ran. (1 ms total)
[  PASSED  ] 1 test.
<end of output>
Test time =   0.00 sec
----------------------------------------------------------
Test Passed.
"ParserTest.IfExpressionTest" end time: Jun 05 13:20 EEST
"ParserTest.IfExpressionTest" time elapsed: 00:00:00
----------------------------------------------------------

21/57 Testing: ParserTest.FunctionLiteralParsing
21/57 Test: ParserTest.FunctionLiteralParsing
Command: "/home/eemil/dev/c++/lups/build/lups_test" "--gtest_filter=ParserTest.FunctionLiteralParsing" "--gtest_also_run_disabled_tests"
Directory: /home/eemil/dev/c++/lups/build
"ParserTest.FunctionLiteralParsing" start time: Jun 05 13:20 EEST
Output:
----------------------------------------------------------
Running main() from /home/eemil/dev/c++/lups/build/_deps/googletest-src/googletest/src/gtest_main.cc
Note: Google Test filter = ParserTest.FunctionLiteralParsing
[==========] Running 1 test from 1 test suite.
[----------] Global test environment set-up.
[----------] 1 test from ParserTest
[ RUN      ] ParserTest.FunctionLiteralParsing
[       OK ] ParserTest.FunctionLiteralParsing (0 ms)
[----------] 1 test from ParserTest (0 ms total)

[----------] Global test environment tear-down
[==========] 1 test from 1 test suite ran. (0 ms total)
[  PASSED  ] 1 test.
<end of output>
Test time =   0.00 sec
----------------------------------------------------------
Test Passed.
"ParserTest.FunctionLiteralParsing" end time: Jun 05 13:20 EEST
"ParserTest.FunctionLiteralParsing" time elapsed: 00:00:00
----------------------------------------------------------

22/57 Testing: ParserTest.FunctionParameterTest
22/57 Test: ParserTest.FunctionParameterTest
Command: "/home/eemil/dev/c++/lups/build/lups_test" "--gtest_filter=ParserTest.FunctionParameterTest" "--gtest_also_run_disabled_tests"
Directory: /home/eemil/dev/c++/lups/build
"ParserTest.FunctionParameterTest" start time: Jun 05 13:20 EEST
Output:
----------------------------------------------------------
Running main() from /home/eemil/dev/c++/lups/build/_deps/googletest-src/googletest/src/gtest_main.cc
Note: Google Test filter = ParserTest.FunctionParameterTest
[==========] Running 1 test from 1 test suite.
[----------] Global test environment set-up.
[----------] 1 test from ParserTest
[ RUN      ] ParserTest.FunctionParameterTest
[       OK ] ParserTest.FunctionParameterTest (0 ms)
[----------] 1 test from ParserTest (0 ms total)

[----------] Global test environment tear-down
[==========] 1 test from 1 test suite ran. (0 ms total)
[  PASSED  ] 1 test.
<end of output>
Test time =   0.00 sec
----------------------------------------------------------
Test Passed.
"ParserTest.FunctionParameterTest" end time: Jun 05 13:20 EEST
"ParserTest.FunctionParameterTest" time elapsed: 00:00:00
----------------------------------------------------------

23/57 Testing: ParserTest.CallExpressionParsing
23/57 Test: ParserTest.CallExpressionParsing
Command: "/home/eemil/dev/c++/lups/build/lups_test" "--gtest_filter=ParserTest.CallExpressionParsing" "--gtest_also_run_disabled_tests"
Directory: /home/eemil/dev/c++/lups/build
"ParserTest.CallExpressionParsing" start time: Jun 05 13:20 EEST
Output:
----------------------------------------------------------
Running main() from /home/eemil/dev/c++/lups/build/_deps/googletest-src/googletest/src/gtest_main.cc
Note: Google Test filter = ParserTest.CallExpressionParsing
[==========] Running 1 test from 1 test suite.
[----------] Global test environment set-up.
[----------] 1 test from ParserTest
[ RUN      ] ParserTest.CallExpressionParsing
[       OK ] ParserTest.CallExpressionParsing (0 ms)
[----------] 1 test from ParserTest (0 ms total)

[----------] Global test environment tear-down
[==========] 1 test from 1 test suite ran. (0 ms total)
[  PASSED  ] 1 test.
<end of output>
Test time =   0.00 sec
----------------------------------------------------------
Test Passed.
"ParserTest.CallExpressionParsing" end time: Jun 05 13:20 EEST
"ParserTest.CallExpressionParsing" time elapsed: 00:00:00
----------------------------------------------------------

24/57 Testing: ParserTest.StringLiteralTest
24/57 Test: ParserTest.StringLiteralTest
Command: "/home/eemil/dev/c++/lups/build/lups_test" "--gtest_filter=ParserTest.StringLiteralTest" "--gtest_also_run_disabled_tests"
Directory: /home/eemil/dev/c++/lups/build
"ParserTest.StringLiteralTest" start time: Jun 05 13:20 EEST
Output:
----------------------------------------------------------
Running main() from /home/eemil/dev/c++/lups/build/_deps/googletest-src/googletest/src/gtest_main.cc
Note: Google Test filter = ParserTest.StringLiteralTest
[==========] Running 1 test from 1 test suite.
[----------] Global test environment set-up.
[----------] 1 test from ParserTest
[ RUN      ] ParserTest.StringLiteralTest
[       OK ] ParserTest.StringLiteralTest (0 ms)
[----------] 1 test from ParserTest (0 ms total)

[----------] Global test environment tear-down
[==========] 1 test from 1 test suite ran. (0 ms total)
[  PASSED  ] 1 test.
<end of output>
Test time =   0.00 sec
----------------------------------------------------------
Test Passed.
"ParserTest.StringLiteralTest" end time: Jun 05 13:20 EEST
"ParserTest.StringLiteralTest" time elapsed: 00:00:00
----------------------------------------------------------

25/57 Testing: ParserTest.ArrayLiteralParsing
25/57 Test: ParserTest.ArrayLiteralParsing
Command: "/home/eemil/dev/c++/lups/build/lups_test" "--gtest_filter=ParserTest.ArrayLiteralParsing" "--gtest_also_run_disabled_tests"
Directory: /home/eemil/dev/c++/lups/build
"ParserTest.ArrayLiteralParsing" start time: Jun 05 13:20 EEST
Output:
----------------------------------------------------------
Running main() from /home/eemil/dev/c++/lups/build/_deps/googletest-src/googletest/src/gtest_main.cc
Note: Google Test filter = ParserTest.ArrayLiteralParsing
[==========] Running 1 test from 1 test suite.
[----------] Global test environment set-up.
[----------] 1 test from ParserTest
[ RUN      ] ParserTest.ArrayLiteralParsing
[       OK ] ParserTest.ArrayLiteralParsing (0 ms)
[----------] 1 test from ParserTest (0 ms total)

[----------] Global test environment tear-down
[==========] 1 test from 1 test suite ran. (0 ms total)
[  PASSED  ] 1 test.
<end of output>
Test time =   0.00 sec
----------------------------------------------------------
Test Passed.
"ParserTest.ArrayLiteralParsing" end time: Jun 05 13:20 EEST
"ParserTest.ArrayLiteralParsing" time elapsed: 00:00:00
----------------------------------------------------------

26/57 Testing: ParserTest.IndexExpression
26/57 Test: ParserTest.IndexExpression
Command: "/home/eemil/dev/c++/lups/build/lups_test" "--gtest_filter=ParserTest.IndexExpression" "--gtest_also_run_disabled_tests"
Directory: /home/eemil/dev/c++/lups/build
"ParserTest.IndexExpression" start time: Jun 05 13:20 EEST
Output:
----------------------------------------------------------
Running main() from /home/eemil/dev/c++/lups/build/_deps/googletest-src/googletest/src/gtest_main.cc
Note: Google Test filter = ParserTest.IndexExpression
[==========] Running 1 test from 1 test suite.
[----------] Global test environment set-up.
[----------] 1 test from ParserTest
[ RUN      ] ParserTest.IndexExpression
[       OK ] ParserTest.IndexExpression (0 ms)
[----------] 1 test from ParserTest (0 ms total)

[----------] Global test environment tear-down
[==========] 1 test from 1 test suite ran. (0 ms total)
[  PASSED  ] 1 test.
<end of output>
Test time =   0.00 sec
----------------------------------------------------------
Test Passed.
"ParserTest.IndexExpression" end time: Jun 05 13:20 EEST
"ParserTest.IndexExpression" time elapsed: 00:00:00
----------------------------------------------------------

27/57 Testing: ParsetTest.BooleanPrefixExpressionTest
27/57 Test: ParsetTest.BooleanPrefixExpressionTest
Command: "/home/eemil/dev/c++/lups/build/lups_test" "--gtest_filter=ParsetTest.BooleanPrefixExpressionTest" "--gtest_also_run_disabled_tests"
Directory: /home/eemil/dev/c++/lups/build
"ParsetTest.BooleanPrefixExpressionTest" start time: Jun 05 13:20 EEST
Output:
----------------------------------------------------------
Running main() from /home/eemil/dev/c++/lups/build/_deps/googletest-src/googletest/src/gtest_main.cc
Note: Google Test filter = ParsetTest.BooleanPrefixExpressionTest
[==========] Running 1 test from 1 test suite.
[----------] Global test environment set-up.
[----------] 1 test from ParsetTest
[ RUN      ] ParsetTest.BooleanPrefixExpressionTest
[       OK ] ParsetTest.BooleanPrefixExpressionTest (0 ms)
[----------] 1 test from ParsetTest (0 ms total)

[----------] Global test environment tear-down
[==========] 1 test from 1 test suite ran. (0 ms total)
[  PASSED  ] 1 test.
<end of output>
Test time =   0.00 sec
----------------------------------------------------------
Test Passed.
"ParsetTest.BooleanPrefixExpressionTest" end time: Jun 05 13:20 EEST
"ParsetTest.BooleanPrefixExpressionTest" time elapsed: 00:00:00
----------------------------------------------------------

28/57 Testing: EvalTest.IntegerExpressions
28/57 Test: EvalTest.IntegerExpressions
Command: "/home/eemil/dev/c++/lups/build/lups_test" "--gtest_filter=EvalTest.IntegerExpressions" "--gtest_also_run_disabled_tests"
Directory: /home/eemil/dev/c++/lups/build
"EvalTest.IntegerExpressions" start time: Jun 05 13:20 EEST
Output:
----------------------------------------------------------
Running main() from /home/eemil/dev/c++/lups/build/_deps/googletest-src/googletest/src/gtest_main.cc
Note: Google Test filter = EvalTest.IntegerExpressions
[==========] Running 1 test from 1 test suite.
[----------] Global test environment set-up.
[----------] 1 test from EvalTest
[ RUN      ] EvalTest.IntegerExpressions
[       OK ] EvalTest.IntegerExpressions (0 ms)
[----------] 1 test from EvalTest (0 ms total)

[----------] Global test environment tear-down
[==========] 1 test from 1 test suite ran. (0 ms total)
[  PASSED  ] 1 test.
<end of output>
Test time =   0.00 sec
----------------------------------------------------------
Test Passed.
"EvalTest.IntegerExpressions" end time: Jun 05 13:20 EEST
"EvalTest.IntegerExpressions" time elapsed: 00:00:00
----------------------------------------------------------

29/57 Testing: EvalTest.BooleanExpression
29/57 Test: EvalTest.BooleanExpression
Command: "/home/eemil/dev/c++/lups/build/lups_test" "--gtest_filter=EvalTest.BooleanExpression" "--gtest_also_run_disabled_tests"
Directory: /home/eemil/dev/c++/lups/build
"EvalTest.BooleanExpression" start time: Jun 05 13:20 EEST
Output:
----------------------------------------------------------
Running main() from /home/eemil/dev/c++/lups/build/_deps/googletest-src/googletest/src/gtest_main.cc
Note: Google Test filter = EvalTest.BooleanExpression
[==========] Running 1 test from 1 test suite.
[----------] Global test environment set-up.
[----------] 1 test from EvalTest
[ RUN      ] EvalTest.BooleanExpression
[       OK ] EvalTest.BooleanExpression (0 ms)
[----------] 1 test from EvalTest (0 ms total)

[----------] Global test environment tear-down
[==========] 1 test from 1 test suite ran. (0 ms total)
[  PASSED  ] 1 test.
<end of output>
Test time =   0.00 sec
----------------------------------------------------------
Test Passed.
"EvalTest.BooleanExpression" end time: Jun 05 13:20 EEST
"EvalTest.BooleanExpression" time elapsed: 00:00:00
----------------------------------------------------------

30/57 Testing: EvalTest.PrefixExpressionTest
30/57 Test: EvalTest.PrefixExpressionTest
Command: "/home/eemil/dev/c++/lups/build/lups_test" "--gtest_filter=EvalTest.PrefixExpressionTest" "--gtest_also_run_disabled_tests"
Directory: /home/eemil/dev/c++/lups/build
"EvalTest.PrefixExpressionTest" start time: Jun 05 13:20 EEST
Output:
----------------------------------------------------------
Running main() from /home/eemil/dev/c++/lups/build/_deps/googletest-src/googletest/src/gtest_main.cc
Note: Google Test filter = EvalTest.PrefixExpressionTest
[==========] Running 1 test from 1 test suite.
[----------] Global test environment set-up.
[----------] 1 test from EvalTest
[ RUN      ] EvalTest.PrefixExpressionTest
[       OK ] EvalTest.PrefixExpressionTest (0 ms)
[----------] 1 test from EvalTest (0 ms total)

[----------] Global test environment tear-down
[==========] 1 test from 1 test suite ran. (0 ms total)
[  PASSED  ] 1 test.
<end of output>
Test time =   0.00 sec
----------------------------------------------------------
Test Passed.
"EvalTest.PrefixExpressionTest" end time: Jun 05 13:20 EEST
"EvalTest.PrefixExpressionTest" time elapsed: 00:00:00
----------------------------------------------------------

31/57 Testing: EvalTest.IfElseTest
31/57 Test: EvalTest.IfElseTest
Command: "/home/eemil/dev/c++/lups/build/lups_test" "--gtest_filter=EvalTest.IfElseTest" "--gtest_also_run_disabled_tests"
Directory: /home/eemil/dev/c++/lups/build
"EvalTest.IfElseTest" start time: Jun 05 13:20 EEST
Output:
----------------------------------------------------------
Running main() from /home/eemil/dev/c++/lups/build/_deps/googletest-src/googletest/src/gtest_main.cc
Note: Google Test filter = EvalTest.IfElseTest
[==========] Running 1 test from 1 test suite.
[----------] Global test environment set-up.
[----------] 1 test from EvalTest
[ RUN      ] EvalTest.IfElseTest
[       OK ] EvalTest.IfElseTest (0 ms)
[----------] 1 test from EvalTest (0 ms total)

[----------] Global test environment tear-down
[==========] 1 test from 1 test suite ran. (0 ms total)
[  PASSED  ] 1 test.
<end of output>
Test time =   0.00 sec
----------------------------------------------------------
Test Passed.
"EvalTest.IfElseTest" end time: Jun 05 13:20 EEST
"EvalTest.IfElseTest" time elapsed: 00:00:00
----------------------------------------------------------

32/57 Testing: EvalTest.ReturnTest
32/57 Test: EvalTest.ReturnTest
Command: "/home/eemil/dev/c++/lups/build/lups_test" "--gtest_filter=EvalTest.ReturnTest" "--gtest_also_run_disabled_tests"
Directory: /home/eemil/dev/c++/lups/build
"EvalTest.ReturnTest" start time: Jun 05 13:20 EEST
Output:
----------------------------------------------------------
Running main() from /home/eemil/dev/c++/lups/build/_deps/googletest-src/googletest/src/gtest_main.cc
Note: Google Test filter = EvalTest.ReturnTest
[==========] Running 1 test from 1 test suite.
[----------] Global test environment set-up.
[----------] 1 test from EvalTest
[ RUN      ] EvalTest.ReturnTest
[       OK ] EvalTest.ReturnTest (0 ms)
[----------] 1 test from EvalTest (0 ms total)

[----------] Global test environment tear-down
[==========] 1 test from 1 test suite ran. (0 ms total)
[  PASSED  ] 1 test.
<end of output>
Test time =   0.00 sec
----------------------------------------------------------
Test Passed.
"EvalTest.ReturnTest" end time: Jun 05 13:20 EEST
"EvalTest.ReturnTest" time elapsed: 00:00:00
----------------------------------------------------------

33/57 Testing: EvalTest.ReturnComplex
33/57 Test: EvalTest.ReturnComplex
Command: "/home/eemil/dev/c++/lups/build/lups_test" "--gtest_filter=EvalTest.ReturnComplex" "--gtest_also_run_disabled_tests"
Directory: /home/eemil/dev/c++/lups/build
"EvalTest.ReturnComplex" start time: Jun 05 13:20 EEST
Output:
----------------------------------------------------------
Running main() from /home/eemil/dev/c++/lups/build/_deps/googletest-src/googletest/src/gtest_main.cc
Note: Google Test filter = EvalTest.ReturnComplex
[==========] Running 1 test from 1 test suite.
[----------] Global test environment set-up.
[----------] 1 test from EvalTest
[ RUN      ] EvalTest.ReturnComplex
[       OK ] EvalTest.ReturnComplex (0 ms)
[----------] 1 test from EvalTest (0 ms total)

[----------] Global test environment tear-down
[==========] 1 test from 1 test suite ran. (0 ms total)
[  PASSED  ] 1 test.
<end of output>
Test time =   0.00 sec
----------------------------------------------------------
Test Passed.
"EvalTest.ReturnComplex" end time: Jun 05 13:20 EEST
"EvalTest.ReturnComplex" time elapsed: 00:00:00
----------------------------------------------------------

34/57 Testing: EvalTest.ErrorHandling
34/57 Test: EvalTest.ErrorHandling
Command: "/home/eemil/dev/c++/lups/build/lups_test" "--gtest_filter=EvalTest.ErrorHandling" "--gtest_also_run_disabled_tests"
Directory: /home/eemil/dev/c++/lups/build
"EvalTest.ErrorHandling" start time: Jun 05 13:20 EEST
Output:
----------------------------------------------------------
Running main() from /home/eemil/dev/c++/lups/build/_deps/googletest-src/googletest/src/gtest_main.cc
Note: Google Test filter = EvalTest.ErrorHandling
[==========] Running 1 test from 1 test suite.
[----------] Global test environment set-up.
[----------] 1 test from EvalTest
[ RUN      ] EvalTest.ErrorHandling
[       OK ] EvalTest.ErrorHandling (0 ms)
[----------] 1 test from EvalTest (0 ms total)

[----------] Global test environment tear-down
[==========] 1 test from 1 test suite ran. (0 ms total)
[  PASSED  ] 1 test.
<end of output>
Test time =   0.00 sec
----------------------------------------------------------
Test Passed.
"EvalTest.ErrorHandling" end time: Jun 05 13:20 EEST
"EvalTest.ErrorHandling" time elapsed: 00:00:00
----------------------------------------------------------

35/57 Testing: EvalTest.LetStatements
35/57 Test: EvalTest.LetStatements
Command: "/home/eemil/dev/c++/lups/build/lups_test" "--gtest_filter=EvalTest.LetStatements" "--gtest_also_run_disabled_tests"
Directory: /home/eemil/dev/c++/lups/build
"EvalTest.LetStatements" start time: Jun 05 13:20 EEST
Output:
----------------------------------------------------------
Running main() from /home/eemil/dev/c++/lups/build/_deps/googletest-src/googletest/src/gtest_main.cc
Note: Google Test filter = EvalTest.LetStatements
[==========] Running 1 test from 1 test suite.
[----------] Global test environment set-up.
[----------] 1 test from EvalTest
[ RUN      ] EvalTest.LetStatements
[       OK ] EvalTest.LetStatements (0 ms)
[----------] 1 test from EvalTest (0 ms total)

[----------] Global test environment tear-down
[==========] 1 test from 1 test suite ran. (0 ms total)
[  PASSED  ] 1 test.
<end of output>
Test time =   0.00 sec
----------------------------------------------------------
Test Passed.
"EvalTest.LetStatements" end time: Jun 05 13:20 EEST
"EvalTest.LetStatements" time elapsed: 00:00:00
----------------------------------------------------------

36/57 Testing: EvalTest.FunctionObject
36/57 Test: EvalTest.FunctionObject
Command: "/home/eemil/dev/c++/lups/build/lups_test" "--gtest_filter=EvalTest.FunctionObject" "--gtest_also_run_disabled_tests"
Directory: /home/eemil/dev/c++/lups/build
"EvalTest.FunctionObject" start time: Jun 05 13:20 EEST
Output:
----------------------------------------------------------
Running main() from /home/eemil/dev/c++/lups/build/_deps/googletest-src/googletest/src/gtest_main.cc
Note: Google Test filter = EvalTest.FunctionObject
[==========] Running 1 test from 1 test suite.
[----------] Global test environment set-up.
[----------] 1 test from EvalTest
[ RUN      ] EvalTest.FunctionObject
[       OK ] EvalTest.FunctionObject (0 ms)
[----------] 1 test from EvalTest (0 ms total)

[----------] Global test environment tear-down
[==========] 1 test from 1 test suite ran. (0 ms total)
[  PASSED  ] 1 test.
<end of output>
Test time =   0.00 sec
----------------------------------------------------------
Test Passed.
"EvalTest.FunctionObject" end time: Jun 05 13:20 EEST
"EvalTest.FunctionObject" time elapsed: 00:00:00
----------------------------------------------------------

37/57 Testing: EvalTest.FunctionUsage
37/57 Test: EvalTest.FunctionUsage
Command: "/home/eemil/dev/c++/lups/build/lups_test" "--gtest_filter=EvalTest.FunctionUsage" "--gtest_also_run_disabled_tests"
Directory: /home/eemil/dev/c++/lups/build
"EvalTest.FunctionUsage" start time: Jun 05 13:20 EEST
Output:
----------------------------------------------------------
Running main() from /home/eemil/dev/c++/lups/build/_deps/googletest-src/googletest/src/gtest_main.cc
Note: Google Test filter = EvalTest.FunctionUsage
[==========] Running 1 test from 1 test suite.
[----------] Global test environment set-up.
[----------] 1 test from EvalTest
[ RUN      ] EvalTest.FunctionUsage
[       OK ] EvalTest.FunctionUsage (0 ms)
[----------] 1 test from EvalTest (0 ms total)

[----------] Global test environment tear-down
[==========] 1 test from 1 test suite ran. (0 ms total)
[  PASSED  ] 1 test.
<end of output>
Test time =   0.00 sec
----------------------------------------------------------
Test Passed.
"EvalTest.FunctionUsage" end time: Jun 05 13:20 EEST
"EvalTest.FunctionUsage" time elapsed: 00:00:00
----------------------------------------------------------

38/57 Testing: EvalTest.StringLiteralTest
38/57 Test: EvalTest.StringLiteralTest
Command: "/home/eemil/dev/c++/lups/build/lups_test" "--gtest_filter=EvalTest.StringLiteralTest" "--gtest_also_run_disabled_tests"
Directory: /home/eemil/dev/c++/lups/build
"EvalTest.StringLiteralTest" start time: Jun 05 13:20 EEST
Output:
----------------------------------------------------------
Running main() from /home/eemil/dev/c++/lups/build/_deps/googletest-src/googletest/src/gtest_main.cc
Note: Google Test filter = EvalTest.StringLiteralTest
[==========] Running 1 test from 1 test suite.
[----------] Global test environment set-up.
[----------] 1 test from EvalTest
[ RUN      ] EvalTest.StringLiteralTest
[       OK ] EvalTest.StringLiteralTest (0 ms)
[----------] 1 test from EvalTest (0 ms total)

[----------] Global test environment tear-down
[==========] 1 test from 1 test suite ran. (0 ms total)
[  PASSED  ] 1 test.
<end of output>
Test time =   0.00 sec
----------------------------------------------------------
Test Passed.
"EvalTest.StringLiteralTest" end time: Jun 05 13:20 EEST
"EvalTest.StringLiteralTest" time elapsed: 00:00:00
----------------------------------------------------------

39/57 Testing: EvalTest.BuiltInFunction
39/57 Test: EvalTest.BuiltInFunction
Command: "/home/eemil/dev/c++/lups/build/lups_test" "--gtest_filter=EvalTest.BuiltInFunction" "--gtest_also_run_disabled_tests"
Directory: /home/eemil/dev/c++/lups/build
"EvalTest.BuiltInFunction" start time: Jun 05 13:20 EEST
Output:
----------------------------------------------------------
Running main() from /home/eemil/dev/c++/lups/build/_deps/googletest-src/googletest/src/gtest_main.cc
Note: Google Test filter = EvalTest.BuiltInFunction
[==========] Running 1 test from 1 test suite.
[----------] Global test environment set-up.
[----------] 1 test from EvalTest
[ RUN      ] EvalTest.BuiltInFunction
[       OK ] EvalTest.BuiltInFunction (0 ms)
[----------] 1 test from EvalTest (0 ms total)

[----------] Global test environment tear-down
[==========] 1 test from 1 test suite ran. (0 ms total)
[  PASSED  ] 1 test.
<end of output>
Test time =   0.00 sec
----------------------------------------------------------
Test Passed.
"EvalTest.BuiltInFunction" end time: Jun 05 13:20 EEST
"EvalTest.BuiltInFunction" time elapsed: 00:00:00
----------------------------------------------------------

40/57 Testing: EvalTest.ArrayLiteralEvaluation
40/57 Test: EvalTest.ArrayLiteralEvaluation
Command: "/home/eemil/dev/c++/lups/build/lups_test" "--gtest_filter=EvalTest.ArrayLiteralEvaluation" "--gtest_also_run_disabled_tests"
Directory: /home/eemil/dev/c++/lups/build
"EvalTest.ArrayLiteralEvaluation" start time: Jun 05 13:20 EEST
Output:
----------------------------------------------------------
Running main() from /home/eemil/dev/c++/lups/build/_deps/googletest-src/googletest/src/gtest_main.cc
Note: Google Test filter = EvalTest.ArrayLiteralEvaluation
[==========] Running 1 test from 1 test suite.
[----------] Global test environment set-up.
[----------] 1 test from EvalTest
[ RUN      ] EvalTest.ArrayLiteralEvaluation
[       OK ] EvalTest.ArrayLiteralEvaluation (0 ms)
[----------] 1 test from EvalTest (0 ms total)

[----------] Global test environment tear-down
[==========] 1 test from 1 test suite ran. (0 ms total)
[  PASSED  ] 1 test.
<end of output>
Test time =   0.00 sec
----------------------------------------------------------
Test Passed.
"EvalTest.ArrayLiteralEvaluation" end time: Jun 05 13:20 EEST
"EvalTest.ArrayLiteralEvaluation" time elapsed: 00:00:00
----------------------------------------------------------

41/57 Testing: EvalTest.ArrayIndexExpressions
41/57 Test: EvalTest.ArrayIndexExpressions
Command: "/home/eemil/dev/c++/lups/build/lups_test" "--gtest_filter=EvalTest.ArrayIndexExpressions" "--gtest_also_run_disabled_tests"
Directory: /home/eemil/dev/c++/lups/build
"EvalTest.ArrayIndexExpressions" start time: Jun 05 13:20 EEST
Output:
----------------------------------------------------------
Running main() from /home/eemil/dev/c++/lups/build/_deps/googletest-src/googletest/src/gtest_main.cc
Note: Google Test filter = EvalTest.ArrayIndexExpressions
[==========] Running 1 test from 1 test suite.
[----------] Global test environment set-up.
[----------] 1 test from EvalTest
[ RUN      ] EvalTest.ArrayIndexExpressions
[       OK ] EvalTest.ArrayIndexExpressions (1 ms)
[----------] 1 test from EvalTest (1 ms total)

[----------] Global test environment tear-down
[==========] 1 test from 1 test suite ran. (1 ms total)
[  PASSED  ] 1 test.
<end of output>
Test time =   0.00 sec
----------------------------------------------------------
Test Passed.
"EvalTest.ArrayIndexExpressions" end time: Jun 05 13:20 EEST
"EvalTest.ArrayIndexExpressions" time elapsed: 00:00:00
----------------------------------------------------------

42/57 Testing: EvalTest.HashEvaluationTest
42/57 Test: EvalTest.HashEvaluationTest
Command: "/home/eemil/dev/c++/lups/build/lups_test" "--gtest_filter=EvalTest.HashEvaluationTest" "--gtest_also_run_disabled_tests"
Directory: /home/eemil/dev/c++/lups/build
"EvalTest.HashEvaluationTest" start time: Jun 05 13:20 EEST
Output:
----------------------------------------------------------
Running main() from /home/eemil/dev/c++/lups/build/_deps/googletest-src/googletest/src/gtest_main.cc
Note: Google Test filter = EvalTest.HashEvaluationTest
[==========] Running 1 test from 1 test suite.
[----------] Global test environment set-up.
[----------] 1 test from EvalTest
[ RUN      ] EvalTest.HashEvaluationTest
[       OK ] EvalTest.HashEvaluationTest (0 ms)
[----------] 1 test from EvalTest (0 ms total)

[----------] Global test environment tear-down
[==========] 1 test from 1 test suite ran. (0 ms total)
[  PASSED  ] 1 test.
<end of output>
Test time =   0.00 sec
----------------------------------------------------------
Test Passed.
"EvalTest.HashEvaluationTest" end time: Jun 05 13:20 EEST
"EvalTest.HashEvaluationTest" time elapsed: 00:00:00
----------------------------------------------------------

43/57 Testing: EvalTest.HashIndexExpressions
43/57 Test: EvalTest.HashIndexExpressions
Command: "/home/eemil/dev/c++/lups/build/lups_test" "--gtest_filter=EvalTest.HashIndexExpressions" "--gtest_also_run_disabled_tests"
Directory: /home/eemil/dev/c++/lups/build
"EvalTest.HashIndexExpressions" start time: Jun 05 13:20 EEST
Output:
----------------------------------------------------------
Running main() from /home/eemil/dev/c++/lups/build/_deps/googletest-src/googletest/src/gtest_main.cc
Note: Google Test filter = EvalTest.HashIndexExpressions
[==========] Running 1 test from 1 test suite.
[----------] Global test environment set-up.
[----------] 1 test from EvalTest
[ RUN      ] EvalTest.HashIndexExpressions
[       OK ] EvalTest.HashIndexExpressions (1 ms)
[----------] 1 test from EvalTest (1 ms total)

[----------] Global test environment tear-down
[==========] 1 test from 1 test suite ran. (1 ms total)
[  PASSED  ] 1 test.
<end of output>
Test time =   0.00 sec
----------------------------------------------------------
Test Passed.
"EvalTest.HashIndexExpressions" end time: Jun 05 13:20 EEST
"EvalTest.HashIndexExpressions" time elapsed: 00:00:00
----------------------------------------------------------

44/57 Testing: ObjectTest.HashKeyTest
44/57 Test: ObjectTest.HashKeyTest
Command: "/home/eemil/dev/c++/lups/build/lups_test" "--gtest_filter=ObjectTest.HashKeyTest" "--gtest_also_run_disabled_tests"
Directory: /home/eemil/dev/c++/lups/build
"ObjectTest.HashKeyTest" start time: Jun 05 13:20 EEST
Output:
----------------------------------------------------------
Running main() from /home/eemil/dev/c++/lups/build/_deps/googletest-src/googletest/src/gtest_main.cc
Note: Google Test filter = ObjectTest.HashKeyTest
[==========] Running 1 test from 1 test suite.
[----------] Global test environment set-up.
[----------] 1 test from ObjectTest
[ RUN      ] ObjectTest.HashKeyTest
[       OK ] ObjectTest.HashKeyTest (0 ms)
[----------] 1 test from ObjectTest (0 ms total)

[----------] Global test environment tear-down
[==========] 1 test from 1 test suite ran. (0 ms total)
[  PASSED  ] 1 test.
<end of output>
Test time =   0.00 sec
----------------------------------------------------------
Test Passed.
"ObjectTest.HashKeyTest" end time: Jun 05 13:20 EEST
"ObjectTest.HashKeyTest" time elapsed: 00:00:00
----------------------------------------------------------

45/57 Testing: CodeTest.Make
45/57 Test: CodeTest.Make
Command: "/home/eemil/dev/c++/lups/build/lups_test" "--gtest_filter=CodeTest.Make" "--gtest_also_run_disabled_tests"
Directory: /home/eemil/dev/c++/lups/build
"CodeTest.Make" start time: Jun 05 13:20 EEST
Output:
----------------------------------------------------------
Running main() from /home/eemil/dev/c++/lups/build/_deps/googletest-src/googletest/src/gtest_main.cc
Note: Google Test filter = CodeTest.Make
[==========] Running 1 test from 1 test suite.
[----------] Global test environment set-up.
[----------] 1 test from CodeTest
[ RUN      ] CodeTest.Make
[       OK ] CodeTest.Make (0 ms)
[----------] 1 test from CodeTest (0 ms total)

[----------] Global test environment tear-down
[==========] 1 test from 1 test suite ran. (0 ms total)
[  PASSED  ] 1 test.
<end of output>
Test time =   0.00 sec
----------------------------------------------------------
Test Passed.
"CodeTest.Make" end time: Jun 05 13:20 EEST
"CodeTest.Make" time elapsed: 00:00:00
----------------------------------------------------------

46/57 Testing: CodeTest.InstructionString
46/57 Test: CodeTest.InstructionString
Command: "/home/eemil/dev/c++/lups/build/lups_test" "--gtest_filter=CodeTest.InstructionString" "--gtest_also_run_disabled_tests"
Directory: /home/eemil/dev/c++/lups/build
"CodeTest.InstructionString" start time: Jun 05 13:20 EEST
Output:
----------------------------------------------------------
Running main() from /home/eemil/dev/c++/lups/build/_deps/googletest-src/googletest/src/gtest_main.cc
Note: Google Test filter = CodeTest.InstructionString
[==========] Running 1 test from 1 test suite.
[----------] Global test environment set-up.
[----------] 1 test from CodeTest
[ RUN      ] CodeTest.InstructionString
[       OK ] CodeTest.InstructionString (0 ms)
[----------] 1 test from CodeTest (0 ms total)

[----------] Global test environment tear-down
[==========] 1 test from 1 test suite ran. (0 ms total)
[  PASSED  ] 1 test.
<end of output>
Test time =   0.00 sec
----------------------------------------------------------
Test Passed.
"CodeTest.InstructionString" end time: Jun 05 13:20 EEST
"CodeTest.InstructionString" time elapsed: 00:00:00
----------------------------------------------------------

47/57 Testing: CodeTest.ReadOperands
47/57 Test: CodeTest.ReadOperands
Command: "/home/eemil/dev/c++/lups/build/lups_test" "--gtest_filter=CodeTest.ReadOperands" "--gtest_also_run_disabled_tests"
Directory: /home/eemil/dev/c++/lups/build
"CodeTest.ReadOperands" start time: Jun 05 13:20 EEST
Output:
----------------------------------------------------------
Running main() from /home/eemil/dev/c++/lups/build/_deps/googletest-src/googletest/src/gtest_main.cc
Note: Google Test filter = CodeTest.ReadOperands
[==========] Running 1 test from 1 test suite.
[----------] Global test environment set-up.
[----------] 1 test from CodeTest
[ RUN      ] CodeTest.ReadOperands
[       OK ] CodeTest.ReadOperands (0 ms)
[----------] 1 test from CodeTest (0 ms total)

[----------] Global test environment tear-down
[==========] 1 test from 1 test suite ran. (0 ms total)
[  PASSED  ] 1 test.
<end of output>
Test time =   0.00 sec
----------------------------------------------------------
Test Passed.
"CodeTest.ReadOperands" end time: Jun 05 13:20 EEST
"CodeTest.ReadOperands" time elapsed: 00:00:00
----------------------------------------------------------

48/57 Testing: CompilerTest.IntegerArithmetic
48/57 Test: CompilerTest.IntegerArithmetic
Command: "/home/eemil/dev/c++/lups/build/lups_test" "--gtest_filter=CompilerTest.IntegerArithmetic" "--gtest_also_run_disabled_tests"
Directory: /home/eemil/dev/c++/lups/build
"CompilerTest.IntegerArithmetic" start time: Jun 05 13:20 EEST
Output:
----------------------------------------------------------
Running main() from /home/eemil/dev/c++/lups/build/_deps/googletest-src/googletest/src/gtest_main.cc
Note: Google Test filter = CompilerTest.IntegerArithmetic
[==========] Running 1 test from 1 test suite.
[----------] Global test environment set-up.
[----------] 1 test from CompilerTest
[ RUN      ] CompilerTest.IntegerArithmetic
result: 0000 OpConstant 0
0003 OpConstant 1
0006 OpAdd
0007 OpPop

expected: 0000 OpConstant 0
0003 OpConstant 1
0006 OpAdd
0007 OpPop

result: 0000 OpConstant 0
0003 OpPop
0004 OpConstant 1
0007 OpPop

expected: 0000 OpConstant 0
0003 OpPop
0004 OpConstant 1
0007 OpPop

result: 0000 OpConstant 0
0003 OpConstant 1
0006 OpMul
0007 OpPop

expected: 0000 OpConstant 0
0003 OpConstant 1
0006 OpMul
0007 OpPop

result: 0000 OpConstant 0
0003 OpConstant 1
0006 OpSub
0007 OpPop

expected: 0000 OpConstant 0
0003 OpConstant 1
0006 OpSub
0007 OpPop

result: 0000 OpConstant 0
0003 OpConstant 1
0006 OpDiv
0007 OpPop

expected: 0000 OpConstant 0
0003 OpConstant 1
0006 OpDiv
0007 OpPop

result: 0000 OpConstant 0
0003 OpMinus
0004 OpPop

expected: 0000 OpConstant 0
0003 OpMinus
0004 OpPop

[       OK ] CompilerTest.IntegerArithmetic (1 ms)
[----------] 1 test from CompilerTest (1 ms total)

[----------] Global test environment tear-down
[==========] 1 test from 1 test suite ran. (1 ms total)
[  PASSED  ] 1 test.
<end of output>
Test time =   0.00 sec
----------------------------------------------------------
Test Passed.
"CompilerTest.IntegerArithmetic" end time: Jun 05 13:20 EEST
"CompilerTest.IntegerArithmetic" time elapsed: 00:00:00
----------------------------------------------------------

49/57 Testing: CompilerTest.ConditionalTest
49/57 Test: CompilerTest.ConditionalTest
Command: "/home/eemil/dev/c++/lups/build/lups_test" "--gtest_filter=CompilerTest.ConditionalTest" "--gtest_also_run_disabled_tests"
Directory: /home/eemil/dev/c++/lups/build
"CompilerTest.ConditionalTest" start time: Jun 05 13:20 EEST
Output:
----------------------------------------------------------
Running main() from /home/eemil/dev/c++/lups/build/_deps/googletest-src/googletest/src/gtest_main.cc
Note: Google Test filter = CompilerTest.ConditionalTest
[==========] Running 1 test from 1 test suite.
[----------] Global test environment set-up.
[----------] 1 test from CompilerTest
[ RUN      ] CompilerTest.ConditionalTest
result: 0000 OpTrue
0001 OpJumpNotTruthy 10
0004 OpConstant 0
0007 OpJump 13
0010 OpConstant 1
0013 OpPop
0014 OpConstant 2
0017 OpPop

expected: 0000 OpTrue
0001 OpJumpNotTruthy 10
0004 OpConstant 0
0007 OpJump 13
0010 OpConstant 1
0013 OpPop
0014 OpConstant 2
0017 OpPop

result: 0000 OpTrue
0001 OpJumpNotTruthy 10
0004 OpConstant 0
0007 OpJump 11
0010 OpNull
0011 OpPop
0012 OpConstant 1
0015 OpPop

expected: 0000 OpTrue
0001 OpJumpNotTruthy 10
0004 OpConstant 0
0007 OpJump 11
0010 OpNull
0011 OpPop
0012 OpConstant 1
0015 OpPop

[       OK ] CompilerTest.ConditionalTest (1 ms)
[----------] 1 test from CompilerTest (1 ms total)

[----------] Global test environment tear-down
[==========] 1 test from 1 test suite ran. (1 ms total)
[  PASSED  ] 1 test.
<end of output>
Test time =   0.00 sec
----------------------------------------------------------
Test Passed.
"CompilerTest.ConditionalTest" end time: Jun 05 13:20 EEST
"CompilerTest.ConditionalTest" time elapsed: 00:00:00
----------------------------------------------------------

50/57 Testing: CompilerTest.BooleanExpressions
50/57 Test: CompilerTest.BooleanExpressions
Command: "/home/eemil/dev/c++/lups/build/lups_test" "--gtest_filter=CompilerTest.BooleanExpressions" "--gtest_also_run_disabled_tests"
Directory: /home/eemil/dev/c++/lups/build
"CompilerTest.BooleanExpressions" start time: Jun 05 13:20 EEST
Output:
----------------------------------------------------------
Running main() from /home/eemil/dev/c++/lups/build/_deps/googletest-src/googletest/src/gtest_main.cc
Note: Google Test filter = CompilerTest.BooleanExpressions
[==========] Running 1 test from 1 test suite.
[----------] Global test environment set-up.
[----------] 1 test from CompilerTest
[ RUN      ] CompilerTest.BooleanExpressions
result: 0000 OpTrue
0001 OpPop

expected: 0000 OpTrue
0001 OpPop

result: 0000 OpFalse
0001 OpPop

expected: 0000 OpFalse
0001 OpPop

result: 0000 OpConstant 0
0003 OpConstant 1
0006 OpGreaterThan
0007 OpPop

expected: 0000 OpConstant 0
0003 OpConstant 1
0006 OpGreaterThan
0007 OpPop

result: 0000 OpConstant 0
0003 OpConstant 1
0006 OpGreaterThan
0007 OpPop

expected: 0000 OpConstant 0
0003 OpConstant 1
0006 OpGreaterThan
0007 OpPop

result: 0000 OpConstant 0
0003 OpConstant 1
0006 OpEqual
0007 OpPop

expected: 0000 OpConstant 0
0003 OpConstant 1
0006 OpEqual
0007 OpPop

result: 0000 OpConstant 0
0003 OpConstant 1
0006 OpNotEqual
0007 OpPop

expected: 0000 OpConstant 0
0003 OpConstant 1
0006 OpNotEqual
0007 OpPop

result: 0000 OpTrue
0001 OpFalse
0002 OpEqual
0003 OpPop

expected: 0000 OpTrue
0001 OpFalse
0002 OpEqual
0003 OpPop

result: 0000 OpTrue
0001 OpFalse
0002 OpNotEqual
0003 OpPop

expected: 0000 OpTrue
0001 OpFalse
0002 OpNotEqual
0003 OpPop

result: 0000 OpTrue
0001 OpBang
0002 OpPop

expected: 0000 OpTrue
0001 OpBang
0002 OpPop

[       OK ] CompilerTest.BooleanExpressions (1 ms)
[----------] 1 test from CompilerTest (1 ms total)

[----------] Global test environment tear-down
[==========] 1 test from 1 test suite ran. (1 ms total)
[  PASSED  ] 1 test.
<end of output>
Test time =   0.00 sec
----------------------------------------------------------
Test Passed.
"CompilerTest.BooleanExpressions" end time: Jun 05 13:20 EEST
"CompilerTest.BooleanExpressions" time elapsed: 00:00:00
----------------------------------------------------------

51/57 Testing: CompilerTest.GlobalLetStatements
51/57 Test: CompilerTest.GlobalLetStatements
Command: "/home/eemil/dev/c++/lups/build/lups_test" "--gtest_filter=CompilerTest.GlobalLetStatements" "--gtest_also_run_disabled_tests"
Directory: /home/eemil/dev/c++/lups/build
"CompilerTest.GlobalLetStatements" start time: Jun 05 13:20 EEST
Output:
----------------------------------------------------------
Running main() from /home/eemil/dev/c++/lups/build/_deps/googletest-src/googletest/src/gtest_main.cc
Note: Google Test filter = CompilerTest.GlobalLetStatements
[==========] Running 1 test from 1 test suite.
[----------] Global test environment set-up.
[----------] 1 test from CompilerTest
[ RUN      ] CompilerTest.GlobalLetStatements
result: 0000 OpConstant 0
0003 OpSetGlobal 0
0006 OpConstant 1
0009 OpSetGlobal 1

expected: 0000 OpConstant 0
0003 OpSetGlobal 0
0006 OpConstant 1
0009 OpSetGlobal 1

result: 0000 OpConstant 0
0003 OpSetGlobal 0
0006 OpGetGlobal 0
0009 OpPop

expected: 0000 OpConstant 0
0003 OpSetGlobal 0
0006 OpGetGlobal 0
0009 OpPop

result: 0000 OpConstant 0
0003 OpSetGlobal 0
0006 OpGetGlobal 0
0009 OpSetGlobal 1
0012 OpGetGlobal 1
0015 OpPop

expected: 0000 OpConstant 0
0003 OpSetGlobal 0
0006 OpGetGlobal 0
0009 OpSetGlobal 1
0012 OpGetGlobal 1
0015 OpPop

[       OK ] CompilerTest.GlobalLetStatements (0 ms)
[----------] 1 test from CompilerTest (0 ms total)

[----------] Global test environment tear-down
[==========] 1 test from 1 test suite ran. (0 ms total)
[  PASSED  ] 1 test.
<end of output>
Test time =   0.00 sec
----------------------------------------------------------
Test Passed.
"CompilerTest.GlobalLetStatements" end time: Jun 05 13:20 EEST
"CompilerTest.GlobalLetStatements" time elapsed: 00:00:00
----------------------------------------------------------

52/57 Testing: VMTest.VMIntegerArithmetic
52/57 Test: VMTest.VMIntegerArithmetic
Command: "/home/eemil/dev/c++/lups/build/lups_test" "--gtest_filter=VMTest.VMIntegerArithmetic" "--gtest_also_run_disabled_tests"
Directory: /home/eemil/dev/c++/lups/build
"VMTest.VMIntegerArithmetic" start time: Jun 05 13:20 EEST
Output:
----------------------------------------------------------
Running main() from /home/eemil/dev/c++/lups/build/_deps/googletest-src/googletest/src/gtest_main.cc
Note: Google Test filter = VMTest.VMIntegerArithmetic
[==========] Running 1 test from 1 test suite.
[----------] Global test environment set-up.
[----------] 1 test from VMTest
[ RUN      ] VMTest.VMIntegerArithmetic
[       OK ] VMTest.VMIntegerArithmetic (0 ms)
[----------] 1 test from VMTest (0 ms total)

[----------] Global test environment tear-down
[==========] 1 test from 1 test suite ran. (0 ms total)
[  PASSED  ] 1 test.
<end of output>
Test time =   0.00 sec
----------------------------------------------------------
Test Passed.
"VMTest.VMIntegerArithmetic" end time: Jun 05 13:20 EEST
"VMTest.VMIntegerArithmetic" time elapsed: 00:00:00
----------------------------------------------------------

53/57 Testing: VMTest.GlobalLetStatements
53/57 Test: VMTest.GlobalLetStatements
Command: "/home/eemil/dev/c++/lups/build/lups_test" "--gtest_filter=VMTest.GlobalLetStatements" "--gtest_also_run_disabled_tests"
Directory: /home/eemil/dev/c++/lups/build
"VMTest.GlobalLetStatements" start time: Jun 05 13:20 EEST
Output:
----------------------------------------------------------
Running main() from /home/eemil/dev/c++/lups/build/_deps/googletest-src/googletest/src/gtest_main.cc
Note: Google Test filter = VMTest.GlobalLetStatements
[==========] Running 1 test from 1 test suite.
[----------] Global test environment set-up.
[----------] 1 test from VMTest
[ RUN      ] VMTest.GlobalLetStatements
[       OK ] VMTest.GlobalLetStatements (0 ms)
[----------] 1 test from VMTest (0 ms total)

[----------] Global test environment tear-down
[==========] 1 test from 1 test suite ran. (0 ms total)
[  PASSED  ] 1 test.
<end of output>
Test time =   0.00 sec
----------------------------------------------------------
Test Passed.
"VMTest.GlobalLetStatements" end time: Jun 05 13:20 EEST
"VMTest.GlobalLetStatements" time elapsed: 00:00:00
----------------------------------------------------------

54/57 Testing: VmTest.VMBooleanTest
54/57 Test: VmTest.VMBooleanTest
Command: "/home/eemil/dev/c++/lups/build/lups_test" "--gtest_filter=VmTest.VMBooleanTest" "--gtest_also_run_disabled_tests"
Directory: /home/eemil/dev/c++/lups/build
"VmTest.VMBooleanTest" start time: Jun 05 13:20 EEST
Output:
----------------------------------------------------------
Running main() from /home/eemil/dev/c++/lups/build/_deps/googletest-src/googletest/src/gtest_main.cc
Note: Google Test filter = VmTest.VMBooleanTest
[==========] Running 1 test from 1 test suite.
[----------] Global test environment set-up.
[----------] 1 test from VmTest
[ RUN      ] VmTest.VMBooleanTest
[       OK ] VmTest.VMBooleanTest (1 ms)
[----------] 1 test from VmTest (1 ms total)

[----------] Global test environment tear-down
[==========] 1 test from 1 test suite ran. (1 ms total)
[  PASSED  ] 1 test.
<end of output>
Test time =   0.00 sec
----------------------------------------------------------
Test Passed.
"VmTest.VMBooleanTest" end time: Jun 05 13:20 EEST
"VmTest.VMBooleanTest" time elapsed: 00:00:00
----------------------------------------------------------

55/57 Testing: VmTest.Conditionals
55/57 Test: VmTest.Conditionals
Command: "/home/eemil/dev/c++/lups/build/lups_test" "--gtest_filter=VmTest.Conditionals" "--gtest_also_run_disabled_tests"
Directory: /home/eemil/dev/c++/lups/build
"VmTest.Conditionals" start time: Jun 05 13:20 EEST
Output:
----------------------------------------------------------
Running main() from /home/eemil/dev/c++/lups/build/_deps/googletest-src/googletest/src/gtest_main.cc
Note: Google Test filter = VmTest.Conditionals
[==========] Running 1 test from 1 test suite.
[----------] Global test environment set-up.
[----------] 1 test from VmTest
[ RUN      ] VmTest.Conditionals
[       OK ] VmTest.Conditionals (1 ms)
[----------] 1 test from VmTest (1 ms total)

[----------] Global test environment tear-down
[==========] 1 test from 1 test suite ran. (1 ms total)
[  PASSED  ] 1 test.
<end of output>
Test time =   0.00 sec
----------------------------------------------------------
Test Passed.
"VmTest.Conditionals" end time: Jun 05 13:20 EEST
"VmTest.Conditionals" time elapsed: 00:00:00
----------------------------------------------------------

56/57 Testing: SymbolTableTest.TestDefine
56/57 Test: SymbolTableTest.TestDefine
Command: "/home/eemil/dev/c++/lups/build/lups_test" "--gtest_filter=SymbolTableTest.TestDefine" "--gtest_also_run_disabled_tests"
Directory: /home/eemil/dev/c++/lups/build
"SymbolTableTest.TestDefine" start time: Jun 05 13:20 EEST
Output:
----------------------------------------------------------
Running main() from /home/eemil/dev/c++/lups/build/_deps/googletest-src/googletest/src/gtest_main.cc
Note: Google Test filter = SymbolTableTest.TestDefine
[==========] Running 1 test from 1 test suite.
[----------] Global test environment set-up.
[----------] 1 test from SymbolTableTest
[ RUN      ] SymbolTableTest.TestDefine
[       OK ] SymbolTableTest.TestDefine (0 ms)
[----------] 1 test from SymbolTableTest (0 ms total)

[----------] Global test environment tear-down
[==========] 1 test from 1 test suite ran. (0 ms total)
[  PASSED  ] 1 test.
<end of output>
Test time =   0.00 sec
----------------------------------------------------------
Test Passed.
"SymbolTableTest.TestDefine" end time: Jun 05 13:20 EEST
"SymbolTableTest.TestDefine" time elapsed: 00:00:00
----------------------------------------------------------

57/57 Testing: SymbolTableTest.TestResolveGlobal
57/57 Test: SymbolTableTest.TestResolveGlobal
Command: "/home/eemil/dev/c++/lups/build/lups_test" "--gtest_filter=SymbolTableTest.TestResolveGlobal" "--gtest_also_run_disabled_tests"
Directory: /home/eemil/dev/c++/lups/build
"SymbolTableTest.TestResolveGlobal" start time: Jun 05 13:20 EEST
Output:
----------------------------------------------------------
Running main() from /home/eemil/dev/c++/lups/build/_deps/googletest-src/googletest/src/gtest_main.cc
Note: Google Test filter = SymbolTableTest.TestResolveGlobal
[==========] Running 1 test from 1 test suite.
[----------] Global test environment set-up.
[----------] 1 test from SymbolTableTest
[ RUN      ] SymbolTableTest.TestResolveGlobal
[       OK ] SymbolTableTest.TestResolveGlobal (0 ms)
[----------] 1 test from SymbolTableTest (0 ms total)

[----------] Global test environment tear-down
[==========] 1 test from 1 test suite ran. (0 ms total)
[  PASSED  ] 1 test.
<end of output>
Test time =   0.00 sec
----------------------------------------------------------
Test Passed.
"SymbolTableTest.TestResolveGlobal" end time: Jun 05 13:20 EEST
"SymbolTableTest.TestResolveGlobal" time elapsed: 00:00:00
----------------------------------------------------------

End testing: Jun 05 13:20 EEST
