Start testing: May 23 03:03 EEST
----------------------------------------------------------
1/30 Testing: LexerTest.TestNextToken
1/30 Test: LexerTest.TestNextToken
Command: "/home/eemil/dev/c++/lups/build/lups_test" "--gtest_filter=LexerTest.TestNextToken" "--gtest_also_run_disabled_tests"
Directory: /home/eemil/dev/c++/lups/build
"LexerTest.TestNextToken" start time: May 23 03:03 EEST
Output:
----------------------------------------------------------
Running main() from /home/eemil/dev/c++/lups/build/_deps/googletest-src/googletest/src/gtest_main.cc
Note: Google Test filter = LexerTest.TestNextToken
[==========] Running 1 test from 1 test suite.
[----------] Global test environment set-up.
[----------] 1 test from LexerTest
[ RUN      ] LexerTest.TestNextToken
[       OK ] LexerTest.TestNextToken (0 ms)
[----------] 1 test from LexerTest (0 ms total)

[----------] Global test environment tear-down
[==========] 1 test from 1 test suite ran. (0 ms total)
[  PASSED  ] 1 test.
<end of output>
Test time =   0.00 sec
----------------------------------------------------------
Test Passed.
"LexerTest.TestNextToken" end time: May 23 03:03 EEST
"LexerTest.TestNextToken" time elapsed: 00:00:00
----------------------------------------------------------

2/30 Testing: LexerTest.IfStatements
2/30 Test: LexerTest.IfStatements
Command: "/home/eemil/dev/c++/lups/build/lups_test" "--gtest_filter=LexerTest.IfStatements" "--gtest_also_run_disabled_tests"
Directory: /home/eemil/dev/c++/lups/build
"LexerTest.IfStatements" start time: May 23 03:03 EEST
Output:
----------------------------------------------------------
Running main() from /home/eemil/dev/c++/lups/build/_deps/googletest-src/googletest/src/gtest_main.cc
Note: Google Test filter = LexerTest.IfStatements
[==========] Running 1 test from 1 test suite.
[----------] Global test environment set-up.
[----------] 1 test from LexerTest
[ RUN      ] LexerTest.IfStatements
[       OK ] LexerTest.IfStatements (0 ms)
[----------] 1 test from LexerTest (0 ms total)

[----------] Global test environment tear-down
[==========] 1 test from 1 test suite ran. (0 ms total)
[  PASSED  ] 1 test.
<end of output>
Test time =   0.00 sec
----------------------------------------------------------
Test Passed.
"LexerTest.IfStatements" end time: May 23 03:03 EEST
"LexerTest.IfStatements" time elapsed: 00:00:00
----------------------------------------------------------

3/30 Testing: LexerTest.Variables
3/30 Test: LexerTest.Variables
Command: "/home/eemil/dev/c++/lups/build/lups_test" "--gtest_filter=LexerTest.Variables" "--gtest_also_run_disabled_tests"
Directory: /home/eemil/dev/c++/lups/build
"LexerTest.Variables" start time: May 23 03:03 EEST
Output:
----------------------------------------------------------
Running main() from /home/eemil/dev/c++/lups/build/_deps/googletest-src/googletest/src/gtest_main.cc
Note: Google Test filter = LexerTest.Variables
[==========] Running 1 test from 1 test suite.
[----------] Global test environment set-up.
[----------] 1 test from LexerTest
[ RUN      ] LexerTest.Variables
[       OK ] LexerTest.Variables (0 ms)
[----------] 1 test from LexerTest (0 ms total)

[----------] Global test environment tear-down
[==========] 1 test from 1 test suite ran. (0 ms total)
[  PASSED  ] 1 test.
<end of output>
Test time =   0.00 sec
----------------------------------------------------------
Test Passed.
"LexerTest.Variables" end time: May 23 03:03 EEST
"LexerTest.Variables" time elapsed: 00:00:00
----------------------------------------------------------

4/30 Testing: LexerTest.Strings
4/30 Test: LexerTest.Strings
Command: "/home/eemil/dev/c++/lups/build/lups_test" "--gtest_filter=LexerTest.Strings" "--gtest_also_run_disabled_tests"
Directory: /home/eemil/dev/c++/lups/build
"LexerTest.Strings" start time: May 23 03:03 EEST
Output:
----------------------------------------------------------
Running main() from /home/eemil/dev/c++/lups/build/_deps/googletest-src/googletest/src/gtest_main.cc
Note: Google Test filter = LexerTest.Strings
[==========] Running 1 test from 1 test suite.
[----------] Global test environment set-up.
[----------] 1 test from LexerTest
[ RUN      ] LexerTest.Strings
[       OK ] LexerTest.Strings (0 ms)
[----------] 1 test from LexerTest (0 ms total)

[----------] Global test environment tear-down
[==========] 1 test from 1 test suite ran. (0 ms total)
[  PASSED  ] 1 test.
<end of output>
Test time =   0.00 sec
----------------------------------------------------------
Test Passed.
"LexerTest.Strings" end time: May 23 03:03 EEST
"LexerTest.Strings" time elapsed: 00:00:00
----------------------------------------------------------

5/30 Testing: LexerTest.FunctionDeclaration
5/30 Test: LexerTest.FunctionDeclaration
Command: "/home/eemil/dev/c++/lups/build/lups_test" "--gtest_filter=LexerTest.FunctionDeclaration" "--gtest_also_run_disabled_tests"
Directory: /home/eemil/dev/c++/lups/build
"LexerTest.FunctionDeclaration" start time: May 23 03:03 EEST
Output:
----------------------------------------------------------
Running main() from /home/eemil/dev/c++/lups/build/_deps/googletest-src/googletest/src/gtest_main.cc
Note: Google Test filter = LexerTest.FunctionDeclaration
[==========] Running 1 test from 1 test suite.
[----------] Global test environment set-up.
[----------] 1 test from LexerTest
[ RUN      ] LexerTest.FunctionDeclaration
[       OK ] LexerTest.FunctionDeclaration (0 ms)
[----------] 1 test from LexerTest (0 ms total)

[----------] Global test environment tear-down
[==========] 1 test from 1 test suite ran. (0 ms total)
[  PASSED  ] 1 test.
<end of output>
Test time =   0.00 sec
----------------------------------------------------------
Test Passed.
"LexerTest.FunctionDeclaration" end time: May 23 03:03 EEST
"LexerTest.FunctionDeclaration" time elapsed: 00:00:00
----------------------------------------------------------

6/30 Testing: LexerTest.EqualNonEqual
6/30 Test: LexerTest.EqualNonEqual
Command: "/home/eemil/dev/c++/lups/build/lups_test" "--gtest_filter=LexerTest.EqualNonEqual" "--gtest_also_run_disabled_tests"
Directory: /home/eemil/dev/c++/lups/build
"LexerTest.EqualNonEqual" start time: May 23 03:03 EEST
Output:
----------------------------------------------------------
Running main() from /home/eemil/dev/c++/lups/build/_deps/googletest-src/googletest/src/gtest_main.cc
Note: Google Test filter = LexerTest.EqualNonEqual
[==========] Running 1 test from 1 test suite.
[----------] Global test environment set-up.
[----------] 1 test from LexerTest
[ RUN      ] LexerTest.EqualNonEqual
[       OK ] LexerTest.EqualNonEqual (0 ms)
[----------] 1 test from LexerTest (0 ms total)

[----------] Global test environment tear-down
[==========] 1 test from 1 test suite ran. (0 ms total)
[  PASSED  ] 1 test.
<end of output>
Test time =   0.00 sec
----------------------------------------------------------
Test Passed.
"LexerTest.EqualNonEqual" end time: May 23 03:03 EEST
"LexerTest.EqualNonEqual" time elapsed: 00:00:00
----------------------------------------------------------

7/30 Testing: ParserTest.LetStatements
7/30 Test: ParserTest.LetStatements
Command: "/home/eemil/dev/c++/lups/build/lups_test" "--gtest_filter=ParserTest.LetStatements" "--gtest_also_run_disabled_tests"
Directory: /home/eemil/dev/c++/lups/build
"ParserTest.LetStatements" start time: May 23 03:03 EEST
Output:
----------------------------------------------------------
Running main() from /home/eemil/dev/c++/lups/build/_deps/googletest-src/googletest/src/gtest_main.cc
Note: Google Test filter = ParserTest.LetStatements
[==========] Running 1 test from 1 test suite.
[----------] Global test environment set-up.
[----------] 1 test from ParserTest
[ RUN      ] ParserTest.LetStatements
[       OK ] ParserTest.LetStatements (0 ms)
[----------] 1 test from ParserTest (0 ms total)

[----------] Global test environment tear-down
[==========] 1 test from 1 test suite ran. (0 ms total)
[  PASSED  ] 1 test.
<end of output>
Test time =   0.00 sec
----------------------------------------------------------
Test Passed.
"ParserTest.LetStatements" end time: May 23 03:03 EEST
"ParserTest.LetStatements" time elapsed: 00:00:00
----------------------------------------------------------

8/30 Testing: ParserTest.ReturnStatements
8/30 Test: ParserTest.ReturnStatements
Command: "/home/eemil/dev/c++/lups/build/lups_test" "--gtest_filter=ParserTest.ReturnStatements" "--gtest_also_run_disabled_tests"
Directory: /home/eemil/dev/c++/lups/build
"ParserTest.ReturnStatements" start time: May 23 03:03 EEST
Output:
----------------------------------------------------------
Running main() from /home/eemil/dev/c++/lups/build/_deps/googletest-src/googletest/src/gtest_main.cc
Note: Google Test filter = ParserTest.ReturnStatements
[==========] Running 1 test from 1 test suite.
[----------] Global test environment set-up.
[----------] 1 test from ParserTest
[ RUN      ] ParserTest.ReturnStatements
[       OK ] ParserTest.ReturnStatements (0 ms)
[----------] 1 test from ParserTest (0 ms total)

[----------] Global test environment tear-down
[==========] 1 test from 1 test suite ran. (0 ms total)
[  PASSED  ] 1 test.
<end of output>
Test time =   0.00 sec
----------------------------------------------------------
Test Passed.
"ParserTest.ReturnStatements" end time: May 23 03:03 EEST
"ParserTest.ReturnStatements" time elapsed: 00:00:00
----------------------------------------------------------

9/30 Testing: ParserTest.IdentifierExpression
9/30 Test: ParserTest.IdentifierExpression
Command: "/home/eemil/dev/c++/lups/build/lups_test" "--gtest_filter=ParserTest.IdentifierExpression" "--gtest_also_run_disabled_tests"
Directory: /home/eemil/dev/c++/lups/build
"ParserTest.IdentifierExpression" start time: May 23 03:03 EEST
Output:
----------------------------------------------------------
Running main() from /home/eemil/dev/c++/lups/build/_deps/googletest-src/googletest/src/gtest_main.cc
Note: Google Test filter = ParserTest.IdentifierExpression
[==========] Running 1 test from 1 test suite.
[----------] Global test environment set-up.
[----------] 1 test from ParserTest
[ RUN      ] ParserTest.IdentifierExpression
[       OK ] ParserTest.IdentifierExpression (0 ms)
[----------] 1 test from ParserTest (0 ms total)

[----------] Global test environment tear-down
[==========] 1 test from 1 test suite ran. (0 ms total)
[  PASSED  ] 1 test.
<end of output>
Test time =   0.00 sec
----------------------------------------------------------
Test Passed.
"ParserTest.IdentifierExpression" end time: May 23 03:03 EEST
"ParserTest.IdentifierExpression" time elapsed: 00:00:00
----------------------------------------------------------

10/30 Testing: ParserTest.IntegerLiteralExpression
10/30 Test: ParserTest.IntegerLiteralExpression
Command: "/home/eemil/dev/c++/lups/build/lups_test" "--gtest_filter=ParserTest.IntegerLiteralExpression" "--gtest_also_run_disabled_tests"
Directory: /home/eemil/dev/c++/lups/build
"ParserTest.IntegerLiteralExpression" start time: May 23 03:03 EEST
Output:
----------------------------------------------------------
Running main() from /home/eemil/dev/c++/lups/build/_deps/googletest-src/googletest/src/gtest_main.cc
Note: Google Test filter = ParserTest.IntegerLiteralExpression
[==========] Running 1 test from 1 test suite.
[----------] Global test environment set-up.
[----------] 1 test from ParserTest
[ RUN      ] ParserTest.IntegerLiteralExpression
[       OK ] ParserTest.IntegerLiteralExpression (0 ms)
[----------] 1 test from ParserTest (0 ms total)

[----------] Global test environment tear-down
[==========] 1 test from 1 test suite ran. (0 ms total)
[  PASSED  ] 1 test.
<end of output>
Test time =   0.00 sec
----------------------------------------------------------
Test Passed.
"ParserTest.IntegerLiteralExpression" end time: May 23 03:03 EEST
"ParserTest.IntegerLiteralExpression" time elapsed: 00:00:00
----------------------------------------------------------

11/30 Testing: ParserTest.PrefixExpressionTest
11/30 Test: ParserTest.PrefixExpressionTest
Command: "/home/eemil/dev/c++/lups/build/lups_test" "--gtest_filter=ParserTest.PrefixExpressionTest" "--gtest_also_run_disabled_tests"
Directory: /home/eemil/dev/c++/lups/build
"ParserTest.PrefixExpressionTest" start time: May 23 03:03 EEST
Output:
----------------------------------------------------------
Running main() from /home/eemil/dev/c++/lups/build/_deps/googletest-src/googletest/src/gtest_main.cc
Note: Google Test filter = ParserTest.PrefixExpressionTest
[==========] Running 1 test from 1 test suite.
[----------] Global test environment set-up.
[----------] 1 test from ParserTest
[ RUN      ] ParserTest.PrefixExpressionTest
[       OK ] ParserTest.PrefixExpressionTest (0 ms)
[----------] 1 test from ParserTest (0 ms total)

[----------] Global test environment tear-down
[==========] 1 test from 1 test suite ran. (1 ms total)
[  PASSED  ] 1 test.
<end of output>
Test time =   0.00 sec
----------------------------------------------------------
Test Passed.
"ParserTest.PrefixExpressionTest" end time: May 23 03:03 EEST
"ParserTest.PrefixExpressionTest" time elapsed: 00:00:00
----------------------------------------------------------

12/30 Testing: ParserTest.InfixExpressionTest
12/30 Test: ParserTest.InfixExpressionTest
Command: "/home/eemil/dev/c++/lups/build/lups_test" "--gtest_filter=ParserTest.InfixExpressionTest" "--gtest_also_run_disabled_tests"
Directory: /home/eemil/dev/c++/lups/build
"ParserTest.InfixExpressionTest" start time: May 23 03:03 EEST
Output:
----------------------------------------------------------
Running main() from /home/eemil/dev/c++/lups/build/_deps/googletest-src/googletest/src/gtest_main.cc
Note: Google Test filter = ParserTest.InfixExpressionTest
[==========] Running 1 test from 1 test suite.
[----------] Global test environment set-up.
[----------] 1 test from ParserTest
[ RUN      ] ParserTest.InfixExpressionTest
[       OK ] ParserTest.InfixExpressionTest (0 ms)
[----------] 1 test from ParserTest (0 ms total)

[----------] Global test environment tear-down
[==========] 1 test from 1 test suite ran. (0 ms total)
[  PASSED  ] 1 test.
<end of output>
Test time =   0.00 sec
----------------------------------------------------------
Test Passed.
"ParserTest.InfixExpressionTest" end time: May 23 03:03 EEST
"ParserTest.InfixExpressionTest" time elapsed: 00:00:00
----------------------------------------------------------

13/30 Testing: ParserTest.BooleanInfixExpression
13/30 Test: ParserTest.BooleanInfixExpression
Command: "/home/eemil/dev/c++/lups/build/lups_test" "--gtest_filter=ParserTest.BooleanInfixExpression" "--gtest_also_run_disabled_tests"
Directory: /home/eemil/dev/c++/lups/build
"ParserTest.BooleanInfixExpression" start time: May 23 03:03 EEST
Output:
----------------------------------------------------------
Running main() from /home/eemil/dev/c++/lups/build/_deps/googletest-src/googletest/src/gtest_main.cc
Note: Google Test filter = ParserTest.BooleanInfixExpression
[==========] Running 1 test from 1 test suite.
[----------] Global test environment set-up.
[----------] 1 test from ParserTest
[ RUN      ] ParserTest.BooleanInfixExpression
[       OK ] ParserTest.BooleanInfixExpression (0 ms)
[----------] 1 test from ParserTest (0 ms total)

[----------] Global test environment tear-down
[==========] 1 test from 1 test suite ran. (0 ms total)
[  PASSED  ] 1 test.
<end of output>
Test time =   0.00 sec
----------------------------------------------------------
Test Passed.
"ParserTest.BooleanInfixExpression" end time: May 23 03:03 EEST
"ParserTest.BooleanInfixExpression" time elapsed: 00:00:00
----------------------------------------------------------

14/30 Testing: ParserTest.OperatorPrecedenceParsing
14/30 Test: ParserTest.OperatorPrecedenceParsing
Command: "/home/eemil/dev/c++/lups/build/lups_test" "--gtest_filter=ParserTest.OperatorPrecedenceParsing" "--gtest_also_run_disabled_tests"
Directory: /home/eemil/dev/c++/lups/build
"ParserTest.OperatorPrecedenceParsing" start time: May 23 03:03 EEST
Output:
----------------------------------------------------------
Running main() from /home/eemil/dev/c++/lups/build/_deps/googletest-src/googletest/src/gtest_main.cc
Note: Google Test filter = ParserTest.OperatorPrecedenceParsing
[==========] Running 1 test from 1 test suite.
[----------] Global test environment set-up.
[----------] 1 test from ParserTest
[ RUN      ] ParserTest.OperatorPrecedenceParsing
[       OK ] ParserTest.OperatorPrecedenceParsing (1 ms)
[----------] 1 test from ParserTest (1 ms total)

[----------] Global test environment tear-down
[==========] 1 test from 1 test suite ran. (1 ms total)
[  PASSED  ] 1 test.
<end of output>
Test time =   0.00 sec
----------------------------------------------------------
Test Passed.
"ParserTest.OperatorPrecedenceParsing" end time: May 23 03:03 EEST
"ParserTest.OperatorPrecedenceParsing" time elapsed: 00:00:00
----------------------------------------------------------

15/30 Testing: ParserTest.IfExpressionTest
15/30 Test: ParserTest.IfExpressionTest
Command: "/home/eemil/dev/c++/lups/build/lups_test" "--gtest_filter=ParserTest.IfExpressionTest" "--gtest_also_run_disabled_tests"
Directory: /home/eemil/dev/c++/lups/build
"ParserTest.IfExpressionTest" start time: May 23 03:03 EEST
Output:
----------------------------------------------------------
Running main() from /home/eemil/dev/c++/lups/build/_deps/googletest-src/googletest/src/gtest_main.cc
Note: Google Test filter = ParserTest.IfExpressionTest
[==========] Running 1 test from 1 test suite.
[----------] Global test environment set-up.
[----------] 1 test from ParserTest
[ RUN      ] ParserTest.IfExpressionTest
[       OK ] ParserTest.IfExpressionTest (0 ms)
[----------] 1 test from ParserTest (0 ms total)

[----------] Global test environment tear-down
[==========] 1 test from 1 test suite ran. (0 ms total)
[  PASSED  ] 1 test.
<end of output>
Test time =   0.00 sec
----------------------------------------------------------
Test Passed.
"ParserTest.IfExpressionTest" end time: May 23 03:03 EEST
"ParserTest.IfExpressionTest" time elapsed: 00:00:00
----------------------------------------------------------

16/30 Testing: ParserTest.FunctionLiteralParsing
16/30 Test: ParserTest.FunctionLiteralParsing
Command: "/home/eemil/dev/c++/lups/build/lups_test" "--gtest_filter=ParserTest.FunctionLiteralParsing" "--gtest_also_run_disabled_tests"
Directory: /home/eemil/dev/c++/lups/build
"ParserTest.FunctionLiteralParsing" start time: May 23 03:03 EEST
Output:
----------------------------------------------------------
Running main() from /home/eemil/dev/c++/lups/build/_deps/googletest-src/googletest/src/gtest_main.cc
Note: Google Test filter = ParserTest.FunctionLiteralParsing
[==========] Running 1 test from 1 test suite.
[----------] Global test environment set-up.
[----------] 1 test from ParserTest
[ RUN      ] ParserTest.FunctionLiteralParsing
[       OK ] ParserTest.FunctionLiteralParsing (0 ms)
[----------] 1 test from ParserTest (0 ms total)

[----------] Global test environment tear-down
[==========] 1 test from 1 test suite ran. (0 ms total)
[  PASSED  ] 1 test.
<end of output>
Test time =   0.00 sec
----------------------------------------------------------
Test Passed.
"ParserTest.FunctionLiteralParsing" end time: May 23 03:03 EEST
"ParserTest.FunctionLiteralParsing" time elapsed: 00:00:00
----------------------------------------------------------

17/30 Testing: ParserTest.FunctionParameterTest
17/30 Test: ParserTest.FunctionParameterTest
Command: "/home/eemil/dev/c++/lups/build/lups_test" "--gtest_filter=ParserTest.FunctionParameterTest" "--gtest_also_run_disabled_tests"
Directory: /home/eemil/dev/c++/lups/build
"ParserTest.FunctionParameterTest" start time: May 23 03:03 EEST
Output:
----------------------------------------------------------
Running main() from /home/eemil/dev/c++/lups/build/_deps/googletest-src/googletest/src/gtest_main.cc
Note: Google Test filter = ParserTest.FunctionParameterTest
[==========] Running 1 test from 1 test suite.
[----------] Global test environment set-up.
[----------] 1 test from ParserTest
[ RUN      ] ParserTest.FunctionParameterTest
[       OK ] ParserTest.FunctionParameterTest (0 ms)
[----------] 1 test from ParserTest (0 ms total)

[----------] Global test environment tear-down
[==========] 1 test from 1 test suite ran. (0 ms total)
[  PASSED  ] 1 test.
<end of output>
Test time =   0.00 sec
----------------------------------------------------------
Test Passed.
"ParserTest.FunctionParameterTest" end time: May 23 03:03 EEST
"ParserTest.FunctionParameterTest" time elapsed: 00:00:00
----------------------------------------------------------

18/30 Testing: ParserTest.CallExpressionParsing
18/30 Test: ParserTest.CallExpressionParsing
Command: "/home/eemil/dev/c++/lups/build/lups_test" "--gtest_filter=ParserTest.CallExpressionParsing" "--gtest_also_run_disabled_tests"
Directory: /home/eemil/dev/c++/lups/build
"ParserTest.CallExpressionParsing" start time: May 23 03:03 EEST
Output:
----------------------------------------------------------
Running main() from /home/eemil/dev/c++/lups/build/_deps/googletest-src/googletest/src/gtest_main.cc
Note: Google Test filter = ParserTest.CallExpressionParsing
[==========] Running 1 test from 1 test suite.
[----------] Global test environment set-up.
[----------] 1 test from ParserTest
[ RUN      ] ParserTest.CallExpressionParsing
[       OK ] ParserTest.CallExpressionParsing (0 ms)
[----------] 1 test from ParserTest (0 ms total)

[----------] Global test environment tear-down
[==========] 1 test from 1 test suite ran. (0 ms total)
[  PASSED  ] 1 test.
<end of output>
Test time =   0.00 sec
----------------------------------------------------------
Test Passed.
"ParserTest.CallExpressionParsing" end time: May 23 03:03 EEST
"ParserTest.CallExpressionParsing" time elapsed: 00:00:00
----------------------------------------------------------

19/30 Testing: ParserTest.StringLiteralTest
19/30 Test: ParserTest.StringLiteralTest
Command: "/home/eemil/dev/c++/lups/build/lups_test" "--gtest_filter=ParserTest.StringLiteralTest" "--gtest_also_run_disabled_tests"
Directory: /home/eemil/dev/c++/lups/build
"ParserTest.StringLiteralTest" start time: May 23 03:03 EEST
Output:
----------------------------------------------------------
Running main() from /home/eemil/dev/c++/lups/build/_deps/googletest-src/googletest/src/gtest_main.cc
Note: Google Test filter = ParserTest.StringLiteralTest
[==========] Running 1 test from 1 test suite.
[----------] Global test environment set-up.
[----------] 1 test from ParserTest
[ RUN      ] ParserTest.StringLiteralTest
[       OK ] ParserTest.StringLiteralTest (0 ms)
[----------] 1 test from ParserTest (0 ms total)

[----------] Global test environment tear-down
[==========] 1 test from 1 test suite ran. (0 ms total)
[  PASSED  ] 1 test.
<end of output>
Test time =   0.00 sec
----------------------------------------------------------
Test Passed.
"ParserTest.StringLiteralTest" end time: May 23 03:03 EEST
"ParserTest.StringLiteralTest" time elapsed: 00:00:00
----------------------------------------------------------

20/30 Testing: ParsetTest.BooleanPrefixExpressionTest
20/30 Test: ParsetTest.BooleanPrefixExpressionTest
Command: "/home/eemil/dev/c++/lups/build/lups_test" "--gtest_filter=ParsetTest.BooleanPrefixExpressionTest" "--gtest_also_run_disabled_tests"
Directory: /home/eemil/dev/c++/lups/build
"ParsetTest.BooleanPrefixExpressionTest" start time: May 23 03:03 EEST
Output:
----------------------------------------------------------
Running main() from /home/eemil/dev/c++/lups/build/_deps/googletest-src/googletest/src/gtest_main.cc
Note: Google Test filter = ParsetTest.BooleanPrefixExpressionTest
[==========] Running 1 test from 1 test suite.
[----------] Global test environment set-up.
[----------] 1 test from ParsetTest
[ RUN      ] ParsetTest.BooleanPrefixExpressionTest
[       OK ] ParsetTest.BooleanPrefixExpressionTest (0 ms)
[----------] 1 test from ParsetTest (0 ms total)

[----------] Global test environment tear-down
[==========] 1 test from 1 test suite ran. (0 ms total)
[  PASSED  ] 1 test.
<end of output>
Test time =   0.00 sec
----------------------------------------------------------
Test Passed.
"ParsetTest.BooleanPrefixExpressionTest" end time: May 23 03:03 EEST
"ParsetTest.BooleanPrefixExpressionTest" time elapsed: 00:00:00
----------------------------------------------------------

21/30 Testing: EvalTest.IntegerExpressions
21/30 Test: EvalTest.IntegerExpressions
Command: "/home/eemil/dev/c++/lups/build/lups_test" "--gtest_filter=EvalTest.IntegerExpressions" "--gtest_also_run_disabled_tests"
Directory: /home/eemil/dev/c++/lups/build
"EvalTest.IntegerExpressions" start time: May 23 03:03 EEST
Output:
----------------------------------------------------------
Running main() from /home/eemil/dev/c++/lups/build/_deps/googletest-src/googletest/src/gtest_main.cc
Note: Google Test filter = EvalTest.IntegerExpressions
[==========] Running 1 test from 1 test suite.
[----------] Global test environment set-up.
[----------] 1 test from EvalTest
[ RUN      ] EvalTest.IntegerExpressions
[       OK ] EvalTest.IntegerExpressions (0 ms)
[----------] 1 test from EvalTest (0 ms total)

[----------] Global test environment tear-down
[==========] 1 test from 1 test suite ran. (0 ms total)
[  PASSED  ] 1 test.
<end of output>
Test time =   0.00 sec
----------------------------------------------------------
Test Passed.
"EvalTest.IntegerExpressions" end time: May 23 03:03 EEST
"EvalTest.IntegerExpressions" time elapsed: 00:00:00
----------------------------------------------------------

22/30 Testing: EvalTest.BooleanExpression
22/30 Test: EvalTest.BooleanExpression
Command: "/home/eemil/dev/c++/lups/build/lups_test" "--gtest_filter=EvalTest.BooleanExpression" "--gtest_also_run_disabled_tests"
Directory: /home/eemil/dev/c++/lups/build
"EvalTest.BooleanExpression" start time: May 23 03:03 EEST
Output:
----------------------------------------------------------
Running main() from /home/eemil/dev/c++/lups/build/_deps/googletest-src/googletest/src/gtest_main.cc
Note: Google Test filter = EvalTest.BooleanExpression
[==========] Running 1 test from 1 test suite.
[----------] Global test environment set-up.
[----------] 1 test from EvalTest
[ RUN      ] EvalTest.BooleanExpression
[       OK ] EvalTest.BooleanExpression (0 ms)
[----------] 1 test from EvalTest (0 ms total)

[----------] Global test environment tear-down
[==========] 1 test from 1 test suite ran. (0 ms total)
[  PASSED  ] 1 test.
<end of output>
Test time =   0.00 sec
----------------------------------------------------------
Test Passed.
"EvalTest.BooleanExpression" end time: May 23 03:03 EEST
"EvalTest.BooleanExpression" time elapsed: 00:00:00
----------------------------------------------------------

23/30 Testing: EvalTest.PrefixExpressionTest
23/30 Test: EvalTest.PrefixExpressionTest
Command: "/home/eemil/dev/c++/lups/build/lups_test" "--gtest_filter=EvalTest.PrefixExpressionTest" "--gtest_also_run_disabled_tests"
Directory: /home/eemil/dev/c++/lups/build
"EvalTest.PrefixExpressionTest" start time: May 23 03:03 EEST
Output:
----------------------------------------------------------
Running main() from /home/eemil/dev/c++/lups/build/_deps/googletest-src/googletest/src/gtest_main.cc
Note: Google Test filter = EvalTest.PrefixExpressionTest
[==========] Running 1 test from 1 test suite.
[----------] Global test environment set-up.
[----------] 1 test from EvalTest
[ RUN      ] EvalTest.PrefixExpressionTest
[       OK ] EvalTest.PrefixExpressionTest (1 ms)
[----------] 1 test from EvalTest (1 ms total)

[----------] Global test environment tear-down
[==========] 1 test from 1 test suite ran. (1 ms total)
[  PASSED  ] 1 test.
<end of output>
Test time =   0.00 sec
----------------------------------------------------------
Test Passed.
"EvalTest.PrefixExpressionTest" end time: May 23 03:03 EEST
"EvalTest.PrefixExpressionTest" time elapsed: 00:00:00
----------------------------------------------------------

24/30 Testing: EvalTest.IfElseTest
24/30 Test: EvalTest.IfElseTest
Command: "/home/eemil/dev/c++/lups/build/lups_test" "--gtest_filter=EvalTest.IfElseTest" "--gtest_also_run_disabled_tests"
Directory: /home/eemil/dev/c++/lups/build
"EvalTest.IfElseTest" start time: May 23 03:03 EEST
Output:
----------------------------------------------------------
Running main() from /home/eemil/dev/c++/lups/build/_deps/googletest-src/googletest/src/gtest_main.cc
Note: Google Test filter = EvalTest.IfElseTest
[==========] Running 1 test from 1 test suite.
[----------] Global test environment set-up.
[----------] 1 test from EvalTest
[ RUN      ] EvalTest.IfElseTest
[       OK ] EvalTest.IfElseTest (0 ms)
[----------] 1 test from EvalTest (0 ms total)

[----------] Global test environment tear-down
[==========] 1 test from 1 test suite ran. (0 ms total)
[  PASSED  ] 1 test.
<end of output>
Test time =   0.00 sec
----------------------------------------------------------
Test Passed.
"EvalTest.IfElseTest" end time: May 23 03:03 EEST
"EvalTest.IfElseTest" time elapsed: 00:00:00
----------------------------------------------------------

25/30 Testing: EvalTest.ReturnTest
25/30 Test: EvalTest.ReturnTest
Command: "/home/eemil/dev/c++/lups/build/lups_test" "--gtest_filter=EvalTest.ReturnTest" "--gtest_also_run_disabled_tests"
Directory: /home/eemil/dev/c++/lups/build
"EvalTest.ReturnTest" start time: May 23 03:03 EEST
Output:
----------------------------------------------------------
Running main() from /home/eemil/dev/c++/lups/build/_deps/googletest-src/googletest/src/gtest_main.cc
Note: Google Test filter = EvalTest.ReturnTest
[==========] Running 1 test from 1 test suite.
[----------] Global test environment set-up.
[----------] 1 test from EvalTest
[ RUN      ] EvalTest.ReturnTest
[       OK ] EvalTest.ReturnTest (0 ms)
[----------] 1 test from EvalTest (0 ms total)

[----------] Global test environment tear-down
[==========] 1 test from 1 test suite ran. (1 ms total)
[  PASSED  ] 1 test.
<end of output>
Test time =   0.00 sec
----------------------------------------------------------
Test Passed.
"EvalTest.ReturnTest" end time: May 23 03:03 EEST
"EvalTest.ReturnTest" time elapsed: 00:00:00
----------------------------------------------------------

26/30 Testing: EvalTest.ReturnComplex
26/30 Test: EvalTest.ReturnComplex
Command: "/home/eemil/dev/c++/lups/build/lups_test" "--gtest_filter=EvalTest.ReturnComplex" "--gtest_also_run_disabled_tests"
Directory: /home/eemil/dev/c++/lups/build
"EvalTest.ReturnComplex" start time: May 23 03:03 EEST
Output:
----------------------------------------------------------
Running main() from /home/eemil/dev/c++/lups/build/_deps/googletest-src/googletest/src/gtest_main.cc
Note: Google Test filter = EvalTest.ReturnComplex
[==========] Running 1 test from 1 test suite.
[----------] Global test environment set-up.
[----------] 1 test from EvalTest
[ RUN      ] EvalTest.ReturnComplex
[       OK ] EvalTest.ReturnComplex (0 ms)
[----------] 1 test from EvalTest (0 ms total)

[----------] Global test environment tear-down
[==========] 1 test from 1 test suite ran. (0 ms total)
[  PASSED  ] 1 test.
<end of output>
Test time =   0.00 sec
----------------------------------------------------------
Test Passed.
"EvalTest.ReturnComplex" end time: May 23 03:03 EEST
"EvalTest.ReturnComplex" time elapsed: 00:00:00
----------------------------------------------------------

27/30 Testing: EvalTest.ErrorHandling
27/30 Test: EvalTest.ErrorHandling
Command: "/home/eemil/dev/c++/lups/build/lups_test" "--gtest_filter=EvalTest.ErrorHandling" "--gtest_also_run_disabled_tests"
Directory: /home/eemil/dev/c++/lups/build
"EvalTest.ErrorHandling" start time: May 23 03:03 EEST
Output:
----------------------------------------------------------
Running main() from /home/eemil/dev/c++/lups/build/_deps/googletest-src/googletest/src/gtest_main.cc
Note: Google Test filter = EvalTest.ErrorHandling
[==========] Running 1 test from 1 test suite.
[----------] Global test environment set-up.
[----------] 1 test from EvalTest
[ RUN      ] EvalTest.ErrorHandling
[       OK ] EvalTest.ErrorHandling (1 ms)
[----------] 1 test from EvalTest (1 ms total)

[----------] Global test environment tear-down
[==========] 1 test from 1 test suite ran. (1 ms total)
[  PASSED  ] 1 test.
<end of output>
Test time =   0.00 sec
----------------------------------------------------------
Test Passed.
"EvalTest.ErrorHandling" end time: May 23 03:03 EEST
"EvalTest.ErrorHandling" time elapsed: 00:00:00
----------------------------------------------------------

28/30 Testing: EvalTest.LetStatements
28/30 Test: EvalTest.LetStatements
Command: "/home/eemil/dev/c++/lups/build/lups_test" "--gtest_filter=EvalTest.LetStatements" "--gtest_also_run_disabled_tests"
Directory: /home/eemil/dev/c++/lups/build
"EvalTest.LetStatements" start time: May 23 03:03 EEST
Output:
----------------------------------------------------------
Running main() from /home/eemil/dev/c++/lups/build/_deps/googletest-src/googletest/src/gtest_main.cc
Note: Google Test filter = EvalTest.LetStatements
[==========] Running 1 test from 1 test suite.
[----------] Global test environment set-up.
[----------] 1 test from EvalTest
[ RUN      ] EvalTest.LetStatements
[       OK ] EvalTest.LetStatements (0 ms)
[----------] 1 test from EvalTest (0 ms total)

[----------] Global test environment tear-down
[==========] 1 test from 1 test suite ran. (0 ms total)
[  PASSED  ] 1 test.
<end of output>
Test time =   0.00 sec
----------------------------------------------------------
Test Passed.
"EvalTest.LetStatements" end time: May 23 03:03 EEST
"EvalTest.LetStatements" time elapsed: 00:00:00
----------------------------------------------------------

29/30 Testing: EvalTest.FunctionObject
29/30 Test: EvalTest.FunctionObject
Command: "/home/eemil/dev/c++/lups/build/lups_test" "--gtest_filter=EvalTest.FunctionObject" "--gtest_also_run_disabled_tests"
Directory: /home/eemil/dev/c++/lups/build
"EvalTest.FunctionObject" start time: May 23 03:03 EEST
Output:
----------------------------------------------------------
Running main() from /home/eemil/dev/c++/lups/build/_deps/googletest-src/googletest/src/gtest_main.cc
Note: Google Test filter = EvalTest.FunctionObject
[==========] Running 1 test from 1 test suite.
[----------] Global test environment set-up.
[----------] 1 test from EvalTest
[ RUN      ] EvalTest.FunctionObject
[       OK ] EvalTest.FunctionObject (0 ms)
[----------] 1 test from EvalTest (0 ms total)

[----------] Global test environment tear-down
[==========] 1 test from 1 test suite ran. (0 ms total)
[  PASSED  ] 1 test.
<end of output>
Test time =   0.00 sec
----------------------------------------------------------
Test Passed.
"EvalTest.FunctionObject" end time: May 23 03:03 EEST
"EvalTest.FunctionObject" time elapsed: 00:00:00
----------------------------------------------------------

30/30 Testing: EvalTest.FunctionUsage
30/30 Test: EvalTest.FunctionUsage
Command: "/home/eemil/dev/c++/lups/build/lups_test" "--gtest_filter=EvalTest.FunctionUsage" "--gtest_also_run_disabled_tests"
Directory: /home/eemil/dev/c++/lups/build
"EvalTest.FunctionUsage" start time: May 23 03:03 EEST
Output:
----------------------------------------------------------
Running main() from /home/eemil/dev/c++/lups/build/_deps/googletest-src/googletest/src/gtest_main.cc
Note: Google Test filter = EvalTest.FunctionUsage
[==========] Running 1 test from 1 test suite.
[----------] Global test environment set-up.
[----------] 1 test from EvalTest
[ RUN      ] EvalTest.FunctionUsage
[       OK ] EvalTest.FunctionUsage (0 ms)
[----------] 1 test from EvalTest (0 ms total)

[----------] Global test environment tear-down
[==========] 1 test from 1 test suite ran. (0 ms total)
[  PASSED  ] 1 test.
<end of output>
Test time =   0.00 sec
----------------------------------------------------------
Test Passed.
"EvalTest.FunctionUsage" end time: May 23 03:03 EEST
"EvalTest.FunctionUsage" time elapsed: 00:00:00
----------------------------------------------------------

End testing: May 23 03:03 EEST
