Start testing: May 30 17:47 EEST
----------------------------------------------------------
1/52 Testing: LexerTest.TestNextToken
1/52 Test: LexerTest.TestNextToken
Command: "/home/eemil/dev/c++/lups/build/lups_test" "--gtest_filter=LexerTest.TestNextToken" "--gtest_also_run_disabled_tests"
Directory: /home/eemil/dev/c++/lups/build
"LexerTest.TestNextToken" start time: May 30 17:47 EEST
Output:
----------------------------------------------------------
Running main() from /home/eemil/dev/c++/lups/build/_deps/googletest-src/googletest/src/gtest_main.cc
Note: Google Test filter = LexerTest.TestNextToken
[==========] Running 1 test from 1 test suite.
[----------] Global test environment set-up.
[----------] 1 test from LexerTest
[ RUN      ] LexerTest.TestNextToken
[       OK ] LexerTest.TestNextToken (0 ms)
[----------] 1 test from LexerTest (0 ms total)

[----------] Global test environment tear-down
[==========] 1 test from 1 test suite ran. (0 ms total)
[  PASSED  ] 1 test.
<end of output>
Test time =   0.00 sec
----------------------------------------------------------
Test Passed.
"LexerTest.TestNextToken" end time: May 30 17:47 EEST
"LexerTest.TestNextToken" time elapsed: 00:00:00
----------------------------------------------------------

2/52 Testing: LexerTest.IfStatements
2/52 Test: LexerTest.IfStatements
Command: "/home/eemil/dev/c++/lups/build/lups_test" "--gtest_filter=LexerTest.IfStatements" "--gtest_also_run_disabled_tests"
Directory: /home/eemil/dev/c++/lups/build
"LexerTest.IfStatements" start time: May 30 17:47 EEST
Output:
----------------------------------------------------------
Running main() from /home/eemil/dev/c++/lups/build/_deps/googletest-src/googletest/src/gtest_main.cc
Note: Google Test filter = LexerTest.IfStatements
[==========] Running 1 test from 1 test suite.
[----------] Global test environment set-up.
[----------] 1 test from LexerTest
[ RUN      ] LexerTest.IfStatements
[       OK ] LexerTest.IfStatements (0 ms)
[----------] 1 test from LexerTest (0 ms total)

[----------] Global test environment tear-down
[==========] 1 test from 1 test suite ran. (0 ms total)
[  PASSED  ] 1 test.
<end of output>
Test time =   0.00 sec
----------------------------------------------------------
Test Passed.
"LexerTest.IfStatements" end time: May 30 17:47 EEST
"LexerTest.IfStatements" time elapsed: 00:00:00
----------------------------------------------------------

3/52 Testing: LexerTest.Variables
3/52 Test: LexerTest.Variables
Command: "/home/eemil/dev/c++/lups/build/lups_test" "--gtest_filter=LexerTest.Variables" "--gtest_also_run_disabled_tests"
Directory: /home/eemil/dev/c++/lups/build
"LexerTest.Variables" start time: May 30 17:47 EEST
Output:
----------------------------------------------------------
Running main() from /home/eemil/dev/c++/lups/build/_deps/googletest-src/googletest/src/gtest_main.cc
Note: Google Test filter = LexerTest.Variables
[==========] Running 1 test from 1 test suite.
[----------] Global test environment set-up.
[----------] 1 test from LexerTest
[ RUN      ] LexerTest.Variables
[       OK ] LexerTest.Variables (0 ms)
[----------] 1 test from LexerTest (0 ms total)

[----------] Global test environment tear-down
[==========] 1 test from 1 test suite ran. (0 ms total)
[  PASSED  ] 1 test.
<end of output>
Test time =   0.00 sec
----------------------------------------------------------
Test Passed.
"LexerTest.Variables" end time: May 30 17:47 EEST
"LexerTest.Variables" time elapsed: 00:00:00
----------------------------------------------------------

4/52 Testing: LexerTest.Strings
4/52 Test: LexerTest.Strings
Command: "/home/eemil/dev/c++/lups/build/lups_test" "--gtest_filter=LexerTest.Strings" "--gtest_also_run_disabled_tests"
Directory: /home/eemil/dev/c++/lups/build
"LexerTest.Strings" start time: May 30 17:47 EEST
Output:
----------------------------------------------------------
Running main() from /home/eemil/dev/c++/lups/build/_deps/googletest-src/googletest/src/gtest_main.cc
Note: Google Test filter = LexerTest.Strings
[==========] Running 1 test from 1 test suite.
[----------] Global test environment set-up.
[----------] 1 test from LexerTest
[ RUN      ] LexerTest.Strings
[       OK ] LexerTest.Strings (0 ms)
[----------] 1 test from LexerTest (0 ms total)

[----------] Global test environment tear-down
[==========] 1 test from 1 test suite ran. (1 ms total)
[  PASSED  ] 1 test.
<end of output>
Test time =   0.00 sec
----------------------------------------------------------
Test Passed.
"LexerTest.Strings" end time: May 30 17:47 EEST
"LexerTest.Strings" time elapsed: 00:00:00
----------------------------------------------------------

5/52 Testing: LexerTest.FunctionDeclaration
5/52 Test: LexerTest.FunctionDeclaration
Command: "/home/eemil/dev/c++/lups/build/lups_test" "--gtest_filter=LexerTest.FunctionDeclaration" "--gtest_also_run_disabled_tests"
Directory: /home/eemil/dev/c++/lups/build
"LexerTest.FunctionDeclaration" start time: May 30 17:47 EEST
Output:
----------------------------------------------------------
Running main() from /home/eemil/dev/c++/lups/build/_deps/googletest-src/googletest/src/gtest_main.cc
Note: Google Test filter = LexerTest.FunctionDeclaration
[==========] Running 1 test from 1 test suite.
[----------] Global test environment set-up.
[----------] 1 test from LexerTest
[ RUN      ] LexerTest.FunctionDeclaration
[       OK ] LexerTest.FunctionDeclaration (0 ms)
[----------] 1 test from LexerTest (0 ms total)

[----------] Global test environment tear-down
[==========] 1 test from 1 test suite ran. (0 ms total)
[  PASSED  ] 1 test.
<end of output>
Test time =   0.00 sec
----------------------------------------------------------
Test Passed.
"LexerTest.FunctionDeclaration" end time: May 30 17:47 EEST
"LexerTest.FunctionDeclaration" time elapsed: 00:00:00
----------------------------------------------------------

6/52 Testing: LexerTest.EqualNonEqual
6/52 Test: LexerTest.EqualNonEqual
Command: "/home/eemil/dev/c++/lups/build/lups_test" "--gtest_filter=LexerTest.EqualNonEqual" "--gtest_also_run_disabled_tests"
Directory: /home/eemil/dev/c++/lups/build
"LexerTest.EqualNonEqual" start time: May 30 17:47 EEST
Output:
----------------------------------------------------------
Running main() from /home/eemil/dev/c++/lups/build/_deps/googletest-src/googletest/src/gtest_main.cc
Note: Google Test filter = LexerTest.EqualNonEqual
[==========] Running 1 test from 1 test suite.
[----------] Global test environment set-up.
[----------] 1 test from LexerTest
[ RUN      ] LexerTest.EqualNonEqual
[       OK ] LexerTest.EqualNonEqual (0 ms)
[----------] 1 test from LexerTest (0 ms total)

[----------] Global test environment tear-down
[==========] 1 test from 1 test suite ran. (0 ms total)
[  PASSED  ] 1 test.
<end of output>
Test time =   0.00 sec
----------------------------------------------------------
Test Passed.
"LexerTest.EqualNonEqual" end time: May 30 17:47 EEST
"LexerTest.EqualNonEqual" time elapsed: 00:00:00
----------------------------------------------------------

7/52 Testing: LexerTest.ArrayTest
7/52 Test: LexerTest.ArrayTest
Command: "/home/eemil/dev/c++/lups/build/lups_test" "--gtest_filter=LexerTest.ArrayTest" "--gtest_also_run_disabled_tests"
Directory: /home/eemil/dev/c++/lups/build
"LexerTest.ArrayTest" start time: May 30 17:47 EEST
Output:
----------------------------------------------------------
Running main() from /home/eemil/dev/c++/lups/build/_deps/googletest-src/googletest/src/gtest_main.cc
Note: Google Test filter = LexerTest.ArrayTest
[==========] Running 1 test from 1 test suite.
[----------] Global test environment set-up.
[----------] 1 test from LexerTest
[ RUN      ] LexerTest.ArrayTest
[       OK ] LexerTest.ArrayTest (0 ms)
[----------] 1 test from LexerTest (0 ms total)

[----------] Global test environment tear-down
[==========] 1 test from 1 test suite ran. (0 ms total)
[  PASSED  ] 1 test.
<end of output>
Test time =   0.00 sec
----------------------------------------------------------
Test Passed.
"LexerTest.ArrayTest" end time: May 30 17:47 EEST
"LexerTest.ArrayTest" time elapsed: 00:00:00
----------------------------------------------------------

8/52 Testing: LexerTest.HashTest
8/52 Test: LexerTest.HashTest
Command: "/home/eemil/dev/c++/lups/build/lups_test" "--gtest_filter=LexerTest.HashTest" "--gtest_also_run_disabled_tests"
Directory: /home/eemil/dev/c++/lups/build
"LexerTest.HashTest" start time: May 30 17:47 EEST
Output:
----------------------------------------------------------
Running main() from /home/eemil/dev/c++/lups/build/_deps/googletest-src/googletest/src/gtest_main.cc
Note: Google Test filter = LexerTest.HashTest
[==========] Running 1 test from 1 test suite.
[----------] Global test environment set-up.
[----------] 1 test from LexerTest
[ RUN      ] LexerTest.HashTest
[       OK ] LexerTest.HashTest (0 ms)
[----------] 1 test from LexerTest (0 ms total)

[----------] Global test environment tear-down
[==========] 1 test from 1 test suite ran. (0 ms total)
[  PASSED  ] 1 test.
<end of output>
Test time =   0.00 sec
----------------------------------------------------------
Test Passed.
"LexerTest.HashTest" end time: May 30 17:47 EEST
"LexerTest.HashTest" time elapsed: 00:00:00
----------------------------------------------------------

9/52 Testing: ParserTest.LetStatements
9/52 Test: ParserTest.LetStatements
Command: "/home/eemil/dev/c++/lups/build/lups_test" "--gtest_filter=ParserTest.LetStatements" "--gtest_also_run_disabled_tests"
Directory: /home/eemil/dev/c++/lups/build
"ParserTest.LetStatements" start time: May 30 17:47 EEST
Output:
----------------------------------------------------------
Running main() from /home/eemil/dev/c++/lups/build/_deps/googletest-src/googletest/src/gtest_main.cc
Note: Google Test filter = ParserTest.LetStatements
[==========] Running 1 test from 1 test suite.
[----------] Global test environment set-up.
[----------] 1 test from ParserTest
[ RUN      ] ParserTest.LetStatements
[       OK ] ParserTest.LetStatements (0 ms)
[----------] 1 test from ParserTest (0 ms total)

[----------] Global test environment tear-down
[==========] 1 test from 1 test suite ran. (0 ms total)
[  PASSED  ] 1 test.
<end of output>
Test time =   0.00 sec
----------------------------------------------------------
Test Passed.
"ParserTest.LetStatements" end time: May 30 17:47 EEST
"ParserTest.LetStatements" time elapsed: 00:00:00
----------------------------------------------------------

10/52 Testing: ParserTest.ReturnStatements
10/52 Test: ParserTest.ReturnStatements
Command: "/home/eemil/dev/c++/lups/build/lups_test" "--gtest_filter=ParserTest.ReturnStatements" "--gtest_also_run_disabled_tests"
Directory: /home/eemil/dev/c++/lups/build
"ParserTest.ReturnStatements" start time: May 30 17:47 EEST
Output:
----------------------------------------------------------
Running main() from /home/eemil/dev/c++/lups/build/_deps/googletest-src/googletest/src/gtest_main.cc
Note: Google Test filter = ParserTest.ReturnStatements
[==========] Running 1 test from 1 test suite.
[----------] Global test environment set-up.
[----------] 1 test from ParserTest
[ RUN      ] ParserTest.ReturnStatements
[       OK ] ParserTest.ReturnStatements (0 ms)
[----------] 1 test from ParserTest (0 ms total)

[----------] Global test environment tear-down
[==========] 1 test from 1 test suite ran. (0 ms total)
[  PASSED  ] 1 test.
<end of output>
Test time =   0.00 sec
----------------------------------------------------------
Test Passed.
"ParserTest.ReturnStatements" end time: May 30 17:47 EEST
"ParserTest.ReturnStatements" time elapsed: 00:00:00
----------------------------------------------------------

11/52 Testing: ParserTest.IdentifierExpression
11/52 Test: ParserTest.IdentifierExpression
Command: "/home/eemil/dev/c++/lups/build/lups_test" "--gtest_filter=ParserTest.IdentifierExpression" "--gtest_also_run_disabled_tests"
Directory: /home/eemil/dev/c++/lups/build
"ParserTest.IdentifierExpression" start time: May 30 17:47 EEST
Output:
----------------------------------------------------------
Running main() from /home/eemil/dev/c++/lups/build/_deps/googletest-src/googletest/src/gtest_main.cc
Note: Google Test filter = ParserTest.IdentifierExpression
[==========] Running 1 test from 1 test suite.
[----------] Global test environment set-up.
[----------] 1 test from ParserTest
[ RUN      ] ParserTest.IdentifierExpression
[       OK ] ParserTest.IdentifierExpression (0 ms)
[----------] 1 test from ParserTest (0 ms total)

[----------] Global test environment tear-down
[==========] 1 test from 1 test suite ran. (0 ms total)
[  PASSED  ] 1 test.
<end of output>
Test time =   0.00 sec
----------------------------------------------------------
Test Passed.
"ParserTest.IdentifierExpression" end time: May 30 17:47 EEST
"ParserTest.IdentifierExpression" time elapsed: 00:00:00
----------------------------------------------------------

12/52 Testing: ParserTest.IntegerLiteralExpression
12/52 Test: ParserTest.IntegerLiteralExpression
Command: "/home/eemil/dev/c++/lups/build/lups_test" "--gtest_filter=ParserTest.IntegerLiteralExpression" "--gtest_also_run_disabled_tests"
Directory: /home/eemil/dev/c++/lups/build
"ParserTest.IntegerLiteralExpression" start time: May 30 17:47 EEST
Output:
----------------------------------------------------------
Running main() from /home/eemil/dev/c++/lups/build/_deps/googletest-src/googletest/src/gtest_main.cc
Note: Google Test filter = ParserTest.IntegerLiteralExpression
[==========] Running 1 test from 1 test suite.
[----------] Global test environment set-up.
[----------] 1 test from ParserTest
[ RUN      ] ParserTest.IntegerLiteralExpression
[       OK ] ParserTest.IntegerLiteralExpression (0 ms)
[----------] 1 test from ParserTest (0 ms total)

[----------] Global test environment tear-down
[==========] 1 test from 1 test suite ran. (0 ms total)
[  PASSED  ] 1 test.
<end of output>
Test time =   0.00 sec
----------------------------------------------------------
Test Passed.
"ParserTest.IntegerLiteralExpression" end time: May 30 17:47 EEST
"ParserTest.IntegerLiteralExpression" time elapsed: 00:00:00
----------------------------------------------------------

13/52 Testing: ParserTest.PrefixExpressionTest
13/52 Test: ParserTest.PrefixExpressionTest
Command: "/home/eemil/dev/c++/lups/build/lups_test" "--gtest_filter=ParserTest.PrefixExpressionTest" "--gtest_also_run_disabled_tests"
Directory: /home/eemil/dev/c++/lups/build
"ParserTest.PrefixExpressionTest" start time: May 30 17:47 EEST
Output:
----------------------------------------------------------
Running main() from /home/eemil/dev/c++/lups/build/_deps/googletest-src/googletest/src/gtest_main.cc
Note: Google Test filter = ParserTest.PrefixExpressionTest
[==========] Running 1 test from 1 test suite.
[----------] Global test environment set-up.
[----------] 1 test from ParserTest
[ RUN      ] ParserTest.PrefixExpressionTest
[       OK ] ParserTest.PrefixExpressionTest (1 ms)
[----------] 1 test from ParserTest (1 ms total)

[----------] Global test environment tear-down
[==========] 1 test from 1 test suite ran. (1 ms total)
[  PASSED  ] 1 test.
<end of output>
Test time =   0.00 sec
----------------------------------------------------------
Test Passed.
"ParserTest.PrefixExpressionTest" end time: May 30 17:47 EEST
"ParserTest.PrefixExpressionTest" time elapsed: 00:00:00
----------------------------------------------------------

14/52 Testing: ParserTest.HashLiteralStrings
14/52 Test: ParserTest.HashLiteralStrings
Command: "/home/eemil/dev/c++/lups/build/lups_test" "--gtest_filter=ParserTest.HashLiteralStrings" "--gtest_also_run_disabled_tests"
Directory: /home/eemil/dev/c++/lups/build
"ParserTest.HashLiteralStrings" start time: May 30 17:47 EEST
Output:
----------------------------------------------------------
Running main() from /home/eemil/dev/c++/lups/build/_deps/googletest-src/googletest/src/gtest_main.cc
Note: Google Test filter = ParserTest.HashLiteralStrings
[==========] Running 1 test from 1 test suite.
[----------] Global test environment set-up.
[----------] 1 test from ParserTest
[ RUN      ] ParserTest.HashLiteralStrings
[       OK ] ParserTest.HashLiteralStrings (0 ms)
[----------] 1 test from ParserTest (0 ms total)

[----------] Global test environment tear-down
[==========] 1 test from 1 test suite ran. (0 ms total)
[  PASSED  ] 1 test.
<end of output>
Test time =   0.00 sec
----------------------------------------------------------
Test Passed.
"ParserTest.HashLiteralStrings" end time: May 30 17:47 EEST
"ParserTest.HashLiteralStrings" time elapsed: 00:00:00
----------------------------------------------------------

15/52 Testing: ParserTest.EmptyHashLiteral
15/52 Test: ParserTest.EmptyHashLiteral
Command: "/home/eemil/dev/c++/lups/build/lups_test" "--gtest_filter=ParserTest.EmptyHashLiteral" "--gtest_also_run_disabled_tests"
Directory: /home/eemil/dev/c++/lups/build
"ParserTest.EmptyHashLiteral" start time: May 30 17:47 EEST
Output:
----------------------------------------------------------
Running main() from /home/eemil/dev/c++/lups/build/_deps/googletest-src/googletest/src/gtest_main.cc
Note: Google Test filter = ParserTest.EmptyHashLiteral
[==========] Running 1 test from 1 test suite.
[----------] Global test environment set-up.
[----------] 1 test from ParserTest
[ RUN      ] ParserTest.EmptyHashLiteral
[       OK ] ParserTest.EmptyHashLiteral (0 ms)
[----------] 1 test from ParserTest (0 ms total)

[----------] Global test environment tear-down
[==========] 1 test from 1 test suite ran. (0 ms total)
[  PASSED  ] 1 test.
<end of output>
Test time =   0.00 sec
----------------------------------------------------------
Test Passed.
"ParserTest.EmptyHashLiteral" end time: May 30 17:47 EEST
"ParserTest.EmptyHashLiteral" time elapsed: 00:00:00
----------------------------------------------------------

16/52 Testing: ParserTest.HashLiteralWithExpressions
16/52 Test: ParserTest.HashLiteralWithExpressions
Command: "/home/eemil/dev/c++/lups/build/lups_test" "--gtest_filter=ParserTest.HashLiteralWithExpressions" "--gtest_also_run_disabled_tests"
Directory: /home/eemil/dev/c++/lups/build
"ParserTest.HashLiteralWithExpressions" start time: May 30 17:47 EEST
Output:
----------------------------------------------------------
Running main() from /home/eemil/dev/c++/lups/build/_deps/googletest-src/googletest/src/gtest_main.cc
Note: Google Test filter = ParserTest.HashLiteralWithExpressions
[==========] Running 1 test from 1 test suite.
[----------] Global test environment set-up.
[----------] 1 test from ParserTest
[ RUN      ] ParserTest.HashLiteralWithExpressions
[       OK ] ParserTest.HashLiteralWithExpressions (0 ms)
[----------] 1 test from ParserTest (0 ms total)

[----------] Global test environment tear-down
[==========] 1 test from 1 test suite ran. (0 ms total)
[  PASSED  ] 1 test.
<end of output>
Test time =   0.00 sec
----------------------------------------------------------
Test Passed.
"ParserTest.HashLiteralWithExpressions" end time: May 30 17:47 EEST
"ParserTest.HashLiteralWithExpressions" time elapsed: 00:00:00
----------------------------------------------------------

17/52 Testing: ParserTest.InfixExpressionTest
17/52 Test: ParserTest.InfixExpressionTest
Command: "/home/eemil/dev/c++/lups/build/lups_test" "--gtest_filter=ParserTest.InfixExpressionTest" "--gtest_also_run_disabled_tests"
Directory: /home/eemil/dev/c++/lups/build
"ParserTest.InfixExpressionTest" start time: May 30 17:47 EEST
Output:
----------------------------------------------------------
Running main() from /home/eemil/dev/c++/lups/build/_deps/googletest-src/googletest/src/gtest_main.cc
Note: Google Test filter = ParserTest.InfixExpressionTest
[==========] Running 1 test from 1 test suite.
[----------] Global test environment set-up.
[----------] 1 test from ParserTest
[ RUN      ] ParserTest.InfixExpressionTest
[       OK ] ParserTest.InfixExpressionTest (0 ms)
[----------] 1 test from ParserTest (0 ms total)

[----------] Global test environment tear-down
[==========] 1 test from 1 test suite ran. (1 ms total)
[  PASSED  ] 1 test.
<end of output>
Test time =   0.00 sec
----------------------------------------------------------
Test Passed.
"ParserTest.InfixExpressionTest" end time: May 30 17:47 EEST
"ParserTest.InfixExpressionTest" time elapsed: 00:00:00
----------------------------------------------------------

18/52 Testing: ParserTest.BooleanInfixExpression
18/52 Test: ParserTest.BooleanInfixExpression
Command: "/home/eemil/dev/c++/lups/build/lups_test" "--gtest_filter=ParserTest.BooleanInfixExpression" "--gtest_also_run_disabled_tests"
Directory: /home/eemil/dev/c++/lups/build
"ParserTest.BooleanInfixExpression" start time: May 30 17:47 EEST
Output:
----------------------------------------------------------
Running main() from /home/eemil/dev/c++/lups/build/_deps/googletest-src/googletest/src/gtest_main.cc
Note: Google Test filter = ParserTest.BooleanInfixExpression
[==========] Running 1 test from 1 test suite.
[----------] Global test environment set-up.
[----------] 1 test from ParserTest
[ RUN      ] ParserTest.BooleanInfixExpression
[       OK ] ParserTest.BooleanInfixExpression (0 ms)
[----------] 1 test from ParserTest (0 ms total)

[----------] Global test environment tear-down
[==========] 1 test from 1 test suite ran. (0 ms total)
[  PASSED  ] 1 test.
<end of output>
Test time =   0.00 sec
----------------------------------------------------------
Test Passed.
"ParserTest.BooleanInfixExpression" end time: May 30 17:47 EEST
"ParserTest.BooleanInfixExpression" time elapsed: 00:00:00
----------------------------------------------------------

19/52 Testing: ParserTest.OperatorPrecedenceParsing
19/52 Test: ParserTest.OperatorPrecedenceParsing
Command: "/home/eemil/dev/c++/lups/build/lups_test" "--gtest_filter=ParserTest.OperatorPrecedenceParsing" "--gtest_also_run_disabled_tests"
Directory: /home/eemil/dev/c++/lups/build
"ParserTest.OperatorPrecedenceParsing" start time: May 30 17:47 EEST
Output:
----------------------------------------------------------
Running main() from /home/eemil/dev/c++/lups/build/_deps/googletest-src/googletest/src/gtest_main.cc
Note: Google Test filter = ParserTest.OperatorPrecedenceParsing
[==========] Running 1 test from 1 test suite.
[----------] Global test environment set-up.
[----------] 1 test from ParserTest
[ RUN      ] ParserTest.OperatorPrecedenceParsing
[       OK ] ParserTest.OperatorPrecedenceParsing (0 ms)
[----------] 1 test from ParserTest (0 ms total)

[----------] Global test environment tear-down
[==========] 1 test from 1 test suite ran. (0 ms total)
[  PASSED  ] 1 test.
<end of output>
Test time =   0.00 sec
----------------------------------------------------------
Test Passed.
"ParserTest.OperatorPrecedenceParsing" end time: May 30 17:47 EEST
"ParserTest.OperatorPrecedenceParsing" time elapsed: 00:00:00
----------------------------------------------------------

20/52 Testing: ParserTest.IfExpressionTest
20/52 Test: ParserTest.IfExpressionTest
Command: "/home/eemil/dev/c++/lups/build/lups_test" "--gtest_filter=ParserTest.IfExpressionTest" "--gtest_also_run_disabled_tests"
Directory: /home/eemil/dev/c++/lups/build
"ParserTest.IfExpressionTest" start time: May 30 17:47 EEST
Output:
----------------------------------------------------------
Running main() from /home/eemil/dev/c++/lups/build/_deps/googletest-src/googletest/src/gtest_main.cc
Note: Google Test filter = ParserTest.IfExpressionTest
[==========] Running 1 test from 1 test suite.
[----------] Global test environment set-up.
[----------] 1 test from ParserTest
[ RUN      ] ParserTest.IfExpressionTest
[       OK ] ParserTest.IfExpressionTest (0 ms)
[----------] 1 test from ParserTest (0 ms total)

[----------] Global test environment tear-down
[==========] 1 test from 1 test suite ran. (0 ms total)
[  PASSED  ] 1 test.
<end of output>
Test time =   0.00 sec
----------------------------------------------------------
Test Passed.
"ParserTest.IfExpressionTest" end time: May 30 17:47 EEST
"ParserTest.IfExpressionTest" time elapsed: 00:00:00
----------------------------------------------------------

21/52 Testing: ParserTest.FunctionLiteralParsing
21/52 Test: ParserTest.FunctionLiteralParsing
Command: "/home/eemil/dev/c++/lups/build/lups_test" "--gtest_filter=ParserTest.FunctionLiteralParsing" "--gtest_also_run_disabled_tests"
Directory: /home/eemil/dev/c++/lups/build
"ParserTest.FunctionLiteralParsing" start time: May 30 17:47 EEST
Output:
----------------------------------------------------------
Running main() from /home/eemil/dev/c++/lups/build/_deps/googletest-src/googletest/src/gtest_main.cc
Note: Google Test filter = ParserTest.FunctionLiteralParsing
[==========] Running 1 test from 1 test suite.
[----------] Global test environment set-up.
[----------] 1 test from ParserTest
[ RUN      ] ParserTest.FunctionLiteralParsing
[       OK ] ParserTest.FunctionLiteralParsing (0 ms)
[----------] 1 test from ParserTest (0 ms total)

[----------] Global test environment tear-down
[==========] 1 test from 1 test suite ran. (0 ms total)
[  PASSED  ] 1 test.
<end of output>
Test time =   0.00 sec
----------------------------------------------------------
Test Passed.
"ParserTest.FunctionLiteralParsing" end time: May 30 17:47 EEST
"ParserTest.FunctionLiteralParsing" time elapsed: 00:00:00
----------------------------------------------------------

22/52 Testing: ParserTest.FunctionParameterTest
22/52 Test: ParserTest.FunctionParameterTest
Command: "/home/eemil/dev/c++/lups/build/lups_test" "--gtest_filter=ParserTest.FunctionParameterTest" "--gtest_also_run_disabled_tests"
Directory: /home/eemil/dev/c++/lups/build
"ParserTest.FunctionParameterTest" start time: May 30 17:47 EEST
Output:
----------------------------------------------------------
Running main() from /home/eemil/dev/c++/lups/build/_deps/googletest-src/googletest/src/gtest_main.cc
Note: Google Test filter = ParserTest.FunctionParameterTest
[==========] Running 1 test from 1 test suite.
[----------] Global test environment set-up.
[----------] 1 test from ParserTest
[ RUN      ] ParserTest.FunctionParameterTest
[       OK ] ParserTest.FunctionParameterTest (1 ms)
[----------] 1 test from ParserTest (1 ms total)

[----------] Global test environment tear-down
[==========] 1 test from 1 test suite ran. (1 ms total)
[  PASSED  ] 1 test.
<end of output>
Test time =   0.00 sec
----------------------------------------------------------
Test Passed.
"ParserTest.FunctionParameterTest" end time: May 30 17:47 EEST
"ParserTest.FunctionParameterTest" time elapsed: 00:00:00
----------------------------------------------------------

23/52 Testing: ParserTest.CallExpressionParsing
23/52 Test: ParserTest.CallExpressionParsing
Command: "/home/eemil/dev/c++/lups/build/lups_test" "--gtest_filter=ParserTest.CallExpressionParsing" "--gtest_also_run_disabled_tests"
Directory: /home/eemil/dev/c++/lups/build
"ParserTest.CallExpressionParsing" start time: May 30 17:47 EEST
Output:
----------------------------------------------------------
Running main() from /home/eemil/dev/c++/lups/build/_deps/googletest-src/googletest/src/gtest_main.cc
Note: Google Test filter = ParserTest.CallExpressionParsing
[==========] Running 1 test from 1 test suite.
[----------] Global test environment set-up.
[----------] 1 test from ParserTest
[ RUN      ] ParserTest.CallExpressionParsing
[       OK ] ParserTest.CallExpressionParsing (0 ms)
[----------] 1 test from ParserTest (0 ms total)

[----------] Global test environment tear-down
[==========] 1 test from 1 test suite ran. (0 ms total)
[  PASSED  ] 1 test.
<end of output>
Test time =   0.00 sec
----------------------------------------------------------
Test Passed.
"ParserTest.CallExpressionParsing" end time: May 30 17:47 EEST
"ParserTest.CallExpressionParsing" time elapsed: 00:00:00
----------------------------------------------------------

24/52 Testing: ParserTest.StringLiteralTest
24/52 Test: ParserTest.StringLiteralTest
Command: "/home/eemil/dev/c++/lups/build/lups_test" "--gtest_filter=ParserTest.StringLiteralTest" "--gtest_also_run_disabled_tests"
Directory: /home/eemil/dev/c++/lups/build
"ParserTest.StringLiteralTest" start time: May 30 17:47 EEST
Output:
----------------------------------------------------------
Running main() from /home/eemil/dev/c++/lups/build/_deps/googletest-src/googletest/src/gtest_main.cc
Note: Google Test filter = ParserTest.StringLiteralTest
[==========] Running 1 test from 1 test suite.
[----------] Global test environment set-up.
[----------] 1 test from ParserTest
[ RUN      ] ParserTest.StringLiteralTest
[       OK ] ParserTest.StringLiteralTest (0 ms)
[----------] 1 test from ParserTest (0 ms total)

[----------] Global test environment tear-down
[==========] 1 test from 1 test suite ran. (0 ms total)
[  PASSED  ] 1 test.
<end of output>
Test time =   0.00 sec
----------------------------------------------------------
Test Passed.
"ParserTest.StringLiteralTest" end time: May 30 17:47 EEST
"ParserTest.StringLiteralTest" time elapsed: 00:00:00
----------------------------------------------------------

25/52 Testing: ParserTest.ArrayLiteralParsing
25/52 Test: ParserTest.ArrayLiteralParsing
Command: "/home/eemil/dev/c++/lups/build/lups_test" "--gtest_filter=ParserTest.ArrayLiteralParsing" "--gtest_also_run_disabled_tests"
Directory: /home/eemil/dev/c++/lups/build
"ParserTest.ArrayLiteralParsing" start time: May 30 17:47 EEST
Output:
----------------------------------------------------------
Running main() from /home/eemil/dev/c++/lups/build/_deps/googletest-src/googletest/src/gtest_main.cc
Note: Google Test filter = ParserTest.ArrayLiteralParsing
[==========] Running 1 test from 1 test suite.
[----------] Global test environment set-up.
[----------] 1 test from ParserTest
[ RUN      ] ParserTest.ArrayLiteralParsing
[       OK ] ParserTest.ArrayLiteralParsing (0 ms)
[----------] 1 test from ParserTest (0 ms total)

[----------] Global test environment tear-down
[==========] 1 test from 1 test suite ran. (0 ms total)
[  PASSED  ] 1 test.
<end of output>
Test time =   0.00 sec
----------------------------------------------------------
Test Passed.
"ParserTest.ArrayLiteralParsing" end time: May 30 17:47 EEST
"ParserTest.ArrayLiteralParsing" time elapsed: 00:00:00
----------------------------------------------------------

26/52 Testing: ParserTest.IndexExpression
26/52 Test: ParserTest.IndexExpression
Command: "/home/eemil/dev/c++/lups/build/lups_test" "--gtest_filter=ParserTest.IndexExpression" "--gtest_also_run_disabled_tests"
Directory: /home/eemil/dev/c++/lups/build
"ParserTest.IndexExpression" start time: May 30 17:47 EEST
Output:
----------------------------------------------------------
Running main() from /home/eemil/dev/c++/lups/build/_deps/googletest-src/googletest/src/gtest_main.cc
Note: Google Test filter = ParserTest.IndexExpression
[==========] Running 1 test from 1 test suite.
[----------] Global test environment set-up.
[----------] 1 test from ParserTest
[ RUN      ] ParserTest.IndexExpression
[       OK ] ParserTest.IndexExpression (0 ms)
[----------] 1 test from ParserTest (0 ms total)

[----------] Global test environment tear-down
[==========] 1 test from 1 test suite ran. (0 ms total)
[  PASSED  ] 1 test.
<end of output>
Test time =   0.00 sec
----------------------------------------------------------
Test Passed.
"ParserTest.IndexExpression" end time: May 30 17:47 EEST
"ParserTest.IndexExpression" time elapsed: 00:00:00
----------------------------------------------------------

27/52 Testing: ParsetTest.BooleanPrefixExpressionTest
27/52 Test: ParsetTest.BooleanPrefixExpressionTest
Command: "/home/eemil/dev/c++/lups/build/lups_test" "--gtest_filter=ParsetTest.BooleanPrefixExpressionTest" "--gtest_also_run_disabled_tests"
Directory: /home/eemil/dev/c++/lups/build
"ParsetTest.BooleanPrefixExpressionTest" start time: May 30 17:47 EEST
Output:
----------------------------------------------------------
Running main() from /home/eemil/dev/c++/lups/build/_deps/googletest-src/googletest/src/gtest_main.cc
Note: Google Test filter = ParsetTest.BooleanPrefixExpressionTest
[==========] Running 1 test from 1 test suite.
[----------] Global test environment set-up.
[----------] 1 test from ParsetTest
[ RUN      ] ParsetTest.BooleanPrefixExpressionTest
[       OK ] ParsetTest.BooleanPrefixExpressionTest (0 ms)
[----------] 1 test from ParsetTest (0 ms total)

[----------] Global test environment tear-down
[==========] 1 test from 1 test suite ran. (0 ms total)
[  PASSED  ] 1 test.
<end of output>
Test time =   0.00 sec
----------------------------------------------------------
Test Passed.
"ParsetTest.BooleanPrefixExpressionTest" end time: May 30 17:47 EEST
"ParsetTest.BooleanPrefixExpressionTest" time elapsed: 00:00:00
----------------------------------------------------------

28/52 Testing: EvalTest.IntegerExpressions
28/52 Test: EvalTest.IntegerExpressions
Command: "/home/eemil/dev/c++/lups/build/lups_test" "--gtest_filter=EvalTest.IntegerExpressions" "--gtest_also_run_disabled_tests"
Directory: /home/eemil/dev/c++/lups/build
"EvalTest.IntegerExpressions" start time: May 30 17:47 EEST
Output:
----------------------------------------------------------
Running main() from /home/eemil/dev/c++/lups/build/_deps/googletest-src/googletest/src/gtest_main.cc
Note: Google Test filter = EvalTest.IntegerExpressions
[==========] Running 1 test from 1 test suite.
[----------] Global test environment set-up.
[----------] 1 test from EvalTest
[ RUN      ] EvalTest.IntegerExpressions
[       OK ] EvalTest.IntegerExpressions (0 ms)
[----------] 1 test from EvalTest (0 ms total)

[----------] Global test environment tear-down
[==========] 1 test from 1 test suite ran. (0 ms total)
[  PASSED  ] 1 test.
<end of output>
Test time =   0.00 sec
----------------------------------------------------------
Test Passed.
"EvalTest.IntegerExpressions" end time: May 30 17:47 EEST
"EvalTest.IntegerExpressions" time elapsed: 00:00:00
----------------------------------------------------------

29/52 Testing: EvalTest.BooleanExpression
29/52 Test: EvalTest.BooleanExpression
Command: "/home/eemil/dev/c++/lups/build/lups_test" "--gtest_filter=EvalTest.BooleanExpression" "--gtest_also_run_disabled_tests"
Directory: /home/eemil/dev/c++/lups/build
"EvalTest.BooleanExpression" start time: May 30 17:47 EEST
Output:
----------------------------------------------------------
Running main() from /home/eemil/dev/c++/lups/build/_deps/googletest-src/googletest/src/gtest_main.cc
Note: Google Test filter = EvalTest.BooleanExpression
[==========] Running 1 test from 1 test suite.
[----------] Global test environment set-up.
[----------] 1 test from EvalTest
[ RUN      ] EvalTest.BooleanExpression
[       OK ] EvalTest.BooleanExpression (1 ms)
[----------] 1 test from EvalTest (1 ms total)

[----------] Global test environment tear-down
[==========] 1 test from 1 test suite ran. (1 ms total)
[  PASSED  ] 1 test.
<end of output>
Test time =   0.00 sec
----------------------------------------------------------
Test Passed.
"EvalTest.BooleanExpression" end time: May 30 17:47 EEST
"EvalTest.BooleanExpression" time elapsed: 00:00:00
----------------------------------------------------------

30/52 Testing: EvalTest.PrefixExpressionTest
30/52 Test: EvalTest.PrefixExpressionTest
Command: "/home/eemil/dev/c++/lups/build/lups_test" "--gtest_filter=EvalTest.PrefixExpressionTest" "--gtest_also_run_disabled_tests"
Directory: /home/eemil/dev/c++/lups/build
"EvalTest.PrefixExpressionTest" start time: May 30 17:47 EEST
Output:
----------------------------------------------------------
Running main() from /home/eemil/dev/c++/lups/build/_deps/googletest-src/googletest/src/gtest_main.cc
Note: Google Test filter = EvalTest.PrefixExpressionTest
[==========] Running 1 test from 1 test suite.
[----------] Global test environment set-up.
[----------] 1 test from EvalTest
[ RUN      ] EvalTest.PrefixExpressionTest
[       OK ] EvalTest.PrefixExpressionTest (0 ms)
[----------] 1 test from EvalTest (0 ms total)

[----------] Global test environment tear-down
[==========] 1 test from 1 test suite ran. (1 ms total)
[  PASSED  ] 1 test.
<end of output>
Test time =   0.00 sec
----------------------------------------------------------
Test Passed.
"EvalTest.PrefixExpressionTest" end time: May 30 17:47 EEST
"EvalTest.PrefixExpressionTest" time elapsed: 00:00:00
----------------------------------------------------------

31/52 Testing: EvalTest.IfElseTest
31/52 Test: EvalTest.IfElseTest
Command: "/home/eemil/dev/c++/lups/build/lups_test" "--gtest_filter=EvalTest.IfElseTest" "--gtest_also_run_disabled_tests"
Directory: /home/eemil/dev/c++/lups/build
"EvalTest.IfElseTest" start time: May 30 17:47 EEST
Output:
----------------------------------------------------------
Running main() from /home/eemil/dev/c++/lups/build/_deps/googletest-src/googletest/src/gtest_main.cc
Note: Google Test filter = EvalTest.IfElseTest
[==========] Running 1 test from 1 test suite.
[----------] Global test environment set-up.
[----------] 1 test from EvalTest
[ RUN      ] EvalTest.IfElseTest
[       OK ] EvalTest.IfElseTest (0 ms)
[----------] 1 test from EvalTest (1 ms total)

[----------] Global test environment tear-down
[==========] 1 test from 1 test suite ran. (1 ms total)
[  PASSED  ] 1 test.
<end of output>
Test time =   0.00 sec
----------------------------------------------------------
Test Passed.
"EvalTest.IfElseTest" end time: May 30 17:47 EEST
"EvalTest.IfElseTest" time elapsed: 00:00:00
----------------------------------------------------------

32/52 Testing: EvalTest.ReturnTest
32/52 Test: EvalTest.ReturnTest
Command: "/home/eemil/dev/c++/lups/build/lups_test" "--gtest_filter=EvalTest.ReturnTest" "--gtest_also_run_disabled_tests"
Directory: /home/eemil/dev/c++/lups/build
"EvalTest.ReturnTest" start time: May 30 17:47 EEST
Output:
----------------------------------------------------------
Running main() from /home/eemil/dev/c++/lups/build/_deps/googletest-src/googletest/src/gtest_main.cc
Note: Google Test filter = EvalTest.ReturnTest
[==========] Running 1 test from 1 test suite.
[----------] Global test environment set-up.
[----------] 1 test from EvalTest
[ RUN      ] EvalTest.ReturnTest
[       OK ] EvalTest.ReturnTest (1 ms)
[----------] 1 test from EvalTest (1 ms total)

[----------] Global test environment tear-down
[==========] 1 test from 1 test suite ran. (1 ms total)
[  PASSED  ] 1 test.
<end of output>
Test time =   0.00 sec
----------------------------------------------------------
Test Passed.
"EvalTest.ReturnTest" end time: May 30 17:47 EEST
"EvalTest.ReturnTest" time elapsed: 00:00:00
----------------------------------------------------------

33/52 Testing: EvalTest.ReturnComplex
33/52 Test: EvalTest.ReturnComplex
Command: "/home/eemil/dev/c++/lups/build/lups_test" "--gtest_filter=EvalTest.ReturnComplex" "--gtest_also_run_disabled_tests"
Directory: /home/eemil/dev/c++/lups/build
"EvalTest.ReturnComplex" start time: May 30 17:47 EEST
Output:
----------------------------------------------------------
Running main() from /home/eemil/dev/c++/lups/build/_deps/googletest-src/googletest/src/gtest_main.cc
Note: Google Test filter = EvalTest.ReturnComplex
[==========] Running 1 test from 1 test suite.
[----------] Global test environment set-up.
[----------] 1 test from EvalTest
[ RUN      ] EvalTest.ReturnComplex
[       OK ] EvalTest.ReturnComplex (0 ms)
[----------] 1 test from EvalTest (0 ms total)

[----------] Global test environment tear-down
[==========] 1 test from 1 test suite ran. (0 ms total)
[  PASSED  ] 1 test.
<end of output>
Test time =   0.00 sec
----------------------------------------------------------
Test Passed.
"EvalTest.ReturnComplex" end time: May 30 17:47 EEST
"EvalTest.ReturnComplex" time elapsed: 00:00:00
----------------------------------------------------------

34/52 Testing: EvalTest.ErrorHandling
34/52 Test: EvalTest.ErrorHandling
Command: "/home/eemil/dev/c++/lups/build/lups_test" "--gtest_filter=EvalTest.ErrorHandling" "--gtest_also_run_disabled_tests"
Directory: /home/eemil/dev/c++/lups/build
"EvalTest.ErrorHandling" start time: May 30 17:47 EEST
Output:
----------------------------------------------------------
Running main() from /home/eemil/dev/c++/lups/build/_deps/googletest-src/googletest/src/gtest_main.cc
Note: Google Test filter = EvalTest.ErrorHandling
[==========] Running 1 test from 1 test suite.
[----------] Global test environment set-up.
[----------] 1 test from EvalTest
[ RUN      ] EvalTest.ErrorHandling
[       OK ] EvalTest.ErrorHandling (0 ms)
[----------] 1 test from EvalTest (0 ms total)

[----------] Global test environment tear-down
[==========] 1 test from 1 test suite ran. (0 ms total)
[  PASSED  ] 1 test.
<end of output>
Test time =   0.00 sec
----------------------------------------------------------
Test Passed.
"EvalTest.ErrorHandling" end time: May 30 17:47 EEST
"EvalTest.ErrorHandling" time elapsed: 00:00:00
----------------------------------------------------------

35/52 Testing: EvalTest.LetStatements
35/52 Test: EvalTest.LetStatements
Command: "/home/eemil/dev/c++/lups/build/lups_test" "--gtest_filter=EvalTest.LetStatements" "--gtest_also_run_disabled_tests"
Directory: /home/eemil/dev/c++/lups/build
"EvalTest.LetStatements" start time: May 30 17:47 EEST
Output:
----------------------------------------------------------
Running main() from /home/eemil/dev/c++/lups/build/_deps/googletest-src/googletest/src/gtest_main.cc
Note: Google Test filter = EvalTest.LetStatements
[==========] Running 1 test from 1 test suite.
[----------] Global test environment set-up.
[----------] 1 test from EvalTest
[ RUN      ] EvalTest.LetStatements
[       OK ] EvalTest.LetStatements (0 ms)
[----------] 1 test from EvalTest (0 ms total)

[----------] Global test environment tear-down
[==========] 1 test from 1 test suite ran. (0 ms total)
[  PASSED  ] 1 test.
<end of output>
Test time =   0.00 sec
----------------------------------------------------------
Test Passed.
"EvalTest.LetStatements" end time: May 30 17:47 EEST
"EvalTest.LetStatements" time elapsed: 00:00:00
----------------------------------------------------------

36/52 Testing: EvalTest.FunctionObject
36/52 Test: EvalTest.FunctionObject
Command: "/home/eemil/dev/c++/lups/build/lups_test" "--gtest_filter=EvalTest.FunctionObject" "--gtest_also_run_disabled_tests"
Directory: /home/eemil/dev/c++/lups/build
"EvalTest.FunctionObject" start time: May 30 17:47 EEST
Output:
----------------------------------------------------------
Running main() from /home/eemil/dev/c++/lups/build/_deps/googletest-src/googletest/src/gtest_main.cc
Note: Google Test filter = EvalTest.FunctionObject
[==========] Running 1 test from 1 test suite.
[----------] Global test environment set-up.
[----------] 1 test from EvalTest
[ RUN      ] EvalTest.FunctionObject
[       OK ] EvalTest.FunctionObject (0 ms)
[----------] 1 test from EvalTest (0 ms total)

[----------] Global test environment tear-down
[==========] 1 test from 1 test suite ran. (0 ms total)
[  PASSED  ] 1 test.
<end of output>
Test time =   0.00 sec
----------------------------------------------------------
Test Passed.
"EvalTest.FunctionObject" end time: May 30 17:47 EEST
"EvalTest.FunctionObject" time elapsed: 00:00:00
----------------------------------------------------------

37/52 Testing: EvalTest.FunctionUsage
37/52 Test: EvalTest.FunctionUsage
Command: "/home/eemil/dev/c++/lups/build/lups_test" "--gtest_filter=EvalTest.FunctionUsage" "--gtest_also_run_disabled_tests"
Directory: /home/eemil/dev/c++/lups/build
"EvalTest.FunctionUsage" start time: May 30 17:47 EEST
Output:
----------------------------------------------------------
Running main() from /home/eemil/dev/c++/lups/build/_deps/googletest-src/googletest/src/gtest_main.cc
Note: Google Test filter = EvalTest.FunctionUsage
[==========] Running 1 test from 1 test suite.
[----------] Global test environment set-up.
[----------] 1 test from EvalTest
[ RUN      ] EvalTest.FunctionUsage
[       OK ] EvalTest.FunctionUsage (0 ms)
[----------] 1 test from EvalTest (0 ms total)

[----------] Global test environment tear-down
[==========] 1 test from 1 test suite ran. (0 ms total)
[  PASSED  ] 1 test.
<end of output>
Test time =   0.00 sec
----------------------------------------------------------
Test Passed.
"EvalTest.FunctionUsage" end time: May 30 17:47 EEST
"EvalTest.FunctionUsage" time elapsed: 00:00:00
----------------------------------------------------------

38/52 Testing: EvalTest.StringLiteralTest
38/52 Test: EvalTest.StringLiteralTest
Command: "/home/eemil/dev/c++/lups/build/lups_test" "--gtest_filter=EvalTest.StringLiteralTest" "--gtest_also_run_disabled_tests"
Directory: /home/eemil/dev/c++/lups/build
"EvalTest.StringLiteralTest" start time: May 30 17:47 EEST
Output:
----------------------------------------------------------
Running main() from /home/eemil/dev/c++/lups/build/_deps/googletest-src/googletest/src/gtest_main.cc
Note: Google Test filter = EvalTest.StringLiteralTest
[==========] Running 1 test from 1 test suite.
[----------] Global test environment set-up.
[----------] 1 test from EvalTest
[ RUN      ] EvalTest.StringLiteralTest
[       OK ] EvalTest.StringLiteralTest (0 ms)
[----------] 1 test from EvalTest (0 ms total)

[----------] Global test environment tear-down
[==========] 1 test from 1 test suite ran. (0 ms total)
[  PASSED  ] 1 test.
<end of output>
Test time =   0.00 sec
----------------------------------------------------------
Test Passed.
"EvalTest.StringLiteralTest" end time: May 30 17:47 EEST
"EvalTest.StringLiteralTest" time elapsed: 00:00:00
----------------------------------------------------------

39/52 Testing: EvalTest.BuiltInFunction
39/52 Test: EvalTest.BuiltInFunction
Command: "/home/eemil/dev/c++/lups/build/lups_test" "--gtest_filter=EvalTest.BuiltInFunction" "--gtest_also_run_disabled_tests"
Directory: /home/eemil/dev/c++/lups/build
"EvalTest.BuiltInFunction" start time: May 30 17:47 EEST
Output:
----------------------------------------------------------
Running main() from /home/eemil/dev/c++/lups/build/_deps/googletest-src/googletest/src/gtest_main.cc
Note: Google Test filter = EvalTest.BuiltInFunction
[==========] Running 1 test from 1 test suite.
[----------] Global test environment set-up.
[----------] 1 test from EvalTest
[ RUN      ] EvalTest.BuiltInFunction
[       OK ] EvalTest.BuiltInFunction (0 ms)
[----------] 1 test from EvalTest (0 ms total)

[----------] Global test environment tear-down
[==========] 1 test from 1 test suite ran. (0 ms total)
[  PASSED  ] 1 test.
<end of output>
Test time =   0.00 sec
----------------------------------------------------------
Test Passed.
"EvalTest.BuiltInFunction" end time: May 30 17:47 EEST
"EvalTest.BuiltInFunction" time elapsed: 00:00:00
----------------------------------------------------------

40/52 Testing: EvalTest.ArrayLiteralEvaluation
40/52 Test: EvalTest.ArrayLiteralEvaluation
Command: "/home/eemil/dev/c++/lups/build/lups_test" "--gtest_filter=EvalTest.ArrayLiteralEvaluation" "--gtest_also_run_disabled_tests"
Directory: /home/eemil/dev/c++/lups/build
"EvalTest.ArrayLiteralEvaluation" start time: May 30 17:47 EEST
Output:
----------------------------------------------------------
Running main() from /home/eemil/dev/c++/lups/build/_deps/googletest-src/googletest/src/gtest_main.cc
Note: Google Test filter = EvalTest.ArrayLiteralEvaluation
[==========] Running 1 test from 1 test suite.
[----------] Global test environment set-up.
[----------] 1 test from EvalTest
[ RUN      ] EvalTest.ArrayLiteralEvaluation
[       OK ] EvalTest.ArrayLiteralEvaluation (0 ms)
[----------] 1 test from EvalTest (0 ms total)

[----------] Global test environment tear-down
[==========] 1 test from 1 test suite ran. (0 ms total)
[  PASSED  ] 1 test.
<end of output>
Test time =   0.00 sec
----------------------------------------------------------
Test Passed.
"EvalTest.ArrayLiteralEvaluation" end time: May 30 17:47 EEST
"EvalTest.ArrayLiteralEvaluation" time elapsed: 00:00:00
----------------------------------------------------------

41/52 Testing: EvalTest.ArrayIndexExpressions
41/52 Test: EvalTest.ArrayIndexExpressions
Command: "/home/eemil/dev/c++/lups/build/lups_test" "--gtest_filter=EvalTest.ArrayIndexExpressions" "--gtest_also_run_disabled_tests"
Directory: /home/eemil/dev/c++/lups/build
"EvalTest.ArrayIndexExpressions" start time: May 30 17:47 EEST
Output:
----------------------------------------------------------
Running main() from /home/eemil/dev/c++/lups/build/_deps/googletest-src/googletest/src/gtest_main.cc
Note: Google Test filter = EvalTest.ArrayIndexExpressions
[==========] Running 1 test from 1 test suite.
[----------] Global test environment set-up.
[----------] 1 test from EvalTest
[ RUN      ] EvalTest.ArrayIndexExpressions
[       OK ] EvalTest.ArrayIndexExpressions (0 ms)
[----------] 1 test from EvalTest (0 ms total)

[----------] Global test environment tear-down
[==========] 1 test from 1 test suite ran. (0 ms total)
[  PASSED  ] 1 test.
<end of output>
Test time =   0.00 sec
----------------------------------------------------------
Test Passed.
"EvalTest.ArrayIndexExpressions" end time: May 30 17:47 EEST
"EvalTest.ArrayIndexExpressions" time elapsed: 00:00:00
----------------------------------------------------------

42/52 Testing: EvalTest.HashEvaluationTest
42/52 Test: EvalTest.HashEvaluationTest
Command: "/home/eemil/dev/c++/lups/build/lups_test" "--gtest_filter=EvalTest.HashEvaluationTest" "--gtest_also_run_disabled_tests"
Directory: /home/eemil/dev/c++/lups/build
"EvalTest.HashEvaluationTest" start time: May 30 17:47 EEST
Output:
----------------------------------------------------------
Running main() from /home/eemil/dev/c++/lups/build/_deps/googletest-src/googletest/src/gtest_main.cc
Note: Google Test filter = EvalTest.HashEvaluationTest
[==========] Running 1 test from 1 test suite.
[----------] Global test environment set-up.
[----------] 1 test from EvalTest
[ RUN      ] EvalTest.HashEvaluationTest
[       OK ] EvalTest.HashEvaluationTest (0 ms)
[----------] 1 test from EvalTest (0 ms total)

[----------] Global test environment tear-down
[==========] 1 test from 1 test suite ran. (0 ms total)
[  PASSED  ] 1 test.
<end of output>
Test time =   0.00 sec
----------------------------------------------------------
Test Passed.
"EvalTest.HashEvaluationTest" end time: May 30 17:47 EEST
"EvalTest.HashEvaluationTest" time elapsed: 00:00:00
----------------------------------------------------------

43/52 Testing: EvalTest.HashIndexExpressions
43/52 Test: EvalTest.HashIndexExpressions
Command: "/home/eemil/dev/c++/lups/build/lups_test" "--gtest_filter=EvalTest.HashIndexExpressions" "--gtest_also_run_disabled_tests"
Directory: /home/eemil/dev/c++/lups/build
"EvalTest.HashIndexExpressions" start time: May 30 17:47 EEST
Output:
----------------------------------------------------------
Running main() from /home/eemil/dev/c++/lups/build/_deps/googletest-src/googletest/src/gtest_main.cc
Note: Google Test filter = EvalTest.HashIndexExpressions
[==========] Running 1 test from 1 test suite.
[----------] Global test environment set-up.
[----------] 1 test from EvalTest
[ RUN      ] EvalTest.HashIndexExpressions
[       OK ] EvalTest.HashIndexExpressions (0 ms)
[----------] 1 test from EvalTest (0 ms total)

[----------] Global test environment tear-down
[==========] 1 test from 1 test suite ran. (0 ms total)
[  PASSED  ] 1 test.
<end of output>
Test time =   0.00 sec
----------------------------------------------------------
Test Passed.
"EvalTest.HashIndexExpressions" end time: May 30 17:47 EEST
"EvalTest.HashIndexExpressions" time elapsed: 00:00:00
----------------------------------------------------------

44/52 Testing: ObjectTest.HashKeyTest
44/52 Test: ObjectTest.HashKeyTest
Command: "/home/eemil/dev/c++/lups/build/lups_test" "--gtest_filter=ObjectTest.HashKeyTest" "--gtest_also_run_disabled_tests"
Directory: /home/eemil/dev/c++/lups/build
"ObjectTest.HashKeyTest" start time: May 30 17:47 EEST
Output:
----------------------------------------------------------
Running main() from /home/eemil/dev/c++/lups/build/_deps/googletest-src/googletest/src/gtest_main.cc
Note: Google Test filter = ObjectTest.HashKeyTest
[==========] Running 1 test from 1 test suite.
[----------] Global test environment set-up.
[----------] 1 test from ObjectTest
[ RUN      ] ObjectTest.HashKeyTest
[       OK ] ObjectTest.HashKeyTest (0 ms)
[----------] 1 test from ObjectTest (0 ms total)

[----------] Global test environment tear-down
[==========] 1 test from 1 test suite ran. (0 ms total)
[  PASSED  ] 1 test.
<end of output>
Test time =   0.00 sec
----------------------------------------------------------
Test Passed.
"ObjectTest.HashKeyTest" end time: May 30 17:47 EEST
"ObjectTest.HashKeyTest" time elapsed: 00:00:00
----------------------------------------------------------

45/52 Testing: CodeTest.Make
45/52 Test: CodeTest.Make
Command: "/home/eemil/dev/c++/lups/build/lups_test" "--gtest_filter=CodeTest.Make" "--gtest_also_run_disabled_tests"
Directory: /home/eemil/dev/c++/lups/build
"CodeTest.Make" start time: May 30 17:47 EEST
Output:
----------------------------------------------------------
Running main() from /home/eemil/dev/c++/lups/build/_deps/googletest-src/googletest/src/gtest_main.cc
Note: Google Test filter = CodeTest.Make
[==========] Running 1 test from 1 test suite.
[----------] Global test environment set-up.
[----------] 1 test from CodeTest
[ RUN      ] CodeTest.Make
[       OK ] CodeTest.Make (0 ms)
[----------] 1 test from CodeTest (0 ms total)

[----------] Global test environment tear-down
[==========] 1 test from 1 test suite ran. (0 ms total)
[  PASSED  ] 1 test.
<end of output>
Test time =   0.00 sec
----------------------------------------------------------
Test Passed.
"CodeTest.Make" end time: May 30 17:47 EEST
"CodeTest.Make" time elapsed: 00:00:00
----------------------------------------------------------

46/52 Testing: CodeTest.InstructionString
46/52 Test: CodeTest.InstructionString
Command: "/home/eemil/dev/c++/lups/build/lups_test" "--gtest_filter=CodeTest.InstructionString" "--gtest_also_run_disabled_tests"
Directory: /home/eemil/dev/c++/lups/build
"CodeTest.InstructionString" start time: May 30 17:47 EEST
Output:
----------------------------------------------------------
Running main() from /home/eemil/dev/c++/lups/build/_deps/googletest-src/googletest/src/gtest_main.cc
Note: Google Test filter = CodeTest.InstructionString
[==========] Running 1 test from 1 test suite.
[----------] Global test environment set-up.
[----------] 1 test from CodeTest
[ RUN      ] CodeTest.InstructionString
[       OK ] CodeTest.InstructionString (0 ms)
[----------] 1 test from CodeTest (0 ms total)

[----------] Global test environment tear-down
[==========] 1 test from 1 test suite ran. (0 ms total)
[  PASSED  ] 1 test.
<end of output>
Test time =   0.00 sec
----------------------------------------------------------
Test Passed.
"CodeTest.InstructionString" end time: May 30 17:47 EEST
"CodeTest.InstructionString" time elapsed: 00:00:00
----------------------------------------------------------

47/52 Testing: CodeTest.ReadOperands
47/52 Test: CodeTest.ReadOperands
Command: "/home/eemil/dev/c++/lups/build/lups_test" "--gtest_filter=CodeTest.ReadOperands" "--gtest_also_run_disabled_tests"
Directory: /home/eemil/dev/c++/lups/build
"CodeTest.ReadOperands" start time: May 30 17:47 EEST
Output:
----------------------------------------------------------
Running main() from /home/eemil/dev/c++/lups/build/_deps/googletest-src/googletest/src/gtest_main.cc
Note: Google Test filter = CodeTest.ReadOperands
[==========] Running 1 test from 1 test suite.
[----------] Global test environment set-up.
[----------] 1 test from CodeTest
[ RUN      ] CodeTest.ReadOperands
[       OK ] CodeTest.ReadOperands (0 ms)
[----------] 1 test from CodeTest (0 ms total)

[----------] Global test environment tear-down
[==========] 1 test from 1 test suite ran. (0 ms total)
[  PASSED  ] 1 test.
<end of output>
Test time =   0.00 sec
----------------------------------------------------------
Test Passed.
"CodeTest.ReadOperands" end time: May 30 17:47 EEST
"CodeTest.ReadOperands" time elapsed: 00:00:00
----------------------------------------------------------

48/52 Testing: CompilerTest.IntegerArithmetic
48/52 Test: CompilerTest.IntegerArithmetic
Command: "/home/eemil/dev/c++/lups/build/lups_test" "--gtest_filter=CompilerTest.IntegerArithmetic" "--gtest_also_run_disabled_tests"
Directory: /home/eemil/dev/c++/lups/build
"CompilerTest.IntegerArithmetic" start time: May 30 17:47 EEST
Output:
----------------------------------------------------------
Running main() from /home/eemil/dev/c++/lups/build/_deps/googletest-src/googletest/src/gtest_main.cc
Note: Google Test filter = CompilerTest.IntegerArithmetic
[==========] Running 1 test from 1 test suite.
[----------] Global test environment set-up.
[----------] 1 test from CompilerTest
[ RUN      ] CompilerTest.IntegerArithmetic
0000 OpConstant 0
0003 OpConstant 1
0006 OpAdd
0007 OpPop

0000 OpConstant 0
0003 OpConstant 1
0006 OpAdd
0007 OpPop

0000 OpConstant 0
0003 OpPop
0004 OpConstant 1
0007 OpPop

0000 OpConstant 0
0003 OpPop
0004 OpConstant 1
0007 OpPop

0000 OpConstant 0
0003 OpConstant 1
0006 OpMul
0007 OpPop

0000 OpConstant 0
0003 OpConstant 1
0006 OpMul
0007 OpPop

0000 OpConstant 0
0003 OpConstant 1
0006 OpSub
0007 OpPop

0000 OpConstant 0
0003 OpConstant 1
0006 OpSub
0007 OpPop

0000 OpConstant 0
0003 OpConstant 1
0006 OpDiv
0007 OpPop

0000 OpConstant 0
0003 OpConstant 1
0006 OpDiv
0007 OpPop

0000 OpConstant 0
0003 OpMinus
0004 OpPop

0000 OpConstant 0
0003 OpMinus
0004 OpPop

[       OK ] CompilerTest.IntegerArithmetic (0 ms)
[----------] 1 test from CompilerTest (0 ms total)

[----------] Global test environment tear-down
[==========] 1 test from 1 test suite ran. (0 ms total)
[  PASSED  ] 1 test.
<end of output>
Test time =   0.00 sec
----------------------------------------------------------
Test Passed.
"CompilerTest.IntegerArithmetic" end time: May 30 17:47 EEST
"CompilerTest.IntegerArithmetic" time elapsed: 00:00:00
----------------------------------------------------------

49/52 Testing: CompilerTest.ConditionalTest
49/52 Test: CompilerTest.ConditionalTest
Command: "/home/eemil/dev/c++/lups/build/lups_test" "--gtest_filter=CompilerTest.ConditionalTest" "--gtest_also_run_disabled_tests"
Directory: /home/eemil/dev/c++/lups/build
"CompilerTest.ConditionalTest" start time: May 30 17:47 EEST
Output:
----------------------------------------------------------
Running main() from /home/eemil/dev/c++/lups/build/_deps/googletest-src/googletest/src/gtest_main.cc
Note: Google Test filter = CompilerTest.ConditionalTest
[==========] Running 1 test from 1 test suite.
[----------] Global test environment set-up.
[----------] 1 test from CompilerTest
[ RUN      ] CompilerTest.ConditionalTest
0000 OpTrue
0001 OpJumpNotTruthy 10
0004 OpConstant 0
0007 OpJump 13
0010 OpConstant 1
0013 OpPop
0014 OpConstant 2
0017 OpPop

0000 OpTrue
0001 OpJumpNotTruthy 10
0004 OpConstant 0
0007 OpJump 13
0010 OpConstant 1
0013 OpPop
0014 OpConstant 2
0017 OpPop

[       OK ] CompilerTest.ConditionalTest (0 ms)
[----------] 1 test from CompilerTest (0 ms total)

[----------] Global test environment tear-down
[==========] 1 test from 1 test suite ran. (0 ms total)
[  PASSED  ] 1 test.
<end of output>
Test time =   0.00 sec
----------------------------------------------------------
Test Passed.
"CompilerTest.ConditionalTest" end time: May 30 17:47 EEST
"CompilerTest.ConditionalTest" time elapsed: 00:00:00
----------------------------------------------------------

50/52 Testing: CompilerTest.BooleanExpressions
50/52 Test: CompilerTest.BooleanExpressions
Command: "/home/eemil/dev/c++/lups/build/lups_test" "--gtest_filter=CompilerTest.BooleanExpressions" "--gtest_also_run_disabled_tests"
Directory: /home/eemil/dev/c++/lups/build
"CompilerTest.BooleanExpressions" start time: May 30 17:47 EEST
Output:
----------------------------------------------------------
Running main() from /home/eemil/dev/c++/lups/build/_deps/googletest-src/googletest/src/gtest_main.cc
Note: Google Test filter = CompilerTest.BooleanExpressions
[==========] Running 1 test from 1 test suite.
[----------] Global test environment set-up.
[----------] 1 test from CompilerTest
[ RUN      ] CompilerTest.BooleanExpressions
0000 OpTrue
0001 OpPop

0000 OpTrue
0001 OpPop

0000 OpFalse
0001 OpPop

0000 OpFalse
0001 OpPop

0000 OpConstant 0
0003 OpConstant 1
0006 OpGreaterThan
0007 OpPop

0000 OpConstant 0
0003 OpConstant 1
0006 OpGreaterThan
0007 OpPop

0000 OpConstant 0
0003 OpConstant 1
0006 OpGreaterThan
0007 OpPop

0000 OpConstant 0
0003 OpConstant 1
0006 OpGreaterThan
0007 OpPop

0000 OpConstant 0
0003 OpConstant 1
0006 OpEqual
0007 OpPop

0000 OpConstant 0
0003 OpConstant 1
0006 OpEqual
0007 OpPop

0000 OpConstant 0
0003 OpConstant 1
0006 OpNotEqual
0007 OpPop

0000 OpConstant 0
0003 OpConstant 1
0006 OpNotEqual
0007 OpPop

0000 OpTrue
0001 OpFalse
0002 OpEqual
0003 OpPop

0000 OpTrue
0001 OpFalse
0002 OpEqual
0003 OpPop

0000 OpTrue
0001 OpFalse
0002 OpNotEqual
0003 OpPop

0000 OpTrue
0001 OpFalse
0002 OpNotEqual
0003 OpPop

0000 OpTrue
0001 OpBang
0002 OpPop

0000 OpTrue
0001 OpBang
0002 OpPop

[       OK ] CompilerTest.BooleanExpressions (1 ms)
[----------] 1 test from CompilerTest (1 ms total)

[----------] Global test environment tear-down
[==========] 1 test from 1 test suite ran. (1 ms total)
[  PASSED  ] 1 test.
<end of output>
Test time =   0.00 sec
----------------------------------------------------------
Test Passed.
"CompilerTest.BooleanExpressions" end time: May 30 17:47 EEST
"CompilerTest.BooleanExpressions" time elapsed: 00:00:00
----------------------------------------------------------

51/52 Testing: VMTest.VMIntegerArithmetic
51/52 Test: VMTest.VMIntegerArithmetic
Command: "/home/eemil/dev/c++/lups/build/lups_test" "--gtest_filter=VMTest.VMIntegerArithmetic" "--gtest_also_run_disabled_tests"
Directory: /home/eemil/dev/c++/lups/build
"VMTest.VMIntegerArithmetic" start time: May 30 17:47 EEST
Output:
----------------------------------------------------------
Running main() from /home/eemil/dev/c++/lups/build/_deps/googletest-src/googletest/src/gtest_main.cc
Note: Google Test filter = VMTest.VMIntegerArithmetic
[==========] Running 1 test from 1 test suite.
[----------] Global test environment set-up.
[----------] 1 test from VMTest
[ RUN      ] VMTest.VMIntegerArithmetic
[       OK ] VMTest.VMIntegerArithmetic (1 ms)
[----------] 1 test from VMTest (1 ms total)

[----------] Global test environment tear-down
[==========] 1 test from 1 test suite ran. (1 ms total)
[  PASSED  ] 1 test.
<end of output>
Test time =   0.00 sec
----------------------------------------------------------
Test Passed.
"VMTest.VMIntegerArithmetic" end time: May 30 17:47 EEST
"VMTest.VMIntegerArithmetic" time elapsed: 00:00:00
----------------------------------------------------------

52/52 Testing: VmTest.VMBooleanTest
52/52 Test: VmTest.VMBooleanTest
Command: "/home/eemil/dev/c++/lups/build/lups_test" "--gtest_filter=VmTest.VMBooleanTest" "--gtest_also_run_disabled_tests"
Directory: /home/eemil/dev/c++/lups/build
"VmTest.VMBooleanTest" start time: May 30 17:47 EEST
Output:
----------------------------------------------------------
Running main() from /home/eemil/dev/c++/lups/build/_deps/googletest-src/googletest/src/gtest_main.cc
Note: Google Test filter = VmTest.VMBooleanTest
[==========] Running 1 test from 1 test suite.
[----------] Global test environment set-up.
[----------] 1 test from VmTest
[ RUN      ] VmTest.VMBooleanTest
[       OK ] VmTest.VMBooleanTest (1 ms)
[----------] 1 test from VmTest (1 ms total)

[----------] Global test environment tear-down
[==========] 1 test from 1 test suite ran. (1 ms total)
[  PASSED  ] 1 test.
<end of output>
Test time =   0.00 sec
----------------------------------------------------------
Test Passed.
"VmTest.VMBooleanTest" end time: May 30 17:47 EEST
"VmTest.VMBooleanTest" time elapsed: 00:00:00
----------------------------------------------------------

End testing: May 30 17:47 EEST
