Start testing: May 18 17:40 EEST
----------------------------------------------------------
1/15 Testing: LexerTest.TestNextToken
1/15 Test: LexerTest.TestNextToken
Command: "/home/eemil/dev/c++/lups/nodeps/build/lups_test" "--gtest_filter=LexerTest.TestNextToken" "--gtest_also_run_disabled_tests"
Directory: /home/eemil/dev/c++/lups/nodeps/build
"LexerTest.TestNextToken" start time: May 18 17:40 EEST
Output:
----------------------------------------------------------
Running main() from /home/eemil/dev/c++/lups/nodeps/build/_deps/googletest-src/googletest/src/gtest_main.cc
Note: Google Test filter = LexerTest.TestNextToken
[==========] Running 1 test from 1 test suite.
[----------] Global test environment set-up.
[----------] 1 test from LexerTest
[ RUN      ] LexerTest.TestNextToken
[       OK ] LexerTest.TestNextToken (0 ms)
[----------] 1 test from LexerTest (0 ms total)

[----------] Global test environment tear-down
[==========] 1 test from 1 test suite ran. (0 ms total)
[  PASSED  ] 1 test.
<end of output>
Test time =   0.00 sec
----------------------------------------------------------
Test Passed.
"LexerTest.TestNextToken" end time: May 18 17:40 EEST
"LexerTest.TestNextToken" time elapsed: 00:00:00
----------------------------------------------------------

2/15 Testing: LexerTest.IfStatements
2/15 Test: LexerTest.IfStatements
Command: "/home/eemil/dev/c++/lups/nodeps/build/lups_test" "--gtest_filter=LexerTest.IfStatements" "--gtest_also_run_disabled_tests"
Directory: /home/eemil/dev/c++/lups/nodeps/build
"LexerTest.IfStatements" start time: May 18 17:40 EEST
Output:
----------------------------------------------------------
Running main() from /home/eemil/dev/c++/lups/nodeps/build/_deps/googletest-src/googletest/src/gtest_main.cc
Note: Google Test filter = LexerTest.IfStatements
[==========] Running 1 test from 1 test suite.
[----------] Global test environment set-up.
[----------] 1 test from LexerTest
[ RUN      ] LexerTest.IfStatements
[       OK ] LexerTest.IfStatements (0 ms)
[----------] 1 test from LexerTest (0 ms total)

[----------] Global test environment tear-down
[==========] 1 test from 1 test suite ran. (0 ms total)
[  PASSED  ] 1 test.
<end of output>
Test time =   0.00 sec
----------------------------------------------------------
Test Passed.
"LexerTest.IfStatements" end time: May 18 17:40 EEST
"LexerTest.IfStatements" time elapsed: 00:00:00
----------------------------------------------------------

3/15 Testing: LexerTest.Variables
3/15 Test: LexerTest.Variables
Command: "/home/eemil/dev/c++/lups/nodeps/build/lups_test" "--gtest_filter=LexerTest.Variables" "--gtest_also_run_disabled_tests"
Directory: /home/eemil/dev/c++/lups/nodeps/build
"LexerTest.Variables" start time: May 18 17:40 EEST
Output:
----------------------------------------------------------
Running main() from /home/eemil/dev/c++/lups/nodeps/build/_deps/googletest-src/googletest/src/gtest_main.cc
Note: Google Test filter = LexerTest.Variables
[==========] Running 1 test from 1 test suite.
[----------] Global test environment set-up.
[----------] 1 test from LexerTest
[ RUN      ] LexerTest.Variables
[       OK ] LexerTest.Variables (0 ms)
[----------] 1 test from LexerTest (0 ms total)

[----------] Global test environment tear-down
[==========] 1 test from 1 test suite ran. (0 ms total)
[  PASSED  ] 1 test.
<end of output>
Test time =   0.00 sec
----------------------------------------------------------
Test Passed.
"LexerTest.Variables" end time: May 18 17:40 EEST
"LexerTest.Variables" time elapsed: 00:00:00
----------------------------------------------------------

4/15 Testing: LexerTest.FunctionDeclaration
4/15 Test: LexerTest.FunctionDeclaration
Command: "/home/eemil/dev/c++/lups/nodeps/build/lups_test" "--gtest_filter=LexerTest.FunctionDeclaration" "--gtest_also_run_disabled_tests"
Directory: /home/eemil/dev/c++/lups/nodeps/build
"LexerTest.FunctionDeclaration" start time: May 18 17:40 EEST
Output:
----------------------------------------------------------
Running main() from /home/eemil/dev/c++/lups/nodeps/build/_deps/googletest-src/googletest/src/gtest_main.cc
Note: Google Test filter = LexerTest.FunctionDeclaration
[==========] Running 1 test from 1 test suite.
[----------] Global test environment set-up.
[----------] 1 test from LexerTest
[ RUN      ] LexerTest.FunctionDeclaration
[       OK ] LexerTest.FunctionDeclaration (0 ms)
[----------] 1 test from LexerTest (0 ms total)

[----------] Global test environment tear-down
[==========] 1 test from 1 test suite ran. (1 ms total)
[  PASSED  ] 1 test.
<end of output>
Test time =   0.00 sec
----------------------------------------------------------
Test Passed.
"LexerTest.FunctionDeclaration" end time: May 18 17:40 EEST
"LexerTest.FunctionDeclaration" time elapsed: 00:00:00
----------------------------------------------------------

5/15 Testing: LexerTest.EqualNonEqual
5/15 Test: LexerTest.EqualNonEqual
Command: "/home/eemil/dev/c++/lups/nodeps/build/lups_test" "--gtest_filter=LexerTest.EqualNonEqual" "--gtest_also_run_disabled_tests"
Directory: /home/eemil/dev/c++/lups/nodeps/build
"LexerTest.EqualNonEqual" start time: May 18 17:40 EEST
Output:
----------------------------------------------------------
Running main() from /home/eemil/dev/c++/lups/nodeps/build/_deps/googletest-src/googletest/src/gtest_main.cc
Note: Google Test filter = LexerTest.EqualNonEqual
[==========] Running 1 test from 1 test suite.
[----------] Global test environment set-up.
[----------] 1 test from LexerTest
[ RUN      ] LexerTest.EqualNonEqual
[       OK ] LexerTest.EqualNonEqual (0 ms)
[----------] 1 test from LexerTest (0 ms total)

[----------] Global test environment tear-down
[==========] 1 test from 1 test suite ran. (0 ms total)
[  PASSED  ] 1 test.
<end of output>
Test time =   0.00 sec
----------------------------------------------------------
Test Passed.
"LexerTest.EqualNonEqual" end time: May 18 17:40 EEST
"LexerTest.EqualNonEqual" time elapsed: 00:00:00
----------------------------------------------------------

6/15 Testing: ParserTest.LetStatements
6/15 Test: ParserTest.LetStatements
Command: "/home/eemil/dev/c++/lups/nodeps/build/lups_test" "--gtest_filter=ParserTest.LetStatements" "--gtest_also_run_disabled_tests"
Directory: /home/eemil/dev/c++/lups/nodeps/build
"ParserTest.LetStatements" start time: May 18 17:40 EEST
Output:
----------------------------------------------------------
Running main() from /home/eemil/dev/c++/lups/nodeps/build/_deps/googletest-src/googletest/src/gtest_main.cc
Note: Google Test filter = ParserTest.LetStatements
[==========] Running 1 test from 1 test suite.
[----------] Global test environment set-up.
[----------] 1 test from ParserTest
[ RUN      ] ParserTest.LetStatements
[       OK ] ParserTest.LetStatements (0 ms)
[----------] 1 test from ParserTest (0 ms total)

[----------] Global test environment tear-down
[==========] 1 test from 1 test suite ran. (0 ms total)
[  PASSED  ] 1 test.
<end of output>
Test time =   0.00 sec
----------------------------------------------------------
Test Passed.
"ParserTest.LetStatements" end time: May 18 17:40 EEST
"ParserTest.LetStatements" time elapsed: 00:00:00
----------------------------------------------------------

7/15 Testing: ParserTest.ReturnStatements
7/15 Test: ParserTest.ReturnStatements
Command: "/home/eemil/dev/c++/lups/nodeps/build/lups_test" "--gtest_filter=ParserTest.ReturnStatements" "--gtest_also_run_disabled_tests"
Directory: /home/eemil/dev/c++/lups/nodeps/build
"ParserTest.ReturnStatements" start time: May 18 17:40 EEST
Output:
----------------------------------------------------------
Running main() from /home/eemil/dev/c++/lups/nodeps/build/_deps/googletest-src/googletest/src/gtest_main.cc
Note: Google Test filter = ParserTest.ReturnStatements
[==========] Running 1 test from 1 test suite.
[----------] Global test environment set-up.
[----------] 1 test from ParserTest
[ RUN      ] ParserTest.ReturnStatements
[       OK ] ParserTest.ReturnStatements (0 ms)
[----------] 1 test from ParserTest (0 ms total)

[----------] Global test environment tear-down
[==========] 1 test from 1 test suite ran. (0 ms total)
[  PASSED  ] 1 test.
<end of output>
Test time =   0.00 sec
----------------------------------------------------------
Test Passed.
"ParserTest.ReturnStatements" end time: May 18 17:40 EEST
"ParserTest.ReturnStatements" time elapsed: 00:00:00
----------------------------------------------------------

8/15 Testing: ParserTest.IdentifierExpression
8/15 Test: ParserTest.IdentifierExpression
Command: "/home/eemil/dev/c++/lups/nodeps/build/lups_test" "--gtest_filter=ParserTest.IdentifierExpression" "--gtest_also_run_disabled_tests"
Directory: /home/eemil/dev/c++/lups/nodeps/build
"ParserTest.IdentifierExpression" start time: May 18 17:40 EEST
Output:
----------------------------------------------------------
Running main() from /home/eemil/dev/c++/lups/nodeps/build/_deps/googletest-src/googletest/src/gtest_main.cc
Note: Google Test filter = ParserTest.IdentifierExpression
[==========] Running 1 test from 1 test suite.
[----------] Global test environment set-up.
[----------] 1 test from ParserTest
[ RUN      ] ParserTest.IdentifierExpression
[       OK ] ParserTest.IdentifierExpression (0 ms)
[----------] 1 test from ParserTest (0 ms total)

[----------] Global test environment tear-down
[==========] 1 test from 1 test suite ran. (0 ms total)
[  PASSED  ] 1 test.
<end of output>
Test time =   0.00 sec
----------------------------------------------------------
Test Passed.
"ParserTest.IdentifierExpression" end time: May 18 17:40 EEST
"ParserTest.IdentifierExpression" time elapsed: 00:00:00
----------------------------------------------------------

9/15 Testing: ParserTest.IntegerLiteralExpression
9/15 Test: ParserTest.IntegerLiteralExpression
Command: "/home/eemil/dev/c++/lups/nodeps/build/lups_test" "--gtest_filter=ParserTest.IntegerLiteralExpression" "--gtest_also_run_disabled_tests"
Directory: /home/eemil/dev/c++/lups/nodeps/build
"ParserTest.IntegerLiteralExpression" start time: May 18 17:40 EEST
Output:
----------------------------------------------------------
Running main() from /home/eemil/dev/c++/lups/nodeps/build/_deps/googletest-src/googletest/src/gtest_main.cc
Note: Google Test filter = ParserTest.IntegerLiteralExpression
[==========] Running 1 test from 1 test suite.
[----------] Global test environment set-up.
[----------] 1 test from ParserTest
[ RUN      ] ParserTest.IntegerLiteralExpression
[       OK ] ParserTest.IntegerLiteralExpression (0 ms)
[----------] 1 test from ParserTest (0 ms total)

[----------] Global test environment tear-down
[==========] 1 test from 1 test suite ran. (0 ms total)
[  PASSED  ] 1 test.
<end of output>
Test time =   0.00 sec
----------------------------------------------------------
Test Passed.
"ParserTest.IntegerLiteralExpression" end time: May 18 17:40 EEST
"ParserTest.IntegerLiteralExpression" time elapsed: 00:00:00
----------------------------------------------------------

10/15 Testing: ParserTest.PrefixExpressionTest
10/15 Test: ParserTest.PrefixExpressionTest
Command: "/home/eemil/dev/c++/lups/nodeps/build/lups_test" "--gtest_filter=ParserTest.PrefixExpressionTest" "--gtest_also_run_disabled_tests"
Directory: /home/eemil/dev/c++/lups/nodeps/build
"ParserTest.PrefixExpressionTest" start time: May 18 17:40 EEST
Output:
----------------------------------------------------------
Running main() from /home/eemil/dev/c++/lups/nodeps/build/_deps/googletest-src/googletest/src/gtest_main.cc
Note: Google Test filter = ParserTest.PrefixExpressionTest
[==========] Running 1 test from 1 test suite.
[----------] Global test environment set-up.
[----------] 1 test from ParserTest
[ RUN      ] ParserTest.PrefixExpressionTest
[       OK ] ParserTest.PrefixExpressionTest (0 ms)
[----------] 1 test from ParserTest (0 ms total)

[----------] Global test environment tear-down
[==========] 1 test from 1 test suite ran. (0 ms total)
[  PASSED  ] 1 test.
<end of output>
Test time =   0.00 sec
----------------------------------------------------------
Test Passed.
"ParserTest.PrefixExpressionTest" end time: May 18 17:40 EEST
"ParserTest.PrefixExpressionTest" time elapsed: 00:00:00
----------------------------------------------------------

11/15 Testing: ParserTest.InfixExpressionTest
11/15 Test: ParserTest.InfixExpressionTest
Command: "/home/eemil/dev/c++/lups/nodeps/build/lups_test" "--gtest_filter=ParserTest.InfixExpressionTest" "--gtest_also_run_disabled_tests"
Directory: /home/eemil/dev/c++/lups/nodeps/build
"ParserTest.InfixExpressionTest" start time: May 18 17:40 EEST
Output:
----------------------------------------------------------
Running main() from /home/eemil/dev/c++/lups/nodeps/build/_deps/googletest-src/googletest/src/gtest_main.cc
Note: Google Test filter = ParserTest.InfixExpressionTest
[==========] Running 1 test from 1 test suite.
[----------] Global test environment set-up.
[----------] 1 test from ParserTest
[ RUN      ] ParserTest.InfixExpressionTest
[       OK ] ParserTest.InfixExpressionTest (0 ms)
[----------] 1 test from ParserTest (0 ms total)

[----------] Global test environment tear-down
[==========] 1 test from 1 test suite ran. (0 ms total)
[  PASSED  ] 1 test.
<end of output>
Test time =   0.00 sec
----------------------------------------------------------
Test Passed.
"ParserTest.InfixExpressionTest" end time: May 18 17:40 EEST
"ParserTest.InfixExpressionTest" time elapsed: 00:00:00
----------------------------------------------------------

12/15 Testing: ParserTest.BooleanInfixExpression
12/15 Test: ParserTest.BooleanInfixExpression
Command: "/home/eemil/dev/c++/lups/nodeps/build/lups_test" "--gtest_filter=ParserTest.BooleanInfixExpression" "--gtest_also_run_disabled_tests"
Directory: /home/eemil/dev/c++/lups/nodeps/build
"ParserTest.BooleanInfixExpression" start time: May 18 17:40 EEST
Output:
----------------------------------------------------------
Running main() from /home/eemil/dev/c++/lups/nodeps/build/_deps/googletest-src/googletest/src/gtest_main.cc
Note: Google Test filter = ParserTest.BooleanInfixExpression
[==========] Running 1 test from 1 test suite.
[----------] Global test environment set-up.
[----------] 1 test from ParserTest
[ RUN      ] ParserTest.BooleanInfixExpression
[       OK ] ParserTest.BooleanInfixExpression (1 ms)
[----------] 1 test from ParserTest (1 ms total)

[----------] Global test environment tear-down
[==========] 1 test from 1 test suite ran. (1 ms total)
[  PASSED  ] 1 test.
<end of output>
Test time =   0.00 sec
----------------------------------------------------------
Test Passed.
"ParserTest.BooleanInfixExpression" end time: May 18 17:40 EEST
"ParserTest.BooleanInfixExpression" time elapsed: 00:00:00
----------------------------------------------------------

13/15 Testing: ParserTest.OperatorPrecedenceParsing
13/15 Test: ParserTest.OperatorPrecedenceParsing
Command: "/home/eemil/dev/c++/lups/nodeps/build/lups_test" "--gtest_filter=ParserTest.OperatorPrecedenceParsing" "--gtest_also_run_disabled_tests"
Directory: /home/eemil/dev/c++/lups/nodeps/build
"ParserTest.OperatorPrecedenceParsing" start time: May 18 17:40 EEST
Output:
----------------------------------------------------------
Running main() from /home/eemil/dev/c++/lups/nodeps/build/_deps/googletest-src/googletest/src/gtest_main.cc
Note: Google Test filter = ParserTest.OperatorPrecedenceParsing
[==========] Running 1 test from 1 test suite.
[----------] Global test environment set-up.
[----------] 1 test from ParserTest
[ RUN      ] ParserTest.OperatorPrecedenceParsing
[       OK ] ParserTest.OperatorPrecedenceParsing (0 ms)
[----------] 1 test from ParserTest (0 ms total)

[----------] Global test environment tear-down
[==========] 1 test from 1 test suite ran. (0 ms total)
[  PASSED  ] 1 test.
<end of output>
Test time =   0.00 sec
----------------------------------------------------------
Test Passed.
"ParserTest.OperatorPrecedenceParsing" end time: May 18 17:40 EEST
"ParserTest.OperatorPrecedenceParsing" time elapsed: 00:00:00
----------------------------------------------------------

14/15 Testing: ParserTest.IfExpressionTest
14/15 Test: ParserTest.IfExpressionTest
Command: "/home/eemil/dev/c++/lups/nodeps/build/lups_test" "--gtest_filter=ParserTest.IfExpressionTest" "--gtest_also_run_disabled_tests"
Directory: /home/eemil/dev/c++/lups/nodeps/build
"ParserTest.IfExpressionTest" start time: May 18 17:40 EEST
Output:
----------------------------------------------------------
Running main() from /home/eemil/dev/c++/lups/nodeps/build/_deps/googletest-src/googletest/src/gtest_main.cc
Note: Google Test filter = ParserTest.IfExpressionTest
[==========] Running 1 test from 1 test suite.
[----------] Global test environment set-up.
[----------] 1 test from ParserTest
[ RUN      ] ParserTest.IfExpressionTest
/home/eemil/dev/c++/lups/nodeps/tests.cpp:532: Failure
Expected: (ifexp) != (nullptr), actual: NULL vs (nullptr)
[  FAILED  ] ParserTest.IfExpressionTest (0 ms)
[----------] 1 test from ParserTest (0 ms total)

[----------] Global test environment tear-down
[==========] 1 test from 1 test suite ran. (0 ms total)
[  PASSED  ] 0 tests.
[  FAILED  ] 1 test, listed below:
[  FAILED  ] ParserTest.IfExpressionTest

 1 FAILED TEST
<end of output>
Test time =   0.00 sec
----------------------------------------------------------
Test Failed.
"ParserTest.IfExpressionTest" end time: May 18 17:40 EEST
"ParserTest.IfExpressionTest" time elapsed: 00:00:00
----------------------------------------------------------

15/15 Testing: ParsetTest.BooleanPrefixExpressionTest
15/15 Test: ParsetTest.BooleanPrefixExpressionTest
Command: "/home/eemil/dev/c++/lups/nodeps/build/lups_test" "--gtest_filter=ParsetTest.BooleanPrefixExpressionTest" "--gtest_also_run_disabled_tests"
Directory: /home/eemil/dev/c++/lups/nodeps/build
"ParsetTest.BooleanPrefixExpressionTest" start time: May 18 17:40 EEST
Output:
----------------------------------------------------------
Running main() from /home/eemil/dev/c++/lups/nodeps/build/_deps/googletest-src/googletest/src/gtest_main.cc
Note: Google Test filter = ParsetTest.BooleanPrefixExpressionTest
[==========] Running 1 test from 1 test suite.
[----------] Global test environment set-up.
[----------] 1 test from ParsetTest
[ RUN      ] ParsetTest.BooleanPrefixExpressionTest
[       OK ] ParsetTest.BooleanPrefixExpressionTest (0 ms)
[----------] 1 test from ParsetTest (0 ms total)

[----------] Global test environment tear-down
[==========] 1 test from 1 test suite ran. (0 ms total)
[  PASSED  ] 1 test.
<end of output>
Test time =   0.00 sec
----------------------------------------------------------
Test Passed.
"ParsetTest.BooleanPrefixExpressionTest" end time: May 18 17:40 EEST
"ParsetTest.BooleanPrefixExpressionTest" time elapsed: 00:00:00
----------------------------------------------------------

End testing: May 18 17:40 EEST
