Start testing: May 14 23:33 EEST
----------------------------------------------------------
1/1 Testing: LexerTest.TestNextToken
1/1 Test: LexerTest.TestNextToken
Command: "/home/eemil/dev/c++/lups/nodeps/build/lups_test" "--gtest_filter=LexerTest.TestNextToken" "--gtest_also_run_disabled_tests"
Directory: /home/eemil/dev/c++/lups/nodeps/build
"LexerTest.TestNextToken" start time: May 14 23:33 EEST
Output:
----------------------------------------------------------
Running main() from /home/eemil/dev/c++/lups/nodeps/build/_deps/googletest-src/googletest/src/gtest_main.cc
Note: Google Test filter = LexerTest.TestNextToken
[==========] Running 1 test from 1 test suite.
[----------] Global test environment set-up.
[----------] 1 test from LexerTest
[ RUN      ] LexerTest.TestNextToken
<end of output>
Test time =   0.05 sec
----------------------------------------------------------
Test Failed.
"LexerTest.TestNextToken" end time: May 14 23:33 EEST
"LexerTest.TestNextToken" time elapsed: 00:00:00
----------------------------------------------------------

End testing: May 14 23:33 EEST
